{"total": {"lines":{"total":189088,"covered":104083,"skipped":0,"pct":55.04},"statements":{"total":189088,"covered":104083,"skipped":0,"pct":55.04},"functions":{"total":6821,"covered":2534,"skipped":0,"pct":37.14},"branches":{"total":24919,"covered":14799,"skipped":0,"pct":59.38},"branchesTrue":{"total":0,"covered":0,"skipped":0,"pct":100}}
,"/share/u/davidbau/git/mazesofmenace/game/js/allmain.js": {"lines":{"total":2343,"covered":1630,"skipped":0,"pct":69.56},"functions":{"total":107,"covered":61,"skipped":0,"pct":57},"statements":{"total":2343,"covered":1630,"skipped":0,"pct":69.56},"branches":{"total":557,"covered":325,"skipped":0,"pct":58.34}}
,"/share/u/davidbau/git/mazesofmenace/game/js/animation.js": {"lines":{"total":332,"covered":247,"skipped":0,"pct":74.39},"functions":{"total":27,"covered":19,"skipped":0,"pct":70.37},"statements":{"total":332,"covered":247,"skipped":0,"pct":74.39},"branches":{"total":57,"covered":45,"skipped":0,"pct":78.94}}
,"/share/u/davidbau/git/mazesofmenace/game/js/apply.js": {"lines":{"total":1380,"covered":646,"skipped":0,"pct":46.81},"functions":{"total":81,"covered":14,"skipped":0,"pct":17.28},"statements":{"total":1380,"covered":646,"skipped":0,"pct":46.81},"branches":{"total":187,"covered":131,"skipped":0,"pct":70.05}}
,"/share/u/davidbau/git/mazesofmenace/game/js/artifact.js": {"lines":{"total":1704,"covered":433,"skipped":0,"pct":25.41},"functions":{"total":86,"covered":8,"skipped":0,"pct":9.3},"statements":{"total":1704,"covered":433,"skipped":0,"pct":25.41},"branches":{"total":36,"covered":14,"skipped":0,"pct":38.88}}
,"/share/u/davidbau/git/mazesofmenace/game/js/artifacts.js": {"lines":{"total":134,"covered":134,"skipped":0,"pct":100},"functions":{"total":0,"covered":0,"skipped":0,"pct":100},"statements":{"total":134,"covered":134,"skipped":0,"pct":100},"branches":{"total":1,"covered":1,"skipped":0,"pct":100}}
,"/share/u/davidbau/git/mazesofmenace/game/js/attrib.js": {"lines":{"total":1188,"covered":605,"skipped":0,"pct":50.92},"functions":{"total":61,"covered":25,"skipped":0,"pct":40.98},"statements":{"total":1188,"covered":605,"skipped":0,"pct":50.92},"branches":{"total":125,"covered":74,"skipped":0,"pct":59.2}}
,"/share/u/davidbau/git/mazesofmenace/game/js/attrib_exercise.js": {"lines":{"total":205,"covered":127,"skipped":0,"pct":61.95},"functions":{"total":9,"covered":5,"skipped":0,"pct":55.55},"statements":{"total":205,"covered":127,"skipped":0,"pct":61.95},"branches":{"total":48,"covered":26,"skipped":0,"pct":54.16}}
,"/share/u/davidbau/git/mazesofmenace/game/js/ball.js": {"lines":{"total":959,"covered":131,"skipped":0,"pct":13.66},"functions":{"total":26,"covered":0,"skipped":0,"pct":0},"statements":{"total":959,"covered":131,"skipped":0,"pct":13.66},"branches":{"total":1,"covered":1,"skipped":0,"pct":100}}
,"/share/u/davidbau/git/mazesofmenace/game/js/bones.js": {"lines":{"total":384,"covered":157,"skipped":0,"pct":40.88},"functions":{"total":15,"covered":1,"skipped":0,"pct":6.66},"statements":{"total":384,"covered":157,"skipped":0,"pct":40.88},"branches":{"total":9,"covered":7,"skipped":0,"pct":77.77}}
,"/share/u/davidbau/git/mazesofmenace/game/js/botl.js": {"lines":{"total":759,"covered":214,"skipped":0,"pct":28.19},"functions":{"total":40,"covered":3,"skipped":0,"pct":7.5},"statements":{"total":759,"covered":214,"skipped":0,"pct":28.19},"branches":{"total":17,"covered":7,"skipped":0,"pct":41.17}}
,"/share/u/davidbau/git/mazesofmenace/game/js/calendar.js": {"lines":{"total":122,"covered":90,"skipped":0,"pct":73.77},"functions":{"total":11,"covered":5,"skipped":0,"pct":45.45},"statements":{"total":122,"covered":90,"skipped":0,"pct":73.77},"branches":{"total":11,"covered":6,"skipped":0,"pct":54.54}}
,"/share/u/davidbau/git/mazesofmenace/game/js/chargen.js": {"lines":{"total":1257,"covered":103,"skipped":0,"pct":8.19},"functions":{"total":24,"covered":0,"skipped":0,"pct":0},"statements":{"total":1257,"covered":103,"skipped":0,"pct":8.19},"branches":{"total":1,"covered":1,"skipped":0,"pct":100}}
,"/share/u/davidbau/git/mazesofmenace/game/js/cmd.js": {"lines":{"total":1763,"covered":1038,"skipped":0,"pct":58.87},"functions":{"total":76,"covered":15,"skipped":0,"pct":19.73},"statements":{"total":1763,"covered":1038,"skipped":0,"pct":58.87},"branches":{"total":375,"covered":267,"skipped":0,"pct":71.2}}
,"/share/u/davidbau/git/mazesofmenace/game/js/const.js": {"lines":{"total":4280,"covered":4082,"skipped":0,"pct":95.37},"functions":{"total":80,"covered":23,"skipped":0,"pct":28.75},"statements":{"total":4280,"covered":4082,"skipped":0,"pct":95.37},"branches":{"total":43,"covered":38,"skipped":0,"pct":88.37}}
,"/share/u/davidbau/git/mazesofmenace/game/js/dbridge.js": {"lines":{"total":580,"covered":182,"skipped":0,"pct":31.37},"functions":{"total":31,"covered":6,"skipped":0,"pct":19.35},"statements":{"total":580,"covered":182,"skipped":0,"pct":31.37},"branches":{"total":26,"covered":11,"skipped":0,"pct":42.3}}
,"/share/u/davidbau/git/mazesofmenace/game/js/detect.js": {"lines":{"total":1139,"covered":434,"skipped":0,"pct":38.1},"functions":{"total":56,"covered":13,"skipped":0,"pct":23.21},"statements":{"total":1139,"covered":434,"skipped":0,"pct":38.1},"branches":{"total":106,"covered":41,"skipped":0,"pct":38.67}}
,"/share/u/davidbau/git/mazesofmenace/game/js/dig.js": {"lines":{"total":2113,"covered":712,"skipped":0,"pct":33.69},"functions":{"total":47,"covered":14,"skipped":0,"pct":29.78},"statements":{"total":2113,"covered":712,"skipped":0,"pct":33.69},"branches":{"total":146,"covered":52,"skipped":0,"pct":35.61}}
,"/share/u/davidbau/git/mazesofmenace/game/js/display.js": {"lines":{"total":2558,"covered":886,"skipped":0,"pct":34.63},"functions":{"total":114,"covered":30,"skipped":0,"pct":26.31},"statements":{"total":2558,"covered":886,"skipped":0,"pct":34.63},"branches":{"total":264,"covered":167,"skipped":0,"pct":63.25}}
,"/share/u/davidbau/git/mazesofmenace/game/js/display_rng.js": {"lines":{"total":117,"covered":95,"skipped":0,"pct":81.19},"functions":{"total":7,"covered":5,"skipped":0,"pct":71.42},"statements":{"total":117,"covered":95,"skipped":0,"pct":81.19},"branches":{"total":60,"covered":44,"skipped":0,"pct":73.33}}
,"/share/u/davidbau/git/mazesofmenace/game/js/do.js": {"lines":{"total":1979,"covered":1145,"skipped":0,"pct":57.85},"functions":{"total":82,"covered":44,"skipped":0,"pct":53.65},"statements":{"total":1979,"covered":1145,"skipped":0,"pct":57.85},"branches":{"total":449,"covered":241,"skipped":0,"pct":53.67}}
,"/share/u/davidbau/git/mazesofmenace/game/js/do_name.js": {"lines":{"total":1200,"covered":668,"skipped":0,"pct":55.66},"functions":{"total":59,"covered":14,"skipped":0,"pct":23.72},"statements":{"total":1200,"covered":668,"skipped":0,"pct":55.66},"branches":{"total":56,"covered":28,"skipped":0,"pct":50}}
,"/share/u/davidbau/git/mazesofmenace/game/js/do_wear.js": {"lines":{"total":2627,"covered":1035,"skipped":0,"pct":39.39},"functions":{"total":105,"covered":31,"skipped":0,"pct":29.52},"statements":{"total":2627,"covered":1035,"skipped":0,"pct":39.39},"branches":{"total":397,"covered":213,"skipped":0,"pct":53.65}}
,"/share/u/davidbau/git/mazesofmenace/game/js/dog.js": {"lines":{"total":1154,"covered":491,"skipped":0,"pct":42.54},"functions":{"total":31,"covered":12,"skipped":0,"pct":38.7},"statements":{"total":1154,"covered":491,"skipped":0,"pct":42.54},"branches":{"total":225,"covered":143,"skipped":0,"pct":63.55}}
,"/share/u/davidbau/git/mazesofmenace/game/js/dogmove.js": {"lines":{"total":1650,"covered":1364,"skipped":0,"pct":82.66},"functions":{"total":25,"covered":21,"skipped":0,"pct":84},"statements":{"total":1650,"covered":1364,"skipped":0,"pct":82.66},"branches":{"total":692,"covered":468,"skipped":0,"pct":67.63}}
,"/share/u/davidbau/git/mazesofmenace/game/js/dothrow.js": {"lines":{"total":1527,"covered":652,"skipped":0,"pct":42.69},"functions":{"total":62,"covered":23,"skipped":0,"pct":37.09},"statements":{"total":1527,"covered":652,"skipped":0,"pct":42.69},"branches":{"total":268,"covered":127,"skipped":0,"pct":47.38}}
,"/share/u/davidbau/git/mazesofmenace/game/js/dungeon.js": {"lines":{"total":5796,"covered":4408,"skipped":0,"pct":76.05},"functions":{"total":237,"covered":111,"skipped":0,"pct":46.83},"statements":{"total":5796,"covered":4408,"skipped":0,"pct":76.05},"branches":{"total":1575,"covered":1164,"skipped":0,"pct":73.9}}
,"/share/u/davidbau/git/mazesofmenace/game/js/eat.js": {"lines":{"total":2320,"covered":1057,"skipped":0,"pct":45.56},"functions":{"total":90,"covered":22,"skipped":0,"pct":24.44},"statements":{"total":2320,"covered":1057,"skipped":0,"pct":45.56},"branches":{"total":275,"covered":122,"skipped":0,"pct":44.36}}
,"/share/u/davidbau/git/mazesofmenace/game/js/end.js": {"lines":{"total":1155,"covered":569,"skipped":0,"pct":49.26},"functions":{"total":41,"covered":11,"skipped":0,"pct":26.82},"statements":{"total":1155,"covered":569,"skipped":0,"pct":49.26},"branches":{"total":73,"covered":19,"skipped":0,"pct":26.02}}
,"/share/u/davidbau/git/mazesofmenace/game/js/engrave.js": {"lines":{"total":1083,"covered":744,"skipped":0,"pct":68.69},"functions":{"total":42,"covered":23,"skipped":0,"pct":54.76},"statements":{"total":1083,"covered":744,"skipped":0,"pct":68.69},"branches":{"total":271,"covered":133,"skipped":0,"pct":49.07}}
,"/share/u/davidbau/git/mazesofmenace/game/js/engrave_data.js": {"lines":{"total":52,"covered":52,"skipped":0,"pct":100},"functions":{"total":0,"covered":0,"skipped":0,"pct":100},"statements":{"total":52,"covered":52,"skipped":0,"pct":100},"branches":{"total":1,"covered":1,"skipped":0,"pct":100}}
,"/share/u/davidbau/git/mazesofmenace/game/js/epitaph_data.js": {"lines":{"total":401,"covered":401,"skipped":0,"pct":100},"functions":{"total":0,"covered":0,"skipped":0,"pct":100},"statements":{"total":401,"covered":401,"skipped":0,"pct":100},"branches":{"total":1,"covered":1,"skipped":0,"pct":100}}
,"/share/u/davidbau/git/mazesofmenace/game/js/exper.js": {"lines":{"total":303,"covered":166,"skipped":0,"pct":54.78},"functions":{"total":11,"covered":6,"skipped":0,"pct":54.54},"statements":{"total":303,"covered":166,"skipped":0,"pct":54.78},"branches":{"total":48,"covered":16,"skipped":0,"pct":33.33}}
,"/share/u/davidbau/git/mazesofmenace/game/js/explode.js": {"lines":{"total":230,"covered":56,"skipped":0,"pct":24.34},"functions":{"total":9,"covered":0,"skipped":0,"pct":0},"statements":{"total":230,"covered":56,"skipped":0,"pct":24.34},"branches":{"total":1,"covered":1,"skipped":0,"pct":100}}
,"/share/u/davidbau/git/mazesofmenace/game/js/extralev.js": {"lines":{"total":287,"covered":36,"skipped":0,"pct":12.54},"functions":{"total":6,"covered":0,"skipped":0,"pct":0},"statements":{"total":287,"covered":36,"skipped":0,"pct":12.54},"branches":{"total":1,"covered":1,"skipped":0,"pct":100}}
,"/share/u/davidbau/git/mazesofmenace/game/js/fountain.js": {"lines":{"total":865,"covered":249,"skipped":0,"pct":28.78},"functions":{"total":22,"covered":7,"skipped":0,"pct":31.81},"statements":{"total":865,"covered":249,"skipped":0,"pct":28.78},"branches":{"total":88,"covered":36,"skipped":0,"pct":40.9}}
,"/share/u/davidbau/git/mazesofmenace/game/js/game.js": {"lines":{"total":223,"covered":219,"skipped":0,"pct":98.2},"functions":{"total":13,"covered":12,"skipped":0,"pct":92.3},"statements":{"total":223,"covered":219,"skipped":0,"pct":98.2},"branches":{"total":41,"covered":41,"skipped":0,"pct":100}}
,"/share/u/davidbau/git/mazesofmenace/game/js/getpos.js": {"lines":{"total":1084,"covered":591,"skipped":0,"pct":54.52},"functions":{"total":64,"covered":27,"skipped":0,"pct":42.18},"statements":{"total":1084,"covered":591,"skipped":0,"pct":54.52},"branches":{"total":217,"covered":130,"skipped":0,"pct":59.9}}
,"/share/u/davidbau/git/mazesofmenace/game/js/glyphs.js": {"lines":{"total":358,"covered":186,"skipped":0,"pct":51.95},"functions":{"total":17,"covered":0,"skipped":0,"pct":0},"statements":{"total":358,"covered":186,"skipped":0,"pct":51.95},"branches":{"total":1,"covered":1,"skipped":0,"pct":100}}
,"/share/u/davidbau/git/mazesofmenace/game/js/gstate.js": {"lines":{"total":165,"covered":120,"skipped":0,"pct":72.72},"functions":{"total":12,"covered":8,"skipped":0,"pct":66.66},"statements":{"total":165,"covered":120,"skipped":0,"pct":72.72},"branches":{"total":28,"covered":10,"skipped":0,"pct":35.71}}
,"/share/u/davidbau/git/mazesofmenace/game/js/hack.js": {"lines":{"total":3874,"covered":2671,"skipped":0,"pct":68.94},"functions":{"total":147,"covered":94,"skipped":0,"pct":63.94},"statements":{"total":3874,"covered":2671,"skipped":0,"pct":68.94},"branches":{"total":1204,"covered":710,"skipped":0,"pct":58.97}}
,"/share/u/davidbau/git/mazesofmenace/game/js/hacklib.js": {"lines":{"total":818,"covered":446,"skipped":0,"pct":54.52},"functions":{"total":62,"covered":15,"skipped":0,"pct":24.19},"statements":{"total":818,"covered":446,"skipped":0,"pct":54.52},"branches":{"total":70,"covered":57,"skipped":0,"pct":81.42}}
,"/share/u/davidbau/git/mazesofmenace/game/js/headless.js": {"lines":{"total":1378,"covered":912,"skipped":0,"pct":66.18},"functions":{"total":72,"covered":45,"skipped":0,"pct":62.5},"statements":{"total":1378,"covered":912,"skipped":0,"pct":66.18},"branches":{"total":239,"covered":175,"skipped":0,"pct":73.22}}
,"/share/u/davidbau/git/mazesofmenace/game/js/input.js": {"lines":{"total":828,"covered":603,"skipped":0,"pct":72.82},"functions":{"total":60,"covered":40,"skipped":0,"pct":66.66},"statements":{"total":828,"covered":603,"skipped":0,"pct":72.82},"branches":{"total":159,"covered":111,"skipped":0,"pct":69.81}}
,"/share/u/davidbau/git/mazesofmenace/game/js/insight.js": {"lines":{"total":1806,"covered":1070,"skipped":0,"pct":59.24},"functions":{"total":57,"covered":30,"skipped":0,"pct":52.63},"statements":{"total":1806,"covered":1070,"skipped":0,"pct":59.24},"branches":{"total":230,"covered":47,"skipped":0,"pct":20.43}}
,"/share/u/davidbau/git/mazesofmenace/game/js/invent.js": {"lines":{"total":2740,"covered":1185,"skipped":0,"pct":43.24},"functions":{"total":148,"covered":33,"skipped":0,"pct":22.29},"statements":{"total":2740,"covered":1185,"skipped":0,"pct":43.24},"branches":{"total":364,"covered":226,"skipped":0,"pct":62.08}}
,"/share/u/davidbau/git/mazesofmenace/game/js/isaac64.js": {"lines":{"total":189,"covered":175,"skipped":0,"pct":92.59},"functions":{"total":8,"covered":7,"skipped":0,"pct":87.5},"statements":{"total":189,"covered":175,"skipped":0,"pct":92.59},"branches":{"total":23,"covered":20,"skipped":0,"pct":86.95}}
,"/share/u/davidbau/git/mazesofmenace/game/js/keylog.js": {"lines":{"total":128,"covered":62,"skipped":0,"pct":48.43},"functions":{"total":8,"covered":4,"skipped":0,"pct":50},"statements":{"total":128,"covered":62,"skipped":0,"pct":48.43},"branches":{"total":9,"covered":7,"skipped":0,"pct":77.77}}
,"/share/u/davidbau/git/mazesofmenace/game/js/kick.js": {"lines":{"total":221,"covered":150,"skipped":0,"pct":67.87},"functions":{"total":3,"covered":2,"skipped":0,"pct":66.66},"statements":{"total":221,"covered":150,"skipped":0,"pct":67.87},"branches":{"total":60,"covered":41,"skipped":0,"pct":68.33}}
,"/share/u/davidbau/git/mazesofmenace/game/js/light.js": {"lines":{"total":541,"covered":321,"skipped":0,"pct":59.33},"functions":{"total":30,"covered":6,"skipped":0,"pct":20},"statements":{"total":541,"covered":321,"skipped":0,"pct":59.33},"branches":{"total":45,"covered":25,"skipped":0,"pct":55.55}}
,"/share/u/davidbau/git/mazesofmenace/game/js/lock.js": {"lines":{"total":1130,"covered":699,"skipped":0,"pct":61.85},"functions":{"total":29,"covered":21,"skipped":0,"pct":72.41},"statements":{"total":1130,"covered":699,"skipped":0,"pct":61.85},"branches":{"total":242,"covered":111,"skipped":0,"pct":45.86}}
,"/share/u/davidbau/git/mazesofmenace/game/js/makemon.js": {"lines":{"total":2875,"covered":2128,"skipped":0,"pct":74.01},"functions":{"total":98,"covered":71,"skipped":0,"pct":72.44},"statements":{"total":2875,"covered":2128,"skipped":0,"pct":74.01},"branches":{"total":996,"covered":689,"skipped":0,"pct":69.17}}
,"/share/u/davidbau/git/mazesofmenace/game/js/mcastu.js": {"lines":{"total":385,"covered":160,"skipped":0,"pct":41.55},"functions":{"total":14,"covered":6,"skipped":0,"pct":42.85},"statements":{"total":385,"covered":160,"skipped":0,"pct":41.55},"branches":{"total":84,"covered":33,"skipped":0,"pct":39.28}}
,"/share/u/davidbau/git/mazesofmenace/game/js/mhitm.js": {"lines":{"total":937,"covered":622,"skipped":0,"pct":66.38},"functions":{"total":27,"covered":13,"skipped":0,"pct":48.14},"statements":{"total":937,"covered":622,"skipped":0,"pct":66.38},"branches":{"total":282,"covered":171,"skipped":0,"pct":60.63}}
,"/share/u/davidbau/git/mazesofmenace/game/js/mhitu.js": {"lines":{"total":2444,"covered":853,"skipped":0,"pct":34.9},"functions":{"total":86,"covered":25,"skipped":0,"pct":29.06},"statements":{"total":2444,"covered":853,"skipped":0,"pct":34.9},"branches":{"total":333,"covered":174,"skipped":0,"pct":52.25}}
,"/share/u/davidbau/git/mazesofmenace/game/js/minion.js": {"lines":{"total":436,"covered":164,"skipped":0,"pct":37.61},"functions":{"total":14,"covered":2,"skipped":0,"pct":14.28},"statements":{"total":436,"covered":164,"skipped":0,"pct":37.61},"branches":{"total":12,"covered":3,"skipped":0,"pct":25}}
,"/share/u/davidbau/git/mazesofmenace/game/js/mklev.js": {"lines":{"total":1042,"covered":989,"skipped":0,"pct":94.91},"functions":{"total":57,"covered":50,"skipped":0,"pct":87.71},"statements":{"total":1042,"covered":989,"skipped":0,"pct":94.91},"branches":{"total":427,"covered":345,"skipped":0,"pct":80.79}}
,"/share/u/davidbau/git/mazesofmenace/game/js/mkmap.js": {"lines":{"total":440,"covered":315,"skipped":0,"pct":71.59},"functions":{"total":20,"covered":14,"skipped":0,"pct":70},"statements":{"total":440,"covered":315,"skipped":0,"pct":71.59},"branches":{"total":135,"covered":123,"skipped":0,"pct":91.11}}
,"/share/u/davidbau/git/mazesofmenace/game/js/mkmaze.js": {"lines":{"total":1666,"covered":459,"skipped":0,"pct":27.55},"functions":{"total":54,"covered":14,"skipped":0,"pct":25.92},"statements":{"total":1666,"covered":459,"skipped":0,"pct":27.55},"branches":{"total":140,"covered":78,"skipped":0,"pct":55.71}}
,"/share/u/davidbau/git/mazesofmenace/game/js/mkobj.js": {"lines":{"total":2287,"covered":1611,"skipped":0,"pct":70.44},"functions":{"total":130,"covered":53,"skipped":0,"pct":40.76},"statements":{"total":2287,"covered":1611,"skipped":0,"pct":70.44},"branches":{"total":760,"covered":582,"skipped":0,"pct":76.57}}
,"/share/u/davidbau/git/mazesofmenace/game/js/mkroom.js": {"lines":{"total":592,"covered":409,"skipped":0,"pct":69.08},"functions":{"total":34,"covered":24,"skipped":0,"pct":70.58},"statements":{"total":592,"covered":409,"skipped":0,"pct":69.08},"branches":{"total":172,"covered":123,"skipped":0,"pct":71.51}}
,"/share/u/davidbau/git/mazesofmenace/game/js/mon.js": {"lines":{"total":2943,"covered":1464,"skipped":0,"pct":49.74},"functions":{"total":136,"covered":44,"skipped":0,"pct":32.35},"statements":{"total":2943,"covered":1464,"skipped":0,"pct":49.74},"branches":{"total":636,"covered":380,"skipped":0,"pct":59.74}}
,"/share/u/davidbau/git/mazesofmenace/game/js/mondata.js": {"lines":{"total":2179,"covered":1541,"skipped":0,"pct":70.72},"functions":{"total":239,"covered":147,"skipped":0,"pct":61.5},"statements":{"total":2179,"covered":1541,"skipped":0,"pct":70.72},"branches":{"total":437,"covered":285,"skipped":0,"pct":65.21}}
,"/share/u/davidbau/git/mazesofmenace/game/js/monmove.js": {"lines":{"total":2716,"covered":1959,"skipped":0,"pct":72.12},"functions":{"total":89,"covered":56,"skipped":0,"pct":62.92},"statements":{"total":2716,"covered":1959,"skipped":0,"pct":72.12},"branches":{"total":1151,"covered":760,"skipped":0,"pct":66.02}}
,"/share/u/davidbau/git/mazesofmenace/game/js/monsters.js": {"lines":{"total":6667,"covered":6667,"skipped":0,"pct":100},"functions":{"total":2,"covered":2,"skipped":0,"pct":100},"statements":{"total":6667,"covered":6667,"skipped":0,"pct":100},"branches":{"total":10,"covered":8,"skipped":0,"pct":80}}
,"/share/u/davidbau/git/mazesofmenace/game/js/more_keys.js": {"lines":{"total":17,"covered":17,"skipped":0,"pct":100},"functions":{"total":2,"covered":2,"skipped":0,"pct":100},"statements":{"total":17,"covered":17,"skipped":0,"pct":100},"branches":{"total":12,"covered":10,"skipped":0,"pct":83.33}}
,"/share/u/davidbau/git/mazesofmenace/game/js/mthrowu.js": {"lines":{"total":1078,"covered":715,"skipped":0,"pct":66.32},"functions":{"total":42,"covered":28,"skipped":0,"pct":66.66},"statements":{"total":1078,"covered":715,"skipped":0,"pct":66.32},"branches":{"total":330,"covered":155,"skipped":0,"pct":46.96}}
,"/share/u/davidbau/git/mazesofmenace/game/js/muse.js": {"lines":{"total":2495,"covered":836,"skipped":0,"pct":33.5},"functions":{"total":70,"covered":9,"skipped":0,"pct":12.85},"statements":{"total":2495,"covered":836,"skipped":0,"pct":33.5},"branches":{"total":393,"covered":138,"skipped":0,"pct":35.11}}
,"/share/u/davidbau/git/mazesofmenace/game/js/music.js": {"lines":{"total":844,"covered":157,"skipped":0,"pct":18.6},"functions":{"total":14,"covered":0,"skipped":0,"pct":0},"statements":{"total":844,"covered":157,"skipped":0,"pct":18.6},"branches":{"total":1,"covered":1,"skipped":0,"pct":100}}
,"/share/u/davidbau/git/mazesofmenace/game/js/o_init.js": {"lines":{"total":774,"covered":453,"skipped":0,"pct":58.52},"functions":{"total":48,"covered":19,"skipped":0,"pct":39.58},"statements":{"total":774,"covered":453,"skipped":0,"pct":58.52},"branches":{"total":79,"covered":65,"skipped":0,"pct":82.27}}
,"/share/u/davidbau/git/mazesofmenace/game/js/objdata.js": {"lines":{"total":136,"covered":114,"skipped":0,"pct":83.82},"functions":{"total":15,"covered":6,"skipped":0,"pct":40},"statements":{"total":136,"covered":114,"skipped":0,"pct":83.82},"branches":{"total":14,"covered":8,"skipped":0,"pct":57.14}}
,"/share/u/davidbau/git/mazesofmenace/game/js/objects.js": {"lines":{"total":9307,"covered":9305,"skipped":0,"pct":99.97},"functions":{"total":8,"covered":6,"skipped":0,"pct":75},"statements":{"total":9307,"covered":9305,"skipped":0,"pct":99.97},"branches":{"total":21,"covered":21,"skipped":0,"pct":100}}
,"/share/u/davidbau/git/mazesofmenace/game/js/objnam.js": {"lines":{"total":2450,"covered":1347,"skipped":0,"pct":54.97},"functions":{"total":100,"covered":31,"skipped":0,"pct":31},"statements":{"total":2450,"covered":1347,"skipped":0,"pct":54.97},"branches":{"total":439,"covered":263,"skipped":0,"pct":59.9}}
,"/share/u/davidbau/git/mazesofmenace/game/js/options.js": {"lines":{"total":2452,"covered":750,"skipped":0,"pct":30.58},"functions":{"total":107,"covered":1,"skipped":0,"pct":0.93},"statements":{"total":2452,"covered":750,"skipped":0,"pct":30.58},"branches":{"total":5,"covered":5,"skipped":0,"pct":100}}
,"/share/u/davidbau/git/mazesofmenace/game/js/origin_awaits.js": {"lines":{"total":58,"covered":58,"skipped":0,"pct":100},"functions":{"total":4,"covered":4,"skipped":0,"pct":100},"statements":{"total":58,"covered":58,"skipped":0,"pct":100},"branches":{"total":13,"covered":6,"skipped":0,"pct":46.15}}
,"/share/u/davidbau/git/mazesofmenace/game/js/pager.js": {"lines":{"total":1470,"covered":935,"skipped":0,"pct":63.6},"functions":{"total":75,"covered":20,"skipped":0,"pct":26.66},"statements":{"total":1470,"covered":935,"skipped":0,"pct":63.6},"branches":{"total":216,"covered":102,"skipped":0,"pct":47.22}}
,"/share/u/davidbau/git/mazesofmenace/game/js/pickup.js": {"lines":{"total":2538,"covered":1040,"skipped":0,"pct":40.97},"functions":{"total":98,"covered":29,"skipped":0,"pct":29.59},"statements":{"total":2538,"covered":1040,"skipped":0,"pct":40.97},"branches":{"total":306,"covered":135,"skipped":0,"pct":44.11}}
,"/share/u/davidbau/git/mazesofmenace/game/js/player.js": {"lines":{"total":626,"covered":512,"skipped":0,"pct":81.78},"functions":{"total":98,"covered":64,"skipped":0,"pct":65.3},"statements":{"total":626,"covered":512,"skipped":0,"pct":81.78},"branches":{"total":195,"covered":151,"skipped":0,"pct":77.43}}
,"/share/u/davidbau/git/mazesofmenace/game/js/pline.js": {"lines":{"total":297,"covered":205,"skipped":0,"pct":69.02},"functions":{"total":41,"covered":21,"skipped":0,"pct":51.21},"statements":{"total":297,"covered":205,"skipped":0,"pct":69.02},"branches":{"total":54,"covered":38,"skipped":0,"pct":70.37}}
,"/share/u/davidbau/git/mazesofmenace/game/js/polyself.js": {"lines":{"total":2156,"covered":998,"skipped":0,"pct":46.28},"functions":{"total":37,"covered":17,"skipped":0,"pct":45.94},"statements":{"total":2156,"covered":998,"skipped":0,"pct":46.28},"branches":{"total":229,"covered":33,"skipped":0,"pct":14.41}}
,"/share/u/davidbau/git/mazesofmenace/game/js/potion.js": {"lines":{"total":2170,"covered":929,"skipped":0,"pct":42.81},"functions":{"total":79,"covered":38,"skipped":0,"pct":48.1},"statements":{"total":2170,"covered":929,"skipped":0,"pct":42.81},"branches":{"total":271,"covered":120,"skipped":0,"pct":44.28}}
,"/share/u/davidbau/git/mazesofmenace/game/js/pray.js": {"lines":{"total":2560,"covered":954,"skipped":0,"pct":37.26},"functions":{"total":85,"covered":31,"skipped":0,"pct":36.47},"statements":{"total":2560,"covered":954,"skipped":0,"pct":37.26},"branches":{"total":253,"covered":66,"skipped":0,"pct":26.08}}
,"/share/u/davidbau/git/mazesofmenace/game/js/priest.js": {"lines":{"total":815,"covered":370,"skipped":0,"pct":45.39},"functions":{"total":23,"covered":10,"skipped":0,"pct":43.47},"statements":{"total":815,"covered":370,"skipped":0,"pct":45.39},"branches":{"total":88,"covered":22,"skipped":0,"pct":25}}
,"/share/u/davidbau/git/mazesofmenace/game/js/read.js": {"lines":{"total":2175,"covered":517,"skipped":0,"pct":23.77},"functions":{"total":70,"covered":5,"skipped":0,"pct":7.14},"statements":{"total":2175,"covered":517,"skipped":0,"pct":23.77},"branches":{"total":40,"covered":32,"skipped":0,"pct":80}}
,"/share/u/davidbau/git/mazesofmenace/game/js/rect.js": {"lines":{"total":191,"covered":130,"skipped":0,"pct":68.06},"functions":{"total":13,"covered":8,"skipped":0,"pct":61.53},"statements":{"total":191,"covered":130,"skipped":0,"pct":68.06},"branches":{"total":53,"covered":46,"skipped":0,"pct":86.79}}
,"/share/u/davidbau/git/mazesofmenace/game/js/region.js": {"lines":{"total":938,"covered":435,"skipped":0,"pct":46.37},"functions":{"total":47,"covered":19,"skipped":0,"pct":40.42},"statements":{"total":938,"covered":435,"skipped":0,"pct":46.37},"branches":{"total":63,"covered":31,"skipped":0,"pct":49.2}}
,"/share/u/davidbau/git/mazesofmenace/game/js/render.js": {"lines":{"total":525,"covered":455,"skipped":0,"pct":86.66},"functions":{"total":12,"covered":9,"skipped":0,"pct":75},"statements":{"total":525,"covered":455,"skipped":0,"pct":86.66},"branches":{"total":201,"covered":130,"skipped":0,"pct":64.67}}
,"/share/u/davidbau/git/mazesofmenace/game/js/replay_compare.js": {"lines":{"total":662,"covered":273,"skipped":0,"pct":41.23},"functions":{"total":30,"covered":7,"skipped":0,"pct":23.33},"statements":{"total":662,"covered":273,"skipped":0,"pct":41.23},"branches":{"total":71,"covered":29,"skipped":0,"pct":40.84}}
,"/share/u/davidbau/git/mazesofmenace/game/js/replay_core.js": {"lines":{"total":403,"covered":342,"skipped":0,"pct":84.86},"functions":{"total":15,"covered":12,"skipped":0,"pct":80},"statements":{"total":403,"covered":342,"skipped":0,"pct":84.86},"branches":{"total":122,"covered":78,"skipped":0,"pct":63.93}}
,"/share/u/davidbau/git/mazesofmenace/game/js/rng.js": {"lines":{"total":591,"covered":436,"skipped":0,"pct":73.77},"functions":{"total":47,"covered":22,"skipped":0,"pct":46.8},"statements":{"total":591,"covered":436,"skipped":0,"pct":73.77},"branches":{"total":95,"covered":69,"skipped":0,"pct":72.63}}
,"/share/u/davidbau/git/mazesofmenace/game/js/role.js": {"lines":{"total":1657,"covered":766,"skipped":0,"pct":46.22},"functions":{"total":70,"covered":5,"skipped":0,"pct":7.14},"statements":{"total":1657,"covered":766,"skipped":0,"pct":46.22},"branches":{"total":31,"covered":24,"skipped":0,"pct":77.41}}
,"/share/u/davidbau/git/mazesofmenace/game/js/rumor_data.js": {"lines":{"total":777,"covered":777,"skipped":0,"pct":100},"functions":{"total":0,"covered":0,"skipped":0,"pct":100},"statements":{"total":777,"covered":777,"skipped":0,"pct":100},"branches":{"total":1,"covered":1,"skipped":0,"pct":100}}
,"/share/u/davidbau/git/mazesofmenace/game/js/rumors.js": {"lines":{"total":398,"covered":260,"skipped":0,"pct":65.32},"functions":{"total":19,"covered":3,"skipped":0,"pct":15.78},"statements":{"total":398,"covered":260,"skipped":0,"pct":65.32},"branches":{"total":18,"covered":10,"skipped":0,"pct":55.55}}
,"/share/u/davidbau/git/mazesofmenace/game/js/runtime_env.js": {"lines":{"total":33,"covered":27,"skipped":0,"pct":81.81},"functions":{"total":6,"covered":5,"skipped":0,"pct":83.33},"statements":{"total":33,"covered":27,"skipped":0,"pct":81.81},"branches":{"total":12,"covered":8,"skipped":0,"pct":66.66}}
,"/share/u/davidbau/git/mazesofmenace/game/js/save.js": {"lines":{"total":332,"covered":174,"skipped":0,"pct":52.4},"functions":{"total":24,"covered":0,"skipped":0,"pct":0},"statements":{"total":332,"covered":174,"skipped":0,"pct":52.4},"branches":{"total":1,"covered":1,"skipped":0,"pct":100}}
,"/share/u/davidbau/git/mazesofmenace/game/js/shk.js": {"lines":{"total":3418,"covered":898,"skipped":0,"pct":26.27},"functions":{"total":161,"covered":15,"skipped":0,"pct":9.31},"statements":{"total":3418,"covered":898,"skipped":0,"pct":26.27},"branches":{"total":124,"covered":40,"skipped":0,"pct":32.25}}
,"/share/u/davidbau/git/mazesofmenace/game/js/shknam.js": {"lines":{"total":805,"covered":657,"skipped":0,"pct":81.61},"functions":{"total":23,"covered":12,"skipped":0,"pct":52.17},"statements":{"total":805,"covered":657,"skipped":0,"pct":81.61},"branches":{"total":92,"covered":53,"skipped":0,"pct":57.6}}
,"/share/u/davidbau/git/mazesofmenace/game/js/sit.js": {"lines":{"total":631,"covered":200,"skipped":0,"pct":31.69},"functions":{"total":7,"covered":3,"skipped":0,"pct":42.85},"statements":{"total":631,"covered":200,"skipped":0,"pct":31.69},"branches":{"total":62,"covered":17,"skipped":0,"pct":27.41}}
,"/share/u/davidbau/git/mazesofmenace/game/js/sounds.js": {"lines":{"total":1348,"covered":613,"skipped":0,"pct":45.47},"functions":{"total":44,"covered":7,"skipped":0,"pct":15.9},"statements":{"total":1348,"covered":613,"skipped":0,"pct":45.47},"branches":{"total":180,"covered":58,"skipped":0,"pct":32.22}}
,"/share/u/davidbau/git/mazesofmenace/game/js/sp_lev.js": {"lines":{"total":9071,"covered":5976,"skipped":0,"pct":65.88},"functions":{"total":412,"covered":178,"skipped":0,"pct":43.2},"statements":{"total":9071,"covered":5976,"skipped":0,"pct":65.88},"branches":{"total":1844,"covered":1058,"skipped":0,"pct":57.37}}
,"/share/u/davidbau/git/mazesofmenace/game/js/special_levels.js": {"lines":{"total":727,"covered":655,"skipped":0,"pct":90.09},"functions":{"total":13,"covered":5,"skipped":0,"pct":38.46},"statements":{"total":727,"covered":655,"skipped":0,"pct":90.09},"branches":{"total":30,"covered":22,"skipped":0,"pct":73.33}}
,"/share/u/davidbau/git/mazesofmenace/game/js/spell.js": {"lines":{"total":1875,"covered":988,"skipped":0,"pct":52.69},"functions":{"total":67,"covered":28,"skipped":0,"pct":41.79},"statements":{"total":1875,"covered":988,"skipped":0,"pct":52.69},"branches":{"total":318,"covered":141,"skipped":0,"pct":44.33}}
,"/share/u/davidbau/git/mazesofmenace/game/js/stairs.js": {"lines":{"total":237,"covered":131,"skipped":0,"pct":55.27},"functions":{"total":23,"covered":9,"skipped":0,"pct":39.13},"statements":{"total":237,"covered":131,"skipped":0,"pct":55.27},"branches":{"total":39,"covered":25,"skipped":0,"pct":64.1}}
,"/share/u/davidbau/git/mazesofmenace/game/js/steal.js": {"lines":{"total":539,"covered":272,"skipped":0,"pct":50.46},"functions":{"total":20,"covered":10,"skipped":0,"pct":50},"statements":{"total":539,"covered":272,"skipped":0,"pct":50.46},"branches":{"total":75,"covered":32,"skipped":0,"pct":42.66}}
,"/share/u/davidbau/git/mazesofmenace/game/js/steed.js": {"lines":{"total":578,"covered":338,"skipped":0,"pct":58.47},"functions":{"total":17,"covered":10,"skipped":0,"pct":58.82},"statements":{"total":578,"covered":338,"skipped":0,"pct":58.47},"branches":{"total":123,"covered":28,"skipped":0,"pct":22.76}}
,"/share/u/davidbau/git/mazesofmenace/game/js/storage.js": {"lines":{"total":1049,"covered":613,"skipped":0,"pct":58.43},"functions":{"total":53,"covered":23,"skipped":0,"pct":43.39},"statements":{"total":1049,"covered":613,"skipped":0,"pct":58.43},"branches":{"total":101,"covered":62,"skipped":0,"pct":61.38}}
,"/share/u/davidbau/git/mazesofmenace/game/js/symbols.js": {"lines":{"total":893,"covered":868,"skipped":0,"pct":97.2},"functions":{"total":34,"covered":2,"skipped":0,"pct":5.88},"statements":{"total":893,"covered":868,"skipped":0,"pct":97.2},"branches":{"total":3,"covered":3,"skipped":0,"pct":100}}
,"/share/u/davidbau/git/mazesofmenace/game/js/teleport.js": {"lines":{"total":1076,"covered":671,"skipped":0,"pct":62.36},"functions":{"total":40,"covered":21,"skipped":0,"pct":52.5},"statements":{"total":1076,"covered":671,"skipped":0,"pct":62.36},"branches":{"total":192,"covered":76,"skipped":0,"pct":39.58}}
,"/share/u/davidbau/git/mazesofmenace/game/js/temp_glyph.js": {"lines":{"total":359,"covered":185,"skipped":0,"pct":51.53},"functions":{"total":8,"covered":5,"skipped":0,"pct":62.5},"statements":{"total":359,"covered":185,"skipped":0,"pct":51.53},"branches":{"total":24,"covered":9,"skipped":0,"pct":37.5}}
,"/share/u/davidbau/git/mazesofmenace/game/js/timeout.js": {"lines":{"total":1444,"covered":761,"skipped":0,"pct":52.7},"functions":{"total":85,"covered":31,"skipped":0,"pct":36.47},"statements":{"total":1444,"covered":761,"skipped":0,"pct":52.7},"branches":{"total":205,"covered":84,"skipped":0,"pct":40.97}}
,"/share/u/davidbau/git/mazesofmenace/game/js/topten.js": {"lines":{"total":387,"covered":122,"skipped":0,"pct":31.52},"functions":{"total":34,"covered":0,"skipped":0,"pct":0},"statements":{"total":387,"covered":122,"skipped":0,"pct":31.52},"branches":{"total":1,"covered":1,"skipped":0,"pct":100}}
,"/share/u/davidbau/git/mazesofmenace/game/js/track.js": {"lines":{"total":81,"covered":51,"skipped":0,"pct":62.96},"functions":{"total":6,"covered":3,"skipped":0,"pct":50},"statements":{"total":81,"covered":51,"skipped":0,"pct":62.96},"branches":{"total":15,"covered":15,"skipped":0,"pct":100}}
,"/share/u/davidbau/git/mazesofmenace/game/js/trap.js": {"lines":{"total":3187,"covered":1039,"skipped":0,"pct":32.6},"functions":{"total":142,"covered":33,"skipped":0,"pct":23.23},"statements":{"total":3187,"covered":1039,"skipped":0,"pct":32.6},"branches":{"total":306,"covered":155,"skipped":0,"pct":50.65}}
,"/share/u/davidbau/git/mazesofmenace/game/js/u_init.js": {"lines":{"total":1429,"covered":1297,"skipped":0,"pct":90.76},"functions":{"total":40,"covered":28,"skipped":0,"pct":70},"statements":{"total":1429,"covered":1297,"skipped":0,"pct":90.76},"branches":{"total":324,"covered":256,"skipped":0,"pct":79.01}}
,"/share/u/davidbau/git/mazesofmenace/game/js/uhitm.js": {"lines":{"total":2443,"covered":1146,"skipped":0,"pct":46.9},"functions":{"total":120,"covered":19,"skipped":0,"pct":15.83},"statements":{"total":2443,"covered":1146,"skipped":0,"pct":46.9},"branches":{"total":298,"covered":144,"skipped":0,"pct":48.32}}
,"/share/u/davidbau/git/mazesofmenace/game/js/vault.js": {"lines":{"total":1396,"covered":289,"skipped":0,"pct":20.7},"functions":{"total":28,"covered":3,"skipped":0,"pct":10.71},"statements":{"total":1396,"covered":289,"skipped":0,"pct":20.7},"branches":{"total":32,"covered":10,"skipped":0,"pct":31.25}}
,"/share/u/davidbau/git/mazesofmenace/game/js/version.js": {"lines":{"total":2,"covered":2,"skipped":0,"pct":100},"functions":{"total":0,"covered":0,"skipped":0,"pct":100},"statements":{"total":2,"covered":2,"skipped":0,"pct":100},"branches":{"total":1,"covered":1,"skipped":0,"pct":100}}
,"/share/u/davidbau/git/mazesofmenace/game/js/vision.js": {"lines":{"total":1197,"covered":1042,"skipped":0,"pct":87.05},"functions":{"total":40,"covered":34,"skipped":0,"pct":85},"statements":{"total":1197,"covered":1042,"skipped":0,"pct":87.05},"branches":{"total":466,"covered":397,"skipped":0,"pct":85.19}}
,"/share/u/davidbau/git/mazesofmenace/game/js/weapon.js": {"lines":{"total":1042,"covered":815,"skipped":0,"pct":78.21},"functions":{"total":48,"covered":27,"skipped":0,"pct":56.25},"statements":{"total":1042,"covered":815,"skipped":0,"pct":78.21},"branches":{"total":372,"covered":192,"skipped":0,"pct":51.61}}
,"/share/u/davidbau/git/mazesofmenace/game/js/were.js": {"lines":{"total":321,"covered":149,"skipped":0,"pct":46.41},"functions":{"total":10,"covered":4,"skipped":0,"pct":40},"statements":{"total":321,"covered":149,"skipped":0,"pct":46.41},"branches":{"total":40,"covered":19,"skipped":0,"pct":47.5}}
,"/share/u/davidbau/git/mazesofmenace/game/js/wield.js": {"lines":{"total":706,"covered":373,"skipped":0,"pct":52.83},"functions":{"total":33,"covered":20,"skipped":0,"pct":60.6},"statements":{"total":706,"covered":373,"skipped":0,"pct":52.83},"branches":{"total":126,"covered":87,"skipped":0,"pct":69.04}}
,"/share/u/davidbau/git/mazesofmenace/game/js/windows.js": {"lines":{"total":693,"covered":496,"skipped":0,"pct":71.57},"functions":{"total":71,"covered":17,"skipped":0,"pct":23.94},"statements":{"total":693,"covered":496,"skipped":0,"pct":71.57},"branches":{"total":142,"covered":103,"skipped":0,"pct":72.53}}
,"/share/u/davidbau/git/mazesofmenace/game/js/wizard.js": {"lines":{"total":928,"covered":301,"skipped":0,"pct":32.43},"functions":{"total":24,"covered":0,"skipped":0,"pct":0},"statements":{"total":928,"covered":301,"skipped":0,"pct":32.43},"branches":{"total":1,"covered":1,"skipped":0,"pct":100}}
,"/share/u/davidbau/git/mazesofmenace/game/js/wizcmds.js": {"lines":{"total":1111,"covered":517,"skipped":0,"pct":46.53},"functions":{"total":50,"covered":6,"skipped":0,"pct":12},"statements":{"total":1111,"covered":517,"skipped":0,"pct":46.53},"branches":{"total":48,"covered":17,"skipped":0,"pct":35.41}}
,"/share/u/davidbau/git/mazesofmenace/game/js/worm.js": {"lines":{"total":833,"covered":265,"skipped":0,"pct":31.81},"functions":{"total":42,"covered":9,"skipped":0,"pct":21.42},"statements":{"total":833,"covered":265,"skipped":0,"pct":31.81},"branches":{"total":24,"covered":10,"skipped":0,"pct":41.66}}
,"/share/u/davidbau/git/mazesofmenace/game/js/worn.js": {"lines":{"total":888,"covered":480,"skipped":0,"pct":54.05},"functions":{"total":33,"covered":13,"skipped":0,"pct":39.39},"statements":{"total":888,"covered":480,"skipped":0,"pct":54.05},"branches":{"total":201,"covered":132,"skipped":0,"pct":65.67}}
,"/share/u/davidbau/git/mazesofmenace/game/js/xoshiro256.js": {"lines":{"total":176,"covered":79,"skipped":0,"pct":44.88},"functions":{"total":7,"covered":0,"skipped":0,"pct":0},"statements":{"total":176,"covered":79,"skipped":0,"pct":44.88},"branches":{"total":1,"covered":1,"skipped":0,"pct":100}}
,"/share/u/davidbau/git/mazesofmenace/game/js/zap.js": {"lines":{"total":2789,"covered":878,"skipped":0,"pct":31.48},"functions":{"total":108,"covered":18,"skipped":0,"pct":16.66},"statements":{"total":2789,"covered":878,"skipped":0,"pct":31.48},"branches":{"total":192,"covered":70,"skipped":0,"pct":36.45}}
,"/share/u/davidbau/git/mazesofmenace/game/js/levels/Arc-fila.js": {"lines":{"total":71,"covered":8,"skipped":0,"pct":11.26},"functions":{"total":1,"covered":0,"skipped":0,"pct":0},"statements":{"total":71,"covered":8,"skipped":0,"pct":11.26},"branches":{"total":1,"covered":1,"skipped":0,"pct":100}}
,"/share/u/davidbau/git/mazesofmenace/game/js/levels/Arc-filb.js": {"lines":{"total":71,"covered":8,"skipped":0,"pct":11.26},"functions":{"total":1,"covered":0,"skipped":0,"pct":0},"statements":{"total":71,"covered":8,"skipped":0,"pct":11.26},"branches":{"total":1,"covered":1,"skipped":0,"pct":100}}
,"/share/u/davidbau/git/mazesofmenace/game/js/levels/Arc-goal.js": {"lines":{"total":128,"covered":9,"skipped":0,"pct":7.03},"functions":{"total":1,"covered":0,"skipped":0,"pct":0},"statements":{"total":128,"covered":9,"skipped":0,"pct":7.03},"branches":{"total":1,"covered":1,"skipped":0,"pct":100}}
,"/share/u/davidbau/git/mazesofmenace/game/js/levels/Arc-loca.js": {"lines":{"total":162,"covered":10,"skipped":0,"pct":6.17},"functions":{"total":1,"covered":0,"skipped":0,"pct":0},"statements":{"total":162,"covered":10,"skipped":0,"pct":6.17},"branches":{"total":1,"covered":1,"skipped":0,"pct":100}}
,"/share/u/davidbau/git/mazesofmenace/game/js/levels/Arc-strt.js": {"lines":{"total":129,"covered":9,"skipped":0,"pct":6.97},"functions":{"total":1,"covered":0,"skipped":0,"pct":0},"statements":{"total":129,"covered":9,"skipped":0,"pct":6.97},"branches":{"total":1,"covered":1,"skipped":0,"pct":100}}
,"/share/u/davidbau/git/mazesofmenace/game/js/levels/Bar-fila.js": {"lines":{"total":45,"covered":8,"skipped":0,"pct":17.77},"functions":{"total":1,"covered":0,"skipped":0,"pct":0},"statements":{"total":45,"covered":8,"skipped":0,"pct":17.77},"branches":{"total":1,"covered":1,"skipped":0,"pct":100}}
,"/share/u/davidbau/git/mazesofmenace/game/js/levels/Bar-filb.js": {"lines":{"total":56,"covered":8,"skipped":0,"pct":14.28},"functions":{"total":1,"covered":0,"skipped":0,"pct":0},"statements":{"total":56,"covered":8,"skipped":0,"pct":14.28},"branches":{"total":1,"covered":1,"skipped":0,"pct":100}}
,"/share/u/davidbau/git/mazesofmenace/game/js/levels/Bar-goal.js": {"lines":{"total":108,"covered":9,"skipped":0,"pct":8.33},"functions":{"total":1,"covered":0,"skipped":0,"pct":0},"statements":{"total":108,"covered":9,"skipped":0,"pct":8.33},"branches":{"total":1,"covered":1,"skipped":0,"pct":100}}
,"/share/u/davidbau/git/mazesofmenace/game/js/levels/Bar-loca.js": {"lines":{"total":120,"covered":9,"skipped":0,"pct":7.5},"functions":{"total":1,"covered":0,"skipped":0,"pct":0},"statements":{"total":120,"covered":9,"skipped":0,"pct":7.5},"branches":{"total":1,"covered":1,"skipped":0,"pct":100}}
,"/share/u/davidbau/git/mazesofmenace/game/js/levels/Bar-strt.js": {"lines":{"total":111,"covered":9,"skipped":0,"pct":8.1},"functions":{"total":1,"covered":0,"skipped":0,"pct":0},"statements":{"total":111,"covered":9,"skipped":0,"pct":8.1},"branches":{"total":1,"covered":1,"skipped":0,"pct":100}}
,"/share/u/davidbau/git/mazesofmenace/game/js/levels/Cav-fila.js": {"lines":{"total":47,"covered":8,"skipped":0,"pct":17.02},"functions":{"total":1,"covered":0,"skipped":0,"pct":0},"statements":{"total":47,"covered":8,"skipped":0,"pct":17.02},"branches":{"total":1,"covered":1,"skipped":0,"pct":100}}
,"/share/u/davidbau/git/mazesofmenace/game/js/levels/Cav-filb.js": {"lines":{"total":53,"covered":8,"skipped":0,"pct":15.09},"functions":{"total":1,"covered":0,"skipped":0,"pct":0},"statements":{"total":53,"covered":8,"skipped":0,"pct":15.09},"branches":{"total":1,"covered":1,"skipped":0,"pct":100}}
,"/share/u/davidbau/git/mazesofmenace/game/js/levels/Cav-goal.js": {"lines":{"total":72,"covered":9,"skipped":0,"pct":12.5},"functions":{"total":1,"covered":0,"skipped":0,"pct":0},"statements":{"total":72,"covered":9,"skipped":0,"pct":12.5},"branches":{"total":1,"covered":1,"skipped":0,"pct":100}}
,"/share/u/davidbau/git/mazesofmenace/game/js/levels/Cav-loca.js": {"lines":{"total":114,"covered":9,"skipped":0,"pct":7.89},"functions":{"total":1,"covered":0,"skipped":0,"pct":0},"statements":{"total":114,"covered":9,"skipped":0,"pct":7.89},"branches":{"total":1,"covered":1,"skipped":0,"pct":100}}
,"/share/u/davidbau/git/mazesofmenace/game/js/levels/Cav-strt.js": {"lines":{"total":107,"covered":9,"skipped":0,"pct":8.41},"functions":{"total":1,"covered":0,"skipped":0,"pct":0},"statements":{"total":107,"covered":9,"skipped":0,"pct":8.41},"branches":{"total":1,"covered":1,"skipped":0,"pct":100}}
,"/share/u/davidbau/git/mazesofmenace/game/js/levels/Hea-fila.js": {"lines":{"total":54,"covered":8,"skipped":0,"pct":14.81},"functions":{"total":1,"covered":0,"skipped":0,"pct":0},"statements":{"total":54,"covered":8,"skipped":0,"pct":14.81},"branches":{"total":1,"covered":1,"skipped":0,"pct":100}}
,"/share/u/davidbau/git/mazesofmenace/game/js/levels/Hea-filb.js": {"lines":{"total":62,"covered":8,"skipped":0,"pct":12.9},"functions":{"total":1,"covered":0,"skipped":0,"pct":0},"statements":{"total":62,"covered":8,"skipped":0,"pct":12.9},"branches":{"total":1,"covered":1,"skipped":0,"pct":100}}
,"/share/u/davidbau/git/mazesofmenace/game/js/levels/Hea-goal.js": {"lines":{"total":103,"covered":9,"skipped":0,"pct":8.73},"functions":{"total":1,"covered":0,"skipped":0,"pct":0},"statements":{"total":103,"covered":9,"skipped":0,"pct":8.73},"branches":{"total":1,"covered":1,"skipped":0,"pct":100}}
,"/share/u/davidbau/git/mazesofmenace/game/js/levels/Hea-loca.js": {"lines":{"total":110,"covered":9,"skipped":0,"pct":8.18},"functions":{"total":1,"covered":0,"skipped":0,"pct":0},"statements":{"total":110,"covered":9,"skipped":0,"pct":8.18},"branches":{"total":1,"covered":1,"skipped":0,"pct":100}}
,"/share/u/davidbau/git/mazesofmenace/game/js/levels/Hea-strt.js": {"lines":{"total":122,"covered":9,"skipped":0,"pct":7.37},"functions":{"total":1,"covered":0,"skipped":0,"pct":0},"statements":{"total":122,"covered":9,"skipped":0,"pct":7.37},"branches":{"total":1,"covered":1,"skipped":0,"pct":100}}
,"/share/u/davidbau/git/mazesofmenace/game/js/levels/Kni-fila.js": {"lines":{"total":47,"covered":8,"skipped":0,"pct":17.02},"functions":{"total":1,"covered":0,"skipped":0,"pct":0},"statements":{"total":47,"covered":8,"skipped":0,"pct":17.02},"branches":{"total":1,"covered":1,"skipped":0,"pct":100}}
,"/share/u/davidbau/git/mazesofmenace/game/js/levels/Kni-filb.js": {"lines":{"total":52,"covered":8,"skipped":0,"pct":15.38},"functions":{"total":1,"covered":0,"skipped":0,"pct":0},"statements":{"total":52,"covered":8,"skipped":0,"pct":15.38},"branches":{"total":1,"covered":1,"skipped":0,"pct":100}}
,"/share/u/davidbau/git/mazesofmenace/game/js/levels/Kni-goal.js": {"lines":{"total":112,"covered":9,"skipped":0,"pct":8.03},"functions":{"total":1,"covered":0,"skipped":0,"pct":0},"statements":{"total":112,"covered":9,"skipped":0,"pct":8.03},"branches":{"total":1,"covered":1,"skipped":0,"pct":100}}
,"/share/u/davidbau/git/mazesofmenace/game/js/levels/Kni-loca.js": {"lines":{"total":150,"covered":9,"skipped":0,"pct":6},"functions":{"total":1,"covered":0,"skipped":0,"pct":0},"statements":{"total":150,"covered":9,"skipped":0,"pct":6},"branches":{"total":1,"covered":1,"skipped":0,"pct":100}}
,"/share/u/davidbau/git/mazesofmenace/game/js/levels/Kni-strt.js": {"lines":{"total":123,"covered":10,"skipped":0,"pct":8.13},"functions":{"total":1,"covered":0,"skipped":0,"pct":0},"statements":{"total":123,"covered":10,"skipped":0,"pct":8.13},"branches":{"total":1,"covered":1,"skipped":0,"pct":100}}
,"/share/u/davidbau/git/mazesofmenace/game/js/levels/Mon-fila.js": {"lines":{"total":73,"covered":8,"skipped":0,"pct":10.95},"functions":{"total":1,"covered":0,"skipped":0,"pct":0},"statements":{"total":73,"covered":8,"skipped":0,"pct":10.95},"branches":{"total":1,"covered":1,"skipped":0,"pct":100}}
,"/share/u/davidbau/git/mazesofmenace/game/js/levels/Mon-filb.js": {"lines":{"total":72,"covered":8,"skipped":0,"pct":11.11},"functions":{"total":1,"covered":0,"skipped":0,"pct":0},"statements":{"total":72,"covered":8,"skipped":0,"pct":11.11},"branches":{"total":1,"covered":1,"skipped":0,"pct":100}}
,"/share/u/davidbau/git/mazesofmenace/game/js/levels/Mon-goal.js": {"lines":{"total":89,"covered":10,"skipped":0,"pct":11.23},"functions":{"total":1,"covered":0,"skipped":0,"pct":0},"statements":{"total":89,"covered":10,"skipped":0,"pct":11.23},"branches":{"total":1,"covered":1,"skipped":0,"pct":100}}
,"/share/u/davidbau/git/mazesofmenace/game/js/levels/Mon-loca.js": {"lines":{"total":111,"covered":9,"skipped":0,"pct":8.1},"functions":{"total":1,"covered":0,"skipped":0,"pct":0},"statements":{"total":111,"covered":9,"skipped":0,"pct":8.1},"branches":{"total":1,"covered":1,"skipped":0,"pct":100}}
,"/share/u/davidbau/git/mazesofmenace/game/js/levels/Mon-strt.js": {"lines":{"total":121,"covered":9,"skipped":0,"pct":7.43},"functions":{"total":1,"covered":0,"skipped":0,"pct":0},"statements":{"total":121,"covered":9,"skipped":0,"pct":7.43},"branches":{"total":1,"covered":1,"skipped":0,"pct":100}}
,"/share/u/davidbau/git/mazesofmenace/game/js/levels/Pri-fila.js": {"lines":{"total":67,"covered":8,"skipped":0,"pct":11.94},"functions":{"total":1,"covered":0,"skipped":0,"pct":0},"statements":{"total":67,"covered":8,"skipped":0,"pct":11.94},"branches":{"total":1,"covered":1,"skipped":0,"pct":100}}
,"/share/u/davidbau/git/mazesofmenace/game/js/levels/Pri-filb.js": {"lines":{"total":74,"covered":8,"skipped":0,"pct":10.81},"functions":{"total":1,"covered":0,"skipped":0,"pct":0},"statements":{"total":74,"covered":8,"skipped":0,"pct":10.81},"branches":{"total":1,"covered":1,"skipped":0,"pct":100}}
,"/share/u/davidbau/git/mazesofmenace/game/js/levels/Pri-goal.js": {"lines":{"total":98,"covered":10,"skipped":0,"pct":10.2},"functions":{"total":1,"covered":0,"skipped":0,"pct":0},"statements":{"total":98,"covered":10,"skipped":0,"pct":10.2},"branches":{"total":1,"covered":1,"skipped":0,"pct":100}}
,"/share/u/davidbau/git/mazesofmenace/game/js/levels/Pri-loca.js": {"lines":{"total":86,"covered":9,"skipped":0,"pct":10.46},"functions":{"total":1,"covered":0,"skipped":0,"pct":0},"statements":{"total":86,"covered":9,"skipped":0,"pct":10.46},"branches":{"total":1,"covered":1,"skipped":0,"pct":100}}
,"/share/u/davidbau/git/mazesofmenace/game/js/levels/Pri-strt.js": {"lines":{"total":114,"covered":9,"skipped":0,"pct":7.89},"functions":{"total":1,"covered":0,"skipped":0,"pct":0},"statements":{"total":114,"covered":9,"skipped":0,"pct":7.89},"branches":{"total":1,"covered":1,"skipped":0,"pct":100}}
,"/share/u/davidbau/git/mazesofmenace/game/js/levels/Ran-fila.js": {"lines":{"total":47,"covered":8,"skipped":0,"pct":17.02},"functions":{"total":1,"covered":0,"skipped":0,"pct":0},"statements":{"total":47,"covered":8,"skipped":0,"pct":17.02},"branches":{"total":1,"covered":1,"skipped":0,"pct":100}}
,"/share/u/davidbau/git/mazesofmenace/game/js/levels/Ran-filb.js": {"lines":{"total":51,"covered":8,"skipped":0,"pct":15.68},"functions":{"total":1,"covered":0,"skipped":0,"pct":0},"statements":{"total":51,"covered":8,"skipped":0,"pct":15.68},"branches":{"total":1,"covered":1,"skipped":0,"pct":100}}
,"/share/u/davidbau/git/mazesofmenace/game/js/levels/Ran-goal.js": {"lines":{"total":119,"covered":9,"skipped":0,"pct":7.56},"functions":{"total":1,"covered":0,"skipped":0,"pct":0},"statements":{"total":119,"covered":9,"skipped":0,"pct":7.56},"branches":{"total":1,"covered":1,"skipped":0,"pct":100}}
,"/share/u/davidbau/git/mazesofmenace/game/js/levels/Ran-loca.js": {"lines":{"total":92,"covered":9,"skipped":0,"pct":9.78},"functions":{"total":1,"covered":0,"skipped":0,"pct":0},"statements":{"total":92,"covered":9,"skipped":0,"pct":9.78},"branches":{"total":1,"covered":1,"skipped":0,"pct":100}}
,"/share/u/davidbau/git/mazesofmenace/game/js/levels/Ran-strt.js": {"lines":{"total":114,"covered":9,"skipped":0,"pct":7.89},"functions":{"total":1,"covered":0,"skipped":0,"pct":0},"statements":{"total":114,"covered":9,"skipped":0,"pct":7.89},"branches":{"total":1,"covered":1,"skipped":0,"pct":100}}
,"/share/u/davidbau/git/mazesofmenace/game/js/levels/Rog-fila.js": {"lines":{"total":76,"covered":8,"skipped":0,"pct":10.52},"functions":{"total":1,"covered":0,"skipped":0,"pct":0},"statements":{"total":76,"covered":8,"skipped":0,"pct":10.52},"branches":{"total":1,"covered":1,"skipped":0,"pct":100}}
,"/share/u/davidbau/git/mazesofmenace/game/js/levels/Rog-filb.js": {"lines":{"total":76,"covered":8,"skipped":0,"pct":10.52},"functions":{"total":1,"covered":0,"skipped":0,"pct":0},"statements":{"total":76,"covered":8,"skipped":0,"pct":10.52},"branches":{"total":1,"covered":1,"skipped":0,"pct":100}}
,"/share/u/davidbau/git/mazesofmenace/game/js/levels/Rog-goal.js": {"lines":{"total":123,"covered":9,"skipped":0,"pct":7.31},"functions":{"total":1,"covered":0,"skipped":0,"pct":0},"statements":{"total":123,"covered":9,"skipped":0,"pct":7.31},"branches":{"total":1,"covered":1,"skipped":0,"pct":100}}
,"/share/u/davidbau/git/mazesofmenace/game/js/levels/Rog-loca.js": {"lines":{"total":112,"covered":9,"skipped":0,"pct":8.03},"functions":{"total":1,"covered":0,"skipped":0,"pct":0},"statements":{"total":112,"covered":9,"skipped":0,"pct":8.03},"branches":{"total":1,"covered":1,"skipped":0,"pct":100}}
,"/share/u/davidbau/git/mazesofmenace/game/js/levels/Rog-strt.js": {"lines":{"total":181,"covered":10,"skipped":0,"pct":5.52},"functions":{"total":1,"covered":0,"skipped":0,"pct":0},"statements":{"total":181,"covered":10,"skipped":0,"pct":5.52},"branches":{"total":1,"covered":1,"skipped":0,"pct":100}}
,"/share/u/davidbau/git/mazesofmenace/game/js/levels/Sam-fila.js": {"lines":{"total":49,"covered":8,"skipped":0,"pct":16.32},"functions":{"total":1,"covered":0,"skipped":0,"pct":0},"statements":{"total":49,"covered":8,"skipped":0,"pct":16.32},"branches":{"total":1,"covered":1,"skipped":0,"pct":100}}
,"/share/u/davidbau/git/mazesofmenace/game/js/levels/Sam-filb.js": {"lines":{"total":73,"covered":9,"skipped":0,"pct":12.32},"functions":{"total":1,"covered":0,"skipped":0,"pct":0},"statements":{"total":73,"covered":9,"skipped":0,"pct":12.32},"branches":{"total":1,"covered":1,"skipped":0,"pct":100}}
,"/share/u/davidbau/git/mazesofmenace/game/js/levels/Sam-goal.js": {"lines":{"total":125,"covered":10,"skipped":0,"pct":8},"functions":{"total":1,"covered":0,"skipped":0,"pct":0},"statements":{"total":125,"covered":10,"skipped":0,"pct":8},"branches":{"total":1,"covered":1,"skipped":0,"pct":100}}
,"/share/u/davidbau/git/mazesofmenace/game/js/levels/Sam-loca.js": {"lines":{"total":154,"covered":9,"skipped":0,"pct":5.84},"functions":{"total":1,"covered":0,"skipped":0,"pct":0},"statements":{"total":154,"covered":9,"skipped":0,"pct":5.84},"branches":{"total":1,"covered":1,"skipped":0,"pct":100}}
,"/share/u/davidbau/git/mazesofmenace/game/js/levels/Sam-strt.js": {"lines":{"total":111,"covered":9,"skipped":0,"pct":8.1},"functions":{"total":1,"covered":0,"skipped":0,"pct":0},"statements":{"total":111,"covered":9,"skipped":0,"pct":8.1},"branches":{"total":1,"covered":1,"skipped":0,"pct":100}}
,"/share/u/davidbau/git/mazesofmenace/game/js/levels/Tou-fila.js": {"lines":{"total":47,"covered":8,"skipped":0,"pct":17.02},"functions":{"total":1,"covered":0,"skipped":0,"pct":0},"statements":{"total":47,"covered":8,"skipped":0,"pct":17.02},"branches":{"total":1,"covered":1,"skipped":0,"pct":100}}
,"/share/u/davidbau/git/mazesofmenace/game/js/levels/Tou-filb.js": {"lines":{"total":51,"covered":8,"skipped":0,"pct":15.68},"functions":{"total":1,"covered":0,"skipped":0,"pct":0},"statements":{"total":51,"covered":8,"skipped":0,"pct":15.68},"branches":{"total":1,"covered":1,"skipped":0,"pct":100}}
,"/share/u/davidbau/git/mazesofmenace/game/js/levels/Tou-goal.js": {"lines":{"total":172,"covered":9,"skipped":0,"pct":5.23},"functions":{"total":1,"covered":0,"skipped":0,"pct":0},"statements":{"total":172,"covered":9,"skipped":0,"pct":5.23},"branches":{"total":1,"covered":1,"skipped":0,"pct":100}}
,"/share/u/davidbau/git/mazesofmenace/game/js/levels/Tou-loca.js": {"lines":{"total":167,"covered":9,"skipped":0,"pct":5.38},"functions":{"total":1,"covered":0,"skipped":0,"pct":0},"statements":{"total":167,"covered":9,"skipped":0,"pct":5.38},"branches":{"total":1,"covered":1,"skipped":0,"pct":100}}
,"/share/u/davidbau/git/mazesofmenace/game/js/levels/Tou-strt.js": {"lines":{"total":147,"covered":9,"skipped":0,"pct":6.12},"functions":{"total":1,"covered":0,"skipped":0,"pct":0},"statements":{"total":147,"covered":9,"skipped":0,"pct":6.12},"branches":{"total":1,"covered":1,"skipped":0,"pct":100}}
,"/share/u/davidbau/git/mazesofmenace/game/js/levels/Val-fila.js": {"lines":{"total":52,"covered":8,"skipped":0,"pct":15.38},"functions":{"total":1,"covered":0,"skipped":0,"pct":0},"statements":{"total":52,"covered":8,"skipped":0,"pct":15.38},"branches":{"total":1,"covered":1,"skipped":0,"pct":100}}
,"/share/u/davidbau/git/mazesofmenace/game/js/levels/Val-filb.js": {"lines":{"total":54,"covered":8,"skipped":0,"pct":14.81},"functions":{"total":1,"covered":0,"skipped":0,"pct":0},"statements":{"total":54,"covered":8,"skipped":0,"pct":14.81},"branches":{"total":1,"covered":1,"skipped":0,"pct":100}}
,"/share/u/davidbau/git/mazesofmenace/game/js/levels/Val-goal.js": {"lines":{"total":117,"covered":9,"skipped":0,"pct":7.69},"functions":{"total":1,"covered":0,"skipped":0,"pct":0},"statements":{"total":117,"covered":9,"skipped":0,"pct":7.69},"branches":{"total":1,"covered":1,"skipped":0,"pct":100}}
,"/share/u/davidbau/git/mazesofmenace/game/js/levels/Val-loca.js": {"lines":{"total":98,"covered":9,"skipped":0,"pct":9.18},"functions":{"total":1,"covered":0,"skipped":0,"pct":0},"statements":{"total":98,"covered":9,"skipped":0,"pct":9.18},"branches":{"total":1,"covered":1,"skipped":0,"pct":100}}
,"/share/u/davidbau/git/mazesofmenace/game/js/levels/Val-strt.js": {"lines":{"total":118,"covered":9,"skipped":0,"pct":7.62},"functions":{"total":1,"covered":0,"skipped":0,"pct":0},"statements":{"total":118,"covered":9,"skipped":0,"pct":7.62},"branches":{"total":1,"covered":1,"skipped":0,"pct":100}}
,"/share/u/davidbau/git/mazesofmenace/game/js/levels/Wiz-fila.js": {"lines":{"total":71,"covered":8,"skipped":0,"pct":11.26},"functions":{"total":1,"covered":0,"skipped":0,"pct":0},"statements":{"total":71,"covered":8,"skipped":0,"pct":11.26},"branches":{"total":1,"covered":1,"skipped":0,"pct":100}}
,"/share/u/davidbau/git/mazesofmenace/game/js/levels/Wiz-filb.js": {"lines":{"total":70,"covered":8,"skipped":0,"pct":11.42},"functions":{"total":1,"covered":0,"skipped":0,"pct":0},"statements":{"total":70,"covered":8,"skipped":0,"pct":11.42},"branches":{"total":1,"covered":1,"skipped":0,"pct":100}}
,"/share/u/davidbau/git/mazesofmenace/game/js/levels/Wiz-goal.js": {"lines":{"total":145,"covered":9,"skipped":0,"pct":6.2},"functions":{"total":1,"covered":0,"skipped":0,"pct":0},"statements":{"total":145,"covered":9,"skipped":0,"pct":6.2},"branches":{"total":1,"covered":1,"skipped":0,"pct":100}}
,"/share/u/davidbau/git/mazesofmenace/game/js/levels/Wiz-loca.js": {"lines":{"total":165,"covered":10,"skipped":0,"pct":6.06},"functions":{"total":1,"covered":0,"skipped":0,"pct":0},"statements":{"total":165,"covered":10,"skipped":0,"pct":6.06},"branches":{"total":1,"covered":1,"skipped":0,"pct":100}}
,"/share/u/davidbau/git/mazesofmenace/game/js/levels/Wiz-strt.js": {"lines":{"total":120,"covered":9,"skipped":0,"pct":7.5},"functions":{"total":1,"covered":0,"skipped":0,"pct":0},"statements":{"total":120,"covered":9,"skipped":0,"pct":7.5},"branches":{"total":1,"covered":1,"skipped":0,"pct":100}}
,"/share/u/davidbau/git/mazesofmenace/game/js/levels/air.js": {"lines":{"total":121,"covered":9,"skipped":0,"pct":7.43},"functions":{"total":1,"covered":0,"skipped":0,"pct":0},"statements":{"total":121,"covered":9,"skipped":0,"pct":7.43},"branches":{"total":1,"covered":1,"skipped":0,"pct":100}}
,"/share/u/davidbau/git/mazesofmenace/game/js/levels/asmodeus.js": {"lines":{"total":110,"covered":10,"skipped":0,"pct":9.09},"functions":{"total":1,"covered":0,"skipped":0,"pct":0},"statements":{"total":110,"covered":10,"skipped":0,"pct":9.09},"branches":{"total":1,"covered":1,"skipped":0,"pct":100}}
,"/share/u/davidbau/git/mazesofmenace/game/js/levels/astral.js": {"lines":{"total":206,"covered":11,"skipped":0,"pct":5.33},"functions":{"total":1,"covered":0,"skipped":0,"pct":0},"statements":{"total":206,"covered":11,"skipped":0,"pct":5.33},"branches":{"total":1,"covered":1,"skipped":0,"pct":100}}
,"/share/u/davidbau/git/mazesofmenace/game/js/levels/baalz.js": {"lines":{"total":79,"covered":9,"skipped":0,"pct":11.39},"functions":{"total":1,"covered":0,"skipped":0,"pct":0},"statements":{"total":79,"covered":9,"skipped":0,"pct":11.39},"branches":{"total":1,"covered":1,"skipped":0,"pct":100}}
,"/share/u/davidbau/git/mazesofmenace/game/js/levels/bigrm-1.js": {"lines":{"total":94,"covered":10,"skipped":0,"pct":10.63},"functions":{"total":1,"covered":0,"skipped":0,"pct":0},"statements":{"total":94,"covered":10,"skipped":0,"pct":10.63},"branches":{"total":1,"covered":1,"skipped":0,"pct":100}}
,"/share/u/davidbau/git/mazesofmenace/game/js/levels/bigrm-10.js": {"lines":{"total":75,"covered":10,"skipped":0,"pct":13.33},"functions":{"total":1,"covered":0,"skipped":0,"pct":0},"statements":{"total":75,"covered":10,"skipped":0,"pct":13.33},"branches":{"total":1,"covered":1,"skipped":0,"pct":100}}
,"/share/u/davidbau/git/mazesofmenace/game/js/levels/bigrm-11.js": {"lines":{"total":51,"covered":10,"skipped":0,"pct":19.6},"functions":{"total":1,"covered":0,"skipped":0,"pct":0},"statements":{"total":51,"covered":10,"skipped":0,"pct":19.6},"branches":{"total":1,"covered":1,"skipped":0,"pct":100}}
,"/share/u/davidbau/git/mazesofmenace/game/js/levels/bigrm-12.js": {"lines":{"total":97,"covered":9,"skipped":0,"pct":9.27},"functions":{"total":1,"covered":0,"skipped":0,"pct":0},"statements":{"total":97,"covered":9,"skipped":0,"pct":9.27},"branches":{"total":1,"covered":1,"skipped":0,"pct":100}}
,"/share/u/davidbau/git/mazesofmenace/game/js/levels/bigrm-13.js": {"lines":{"total":94,"covered":10,"skipped":0,"pct":10.63},"functions":{"total":1,"covered":0,"skipped":0,"pct":0},"statements":{"total":94,"covered":10,"skipped":0,"pct":10.63},"branches":{"total":1,"covered":1,"skipped":0,"pct":100}}
,"/share/u/davidbau/git/mazesofmenace/game/js/levels/bigrm-2.js": {"lines":{"total":84,"covered":10,"skipped":0,"pct":11.9},"functions":{"total":1,"covered":0,"skipped":0,"pct":0},"statements":{"total":84,"covered":10,"skipped":0,"pct":11.9},"branches":{"total":1,"covered":1,"skipped":0,"pct":100}}
,"/share/u/davidbau/git/mazesofmenace/game/js/levels/bigrm-3.js": {"lines":{"total":97,"covered":10,"skipped":0,"pct":10.3},"functions":{"total":1,"covered":0,"skipped":0,"pct":0},"statements":{"total":97,"covered":10,"skipped":0,"pct":10.3},"branches":{"total":1,"covered":1,"skipped":0,"pct":100}}
,"/share/u/davidbau/git/mazesofmenace/game/js/levels/bigrm-4.js": {"lines":{"total":72,"covered":10,"skipped":0,"pct":13.88},"functions":{"total":1,"covered":0,"skipped":0,"pct":0},"statements":{"total":72,"covered":10,"skipped":0,"pct":13.88},"branches":{"total":1,"covered":1,"skipped":0,"pct":100}}
,"/share/u/davidbau/git/mazesofmenace/game/js/levels/bigrm-5.js": {"lines":{"total":66,"covered":9,"skipped":0,"pct":13.63},"functions":{"total":1,"covered":0,"skipped":0,"pct":0},"statements":{"total":66,"covered":9,"skipped":0,"pct":13.63},"branches":{"total":1,"covered":1,"skipped":0,"pct":100}}
,"/share/u/davidbau/git/mazesofmenace/game/js/levels/bigrm-6.js": {"lines":{"total":60,"covered":9,"skipped":0,"pct":15},"functions":{"total":1,"covered":0,"skipped":0,"pct":0},"statements":{"total":60,"covered":9,"skipped":0,"pct":15},"branches":{"total":1,"covered":1,"skipped":0,"pct":100}}
,"/share/u/davidbau/git/mazesofmenace/game/js/levels/bigrm-7.js": {"lines":{"total":65,"covered":10,"skipped":0,"pct":15.38},"functions":{"total":1,"covered":0,"skipped":0,"pct":0},"statements":{"total":65,"covered":10,"skipped":0,"pct":15.38},"branches":{"total":1,"covered":1,"skipped":0,"pct":100}}
,"/share/u/davidbau/git/mazesofmenace/game/js/levels/bigrm-8.js": {"lines":{"total":66,"covered":10,"skipped":0,"pct":15.15},"functions":{"total":1,"covered":0,"skipped":0,"pct":0},"statements":{"total":66,"covered":10,"skipped":0,"pct":15.15},"branches":{"total":1,"covered":1,"skipped":0,"pct":100}}
,"/share/u/davidbau/git/mazesofmenace/game/js/levels/bigrm-9.js": {"lines":{"total":64,"covered":9,"skipped":0,"pct":14.06},"functions":{"total":1,"covered":0,"skipped":0,"pct":0},"statements":{"total":64,"covered":9,"skipped":0,"pct":14.06},"branches":{"total":1,"covered":1,"skipped":0,"pct":100}}
,"/share/u/davidbau/git/mazesofmenace/game/js/levels/castle.js": {"lines":{"total":270,"covered":270,"skipped":0,"pct":100},"functions":{"total":2,"covered":2,"skipped":0,"pct":100},"statements":{"total":270,"covered":270,"skipped":0,"pct":100},"branches":{"total":3,"covered":3,"skipped":0,"pct":100}}
,"/share/u/davidbau/git/mazesofmenace/game/js/levels/earth.js": {"lines":{"total":142,"covered":8,"skipped":0,"pct":5.63},"functions":{"total":1,"covered":0,"skipped":0,"pct":0},"statements":{"total":142,"covered":8,"skipped":0,"pct":5.63},"branches":{"total":1,"covered":1,"skipped":0,"pct":100}}
,"/share/u/davidbau/git/mazesofmenace/game/js/levels/fakewiz1.js": {"lines":{"total":58,"covered":10,"skipped":0,"pct":17.24},"functions":{"total":1,"covered":0,"skipped":0,"pct":0},"statements":{"total":58,"covered":10,"skipped":0,"pct":17.24},"branches":{"total":1,"covered":1,"skipped":0,"pct":100}}
,"/share/u/davidbau/git/mazesofmenace/game/js/levels/fakewiz2.js": {"lines":{"total":58,"covered":10,"skipped":0,"pct":17.24},"functions":{"total":1,"covered":0,"skipped":0,"pct":0},"statements":{"total":58,"covered":10,"skipped":0,"pct":17.24},"branches":{"total":1,"covered":1,"skipped":0,"pct":100}}
,"/share/u/davidbau/git/mazesofmenace/game/js/levels/fire.js": {"lines":{"total":170,"covered":8,"skipped":0,"pct":4.7},"functions":{"total":1,"covered":0,"skipped":0,"pct":0},"statements":{"total":170,"covered":8,"skipped":0,"pct":4.7},"branches":{"total":1,"covered":1,"skipped":0,"pct":100}}
,"/share/u/davidbau/git/mazesofmenace/game/js/levels/hellfill.js": {"lines":{"total":472,"covered":15,"skipped":0,"pct":3.17},"functions":{"total":2,"covered":0,"skipped":0,"pct":0},"statements":{"total":472,"covered":15,"skipped":0,"pct":3.17},"branches":{"total":1,"covered":1,"skipped":0,"pct":100}}
,"/share/u/davidbau/git/mazesofmenace/game/js/levels/juiblex.js": {"lines":{"total":135,"covered":9,"skipped":0,"pct":6.66},"functions":{"total":1,"covered":0,"skipped":0,"pct":0},"statements":{"total":135,"covered":9,"skipped":0,"pct":6.66},"branches":{"total":1,"covered":1,"skipped":0,"pct":100}}
,"/share/u/davidbau/git/mazesofmenace/game/js/levels/knox.js": {"lines":{"total":181,"covered":10,"skipped":0,"pct":5.52},"functions":{"total":1,"covered":0,"skipped":0,"pct":0},"statements":{"total":181,"covered":10,"skipped":0,"pct":5.52},"branches":{"total":1,"covered":1,"skipped":0,"pct":100}}
,"/share/u/davidbau/git/mazesofmenace/game/js/levels/medusa-1.js": {"lines":{"total":136,"covered":130,"skipped":0,"pct":95.58},"functions":{"total":2,"covered":2,"skipped":0,"pct":100},"statements":{"total":136,"covered":130,"skipped":0,"pct":95.58},"branches":{"total":6,"covered":3,"skipped":0,"pct":50}}
,"/share/u/davidbau/git/mazesofmenace/game/js/levels/medusa-2.js": {"lines":{"total":142,"covered":9,"skipped":0,"pct":6.33},"functions":{"total":1,"covered":0,"skipped":0,"pct":0},"statements":{"total":142,"covered":9,"skipped":0,"pct":6.33},"branches":{"total":1,"covered":1,"skipped":0,"pct":100}}
,"/share/u/davidbau/git/mazesofmenace/game/js/levels/medusa-3.js": {"lines":{"total":151,"covered":149,"skipped":0,"pct":98.67},"functions":{"total":2,"covered":2,"skipped":0,"pct":100},"statements":{"total":151,"covered":149,"skipped":0,"pct":98.67},"branches":{"total":6,"covered":5,"skipped":0,"pct":83.33}}
,"/share/u/davidbau/git/mazesofmenace/game/js/levels/medusa-4.js": {"lines":{"total":165,"covered":9,"skipped":0,"pct":5.45},"functions":{"total":1,"covered":0,"skipped":0,"pct":0},"statements":{"total":165,"covered":9,"skipped":0,"pct":5.45},"branches":{"total":1,"covered":1,"skipped":0,"pct":100}}
,"/share/u/davidbau/git/mazesofmenace/game/js/levels/medusa.js": {"lines":{"total":125,"covered":25,"skipped":0,"pct":20},"functions":{"total":1,"covered":0,"skipped":0,"pct":0},"statements":{"total":125,"covered":25,"skipped":0,"pct":20},"branches":{"total":1,"covered":1,"skipped":0,"pct":100}}
,"/share/u/davidbau/git/mazesofmenace/game/js/levels/minefill.js": {"lines":{"total":65,"covered":10,"skipped":0,"pct":15.38},"functions":{"total":1,"covered":0,"skipped":0,"pct":0},"statements":{"total":65,"covered":10,"skipped":0,"pct":15.38},"branches":{"total":1,"covered":1,"skipped":0,"pct":100}}
,"/share/u/davidbau/git/mazesofmenace/game/js/levels/minend-1.js": {"lines":{"total":132,"covered":9,"skipped":0,"pct":6.81},"functions":{"total":1,"covered":0,"skipped":0,"pct":0},"statements":{"total":132,"covered":9,"skipped":0,"pct":6.81},"branches":{"total":1,"covered":1,"skipped":0,"pct":100}}
,"/share/u/davidbau/git/mazesofmenace/game/js/levels/minend-2.js": {"lines":{"total":172,"covered":9,"skipped":0,"pct":5.23},"functions":{"total":1,"covered":0,"skipped":0,"pct":0},"statements":{"total":172,"covered":9,"skipped":0,"pct":5.23},"branches":{"total":1,"covered":1,"skipped":0,"pct":100}}
,"/share/u/davidbau/git/mazesofmenace/game/js/levels/minend-3.js": {"lines":{"total":120,"covered":9,"skipped":0,"pct":7.5},"functions":{"total":1,"covered":0,"skipped":0,"pct":0},"statements":{"total":120,"covered":9,"skipped":0,"pct":7.5},"branches":{"total":1,"covered":1,"skipped":0,"pct":100}}
,"/share/u/davidbau/git/mazesofmenace/game/js/levels/minetn-1.js": {"lines":{"total":166,"covered":164,"skipped":0,"pct":98.79},"functions":{"total":1,"covered":1,"skipped":0,"pct":100},"statements":{"total":166,"covered":164,"skipped":0,"pct":98.79},"branches":{"total":12,"covered":11,"skipped":0,"pct":91.66}}
,"/share/u/davidbau/git/mazesofmenace/game/js/levels/minetn-2.js": {"lines":{"total":205,"covered":13,"skipped":0,"pct":6.34},"functions":{"total":2,"covered":0,"skipped":0,"pct":0},"statements":{"total":205,"covered":13,"skipped":0,"pct":6.34},"branches":{"total":1,"covered":1,"skipped":0,"pct":100}}
,"/share/u/davidbau/git/mazesofmenace/game/js/levels/minetn-3.js": {"lines":{"total":173,"covered":13,"skipped":0,"pct":7.51},"functions":{"total":2,"covered":0,"skipped":0,"pct":0},"statements":{"total":173,"covered":13,"skipped":0,"pct":7.51},"branches":{"total":1,"covered":1,"skipped":0,"pct":100}}
,"/share/u/davidbau/git/mazesofmenace/game/js/levels/minetn-4.js": {"lines":{"total":156,"covered":13,"skipped":0,"pct":8.33},"functions":{"total":2,"covered":0,"skipped":0,"pct":0},"statements":{"total":156,"covered":13,"skipped":0,"pct":8.33},"branches":{"total":1,"covered":1,"skipped":0,"pct":100}}
,"/share/u/davidbau/git/mazesofmenace/game/js/levels/minetn-5.js": {"lines":{"total":160,"covered":13,"skipped":0,"pct":8.12},"functions":{"total":2,"covered":0,"skipped":0,"pct":0},"statements":{"total":160,"covered":13,"skipped":0,"pct":8.12},"branches":{"total":1,"covered":1,"skipped":0,"pct":100}}
,"/share/u/davidbau/git/mazesofmenace/game/js/levels/minetn-6.js": {"lines":{"total":117,"covered":13,"skipped":0,"pct":11.11},"functions":{"total":2,"covered":0,"skipped":0,"pct":0},"statements":{"total":117,"covered":13,"skipped":0,"pct":11.11},"branches":{"total":1,"covered":1,"skipped":0,"pct":100}}
,"/share/u/davidbau/git/mazesofmenace/game/js/levels/minetn-7.js": {"lines":{"total":221,"covered":13,"skipped":0,"pct":5.88},"functions":{"total":2,"covered":0,"skipped":0,"pct":0},"statements":{"total":221,"covered":13,"skipped":0,"pct":5.88},"branches":{"total":1,"covered":1,"skipped":0,"pct":100}}
,"/share/u/davidbau/git/mazesofmenace/game/js/levels/oracle.js": {"lines":{"total":81,"covered":8,"skipped":0,"pct":9.87},"functions":{"total":1,"covered":0,"skipped":0,"pct":0},"statements":{"total":81,"covered":8,"skipped":0,"pct":9.87},"branches":{"total":1,"covered":1,"skipped":0,"pct":100}}
,"/share/u/davidbau/git/mazesofmenace/game/js/levels/orcus.js": {"lines":{"total":172,"covered":11,"skipped":0,"pct":6.39},"functions":{"total":1,"covered":0,"skipped":0,"pct":0},"statements":{"total":172,"covered":11,"skipped":0,"pct":6.39},"branches":{"total":1,"covered":1,"skipped":0,"pct":100}}
,"/share/u/davidbau/git/mazesofmenace/game/js/levels/rogue.js": {"lines":{"total":12,"covered":10,"skipped":0,"pct":83.33},"functions":{"total":1,"covered":0,"skipped":0,"pct":0},"statements":{"total":12,"covered":10,"skipped":0,"pct":83.33},"branches":{"total":1,"covered":1,"skipped":0,"pct":100}}
,"/share/u/davidbau/git/mazesofmenace/game/js/levels/sanctum.js": {"lines":{"total":146,"covered":9,"skipped":0,"pct":6.16},"functions":{"total":1,"covered":0,"skipped":0,"pct":0},"statements":{"total":146,"covered":9,"skipped":0,"pct":6.16},"branches":{"total":1,"covered":1,"skipped":0,"pct":100}}
,"/share/u/davidbau/git/mazesofmenace/game/js/levels/soko1-1.js": {"lines":{"total":124,"covered":9,"skipped":0,"pct":7.25},"functions":{"total":1,"covered":0,"skipped":0,"pct":0},"statements":{"total":124,"covered":9,"skipped":0,"pct":7.25},"branches":{"total":1,"covered":1,"skipped":0,"pct":100}}
,"/share/u/davidbau/git/mazesofmenace/game/js/levels/soko1-2.js": {"lines":{"total":125,"covered":9,"skipped":0,"pct":7.2},"functions":{"total":1,"covered":0,"skipped":0,"pct":0},"statements":{"total":125,"covered":9,"skipped":0,"pct":7.2},"branches":{"total":1,"covered":1,"skipped":0,"pct":100}}
,"/share/u/davidbau/git/mazesofmenace/game/js/levels/soko2-1.js": {"lines":{"total":82,"covered":9,"skipped":0,"pct":10.97},"functions":{"total":1,"covered":0,"skipped":0,"pct":0},"statements":{"total":82,"covered":9,"skipped":0,"pct":10.97},"branches":{"total":1,"covered":1,"skipped":0,"pct":100}}
,"/share/u/davidbau/git/mazesofmenace/game/js/levels/soko2-2.js": {"lines":{"total":83,"covered":9,"skipped":0,"pct":10.84},"functions":{"total":1,"covered":0,"skipped":0,"pct":0},"statements":{"total":83,"covered":9,"skipped":0,"pct":10.84},"branches":{"total":1,"covered":1,"skipped":0,"pct":100}}
,"/share/u/davidbau/git/mazesofmenace/game/js/levels/soko3-1.js": {"lines":{"total":94,"covered":9,"skipped":0,"pct":9.57},"functions":{"total":1,"covered":0,"skipped":0,"pct":0},"statements":{"total":94,"covered":9,"skipped":0,"pct":9.57},"branches":{"total":1,"covered":1,"skipped":0,"pct":100}}
,"/share/u/davidbau/git/mazesofmenace/game/js/levels/soko3-2.js": {"lines":{"total":86,"covered":9,"skipped":0,"pct":10.46},"functions":{"total":1,"covered":0,"skipped":0,"pct":0},"statements":{"total":86,"covered":9,"skipped":0,"pct":10.46},"branches":{"total":1,"covered":1,"skipped":0,"pct":100}}
,"/share/u/davidbau/git/mazesofmenace/game/js/levels/soko4-1.js": {"lines":{"total":112,"covered":9,"skipped":0,"pct":8.03},"functions":{"total":1,"covered":0,"skipped":0,"pct":0},"statements":{"total":112,"covered":9,"skipped":0,"pct":8.03},"branches":{"total":1,"covered":1,"skipped":0,"pct":100}}
,"/share/u/davidbau/git/mazesofmenace/game/js/levels/soko4-2.js": {"lines":{"total":84,"covered":9,"skipped":0,"pct":10.71},"functions":{"total":1,"covered":0,"skipped":0,"pct":0},"statements":{"total":84,"covered":9,"skipped":0,"pct":10.71},"branches":{"total":1,"covered":1,"skipped":0,"pct":100}}
,"/share/u/davidbau/git/mazesofmenace/game/js/levels/themerms.js": {"lines":{"total":1313,"covered":961,"skipped":0,"pct":73.19},"functions":{"total":91,"covered":66,"skipped":0,"pct":72.52},"statements":{"total":1313,"covered":961,"skipped":0,"pct":73.19},"branches":{"total":141,"covered":98,"skipped":0,"pct":69.5}}
,"/share/u/davidbau/git/mazesofmenace/game/js/levels/tower1.js": {"lines":{"total":88,"covered":10,"skipped":0,"pct":11.36},"functions":{"total":1,"covered":0,"skipped":0,"pct":0},"statements":{"total":88,"covered":10,"skipped":0,"pct":11.36},"branches":{"total":1,"covered":1,"skipped":0,"pct":100}}
,"/share/u/davidbau/git/mazesofmenace/game/js/levels/tower2.js": {"lines":{"total":75,"covered":9,"skipped":0,"pct":12},"functions":{"total":1,"covered":0,"skipped":0,"pct":0},"statements":{"total":75,"covered":9,"skipped":0,"pct":12},"branches":{"total":1,"covered":1,"skipped":0,"pct":100}}
,"/share/u/davidbau/git/mazesofmenace/game/js/levels/tower3.js": {"lines":{"total":63,"covered":9,"skipped":0,"pct":14.28},"functions":{"total":1,"covered":0,"skipped":0,"pct":0},"statements":{"total":63,"covered":9,"skipped":0,"pct":14.28},"branches":{"total":1,"covered":1,"skipped":0,"pct":100}}
,"/share/u/davidbau/git/mazesofmenace/game/js/levels/tut-1.js": {"lines":{"total":364,"covered":10,"skipped":0,"pct":2.74},"functions":{"total":1,"covered":0,"skipped":0,"pct":0},"statements":{"total":364,"covered":10,"skipped":0,"pct":2.74},"branches":{"total":1,"covered":1,"skipped":0,"pct":100}}
,"/share/u/davidbau/git/mazesofmenace/game/js/levels/tut-2.js": {"lines":{"total":40,"covered":9,"skipped":0,"pct":22.5},"functions":{"total":1,"covered":0,"skipped":0,"pct":0},"statements":{"total":40,"covered":9,"skipped":0,"pct":22.5},"branches":{"total":1,"covered":1,"skipped":0,"pct":100}}
,"/share/u/davidbau/git/mazesofmenace/game/js/levels/valley.js": {"lines":{"total":187,"covered":9,"skipped":0,"pct":4.81},"functions":{"total":1,"covered":0,"skipped":0,"pct":0},"statements":{"total":187,"covered":9,"skipped":0,"pct":4.81},"branches":{"total":1,"covered":1,"skipped":0,"pct":100}}
,"/share/u/davidbau/git/mazesofmenace/game/js/levels/water.js": {"lines":{"total":114,"covered":8,"skipped":0,"pct":7.01},"functions":{"total":1,"covered":0,"skipped":0,"pct":0},"statements":{"total":114,"covered":8,"skipped":0,"pct":7.01},"branches":{"total":1,"covered":1,"skipped":0,"pct":100}}
,"/share/u/davidbau/git/mazesofmenace/game/js/levels/wizard1.js": {"lines":{"total":117,"covered":11,"skipped":0,"pct":9.4},"functions":{"total":1,"covered":0,"skipped":0,"pct":0},"statements":{"total":117,"covered":11,"skipped":0,"pct":9.4},"branches":{"total":1,"covered":1,"skipped":0,"pct":100}}
,"/share/u/davidbau/git/mazesofmenace/game/js/levels/wizard2.js": {"lines":{"total":76,"covered":10,"skipped":0,"pct":13.15},"functions":{"total":1,"covered":0,"skipped":0,"pct":0},"statements":{"total":76,"covered":10,"skipped":0,"pct":13.15},"branches":{"total":1,"covered":1,"skipped":0,"pct":100}}
,"/share/u/davidbau/git/mazesofmenace/game/js/levels/wizard3.js": {"lines":{"total":104,"covered":10,"skipped":0,"pct":9.61},"functions":{"total":1,"covered":0,"skipped":0,"pct":0},"statements":{"total":104,"covered":10,"skipped":0,"pct":9.61},"branches":{"total":1,"covered":1,"skipped":0,"pct":100}}
}
