{"total": {"lines":{"total":186220,"covered":94849,"skipped":0,"pct":50.93},"statements":{"total":186220,"covered":94849,"skipped":0,"pct":50.93},"functions":{"total":6741,"covered":2082,"skipped":0,"pct":30.88},"branches":{"total":20208,"covered":12264,"skipped":0,"pct":60.68},"branchesTrue":{"total":0,"covered":0,"skipped":0,"pct":100}}
,"/share/u/davidbau/git/mazesofmenace/game/js/allmain.js": {"lines":{"total":2302,"covered":1587,"skipped":0,"pct":68.94},"functions":{"total":105,"covered":60,"skipped":0,"pct":57.14},"statements":{"total":2302,"covered":1587,"skipped":0,"pct":68.94},"branches":{"total":523,"covered":295,"skipped":0,"pct":56.4}}
,"/share/u/davidbau/git/mazesofmenace/game/js/animation.js": {"lines":{"total":332,"covered":238,"skipped":0,"pct":71.68},"functions":{"total":27,"covered":19,"skipped":0,"pct":70.37},"statements":{"total":332,"covered":238,"skipped":0,"pct":71.68},"branches":{"total":48,"covered":34,"skipped":0,"pct":70.83}}
,"/share/u/davidbau/git/mazesofmenace/game/js/apply.js": {"lines":{"total":1299,"covered":500,"skipped":0,"pct":38.49},"functions":{"total":79,"covered":9,"skipped":0,"pct":11.39},"statements":{"total":1299,"covered":500,"skipped":0,"pct":38.49},"branches":{"total":103,"covered":72,"skipped":0,"pct":69.9}}
,"/share/u/davidbau/git/mazesofmenace/game/js/artifact.js": {"lines":{"total":1704,"covered":387,"skipped":0,"pct":22.71},"functions":{"total":85,"covered":2,"skipped":0,"pct":2.35},"statements":{"total":1704,"covered":387,"skipped":0,"pct":22.71},"branches":{"total":9,"covered":4,"skipped":0,"pct":44.44}}
,"/share/u/davidbau/git/mazesofmenace/game/js/artifacts.js": {"lines":{"total":134,"covered":134,"skipped":0,"pct":100},"functions":{"total":0,"covered":0,"skipped":0,"pct":100},"statements":{"total":134,"covered":134,"skipped":0,"pct":100},"branches":{"total":1,"covered":1,"skipped":0,"pct":100}}
,"/share/u/davidbau/git/mazesofmenace/game/js/attrib.js": {"lines":{"total":1188,"covered":450,"skipped":0,"pct":37.87},"functions":{"total":61,"covered":12,"skipped":0,"pct":19.67},"statements":{"total":1188,"covered":450,"skipped":0,"pct":37.87},"branches":{"total":60,"covered":33,"skipped":0,"pct":55}}
,"/share/u/davidbau/git/mazesofmenace/game/js/attrib_exercise.js": {"lines":{"total":205,"covered":125,"skipped":0,"pct":60.97},"functions":{"total":9,"covered":5,"skipped":0,"pct":55.55},"statements":{"total":205,"covered":125,"skipped":0,"pct":60.97},"branches":{"total":46,"covered":22,"skipped":0,"pct":47.82}}
,"/share/u/davidbau/git/mazesofmenace/game/js/ball.js": {"lines":{"total":959,"covered":131,"skipped":0,"pct":13.66},"functions":{"total":26,"covered":0,"skipped":0,"pct":0},"statements":{"total":959,"covered":131,"skipped":0,"pct":13.66},"branches":{"total":1,"covered":1,"skipped":0,"pct":100}}
,"/share/u/davidbau/git/mazesofmenace/game/js/bones.js": {"lines":{"total":384,"covered":157,"skipped":0,"pct":40.88},"functions":{"total":15,"covered":1,"skipped":0,"pct":6.66},"statements":{"total":384,"covered":157,"skipped":0,"pct":40.88},"branches":{"total":9,"covered":7,"skipped":0,"pct":77.77}}
,"/share/u/davidbau/git/mazesofmenace/game/js/botl.js": {"lines":{"total":759,"covered":189,"skipped":0,"pct":24.9},"functions":{"total":40,"covered":0,"skipped":0,"pct":0},"statements":{"total":759,"covered":189,"skipped":0,"pct":24.9},"branches":{"total":1,"covered":1,"skipped":0,"pct":100}}
,"/share/u/davidbau/git/mazesofmenace/game/js/calendar.js": {"lines":{"total":122,"covered":90,"skipped":0,"pct":73.77},"functions":{"total":11,"covered":5,"skipped":0,"pct":45.45},"statements":{"total":122,"covered":90,"skipped":0,"pct":73.77},"branches":{"total":11,"covered":6,"skipped":0,"pct":54.54}}
,"/share/u/davidbau/git/mazesofmenace/game/js/chargen.js": {"lines":{"total":1257,"covered":103,"skipped":0,"pct":8.19},"functions":{"total":24,"covered":0,"skipped":0,"pct":0},"statements":{"total":1257,"covered":103,"skipped":0,"pct":8.19},"branches":{"total":1,"covered":1,"skipped":0,"pct":100}}
,"/share/u/davidbau/git/mazesofmenace/game/js/cmd.js": {"lines":{"total":1671,"covered":910,"skipped":0,"pct":54.45},"functions":{"total":76,"covered":15,"skipped":0,"pct":19.73},"statements":{"total":1671,"covered":910,"skipped":0,"pct":54.45},"branches":{"total":308,"covered":205,"skipped":0,"pct":66.55}}
,"/share/u/davidbau/git/mazesofmenace/game/js/const.js": {"lines":{"total":4280,"covered":4082,"skipped":0,"pct":95.37},"functions":{"total":80,"covered":20,"skipped":0,"pct":25},"statements":{"total":4280,"covered":4082,"skipped":0,"pct":95.37},"branches":{"total":38,"covered":33,"skipped":0,"pct":86.84}}
,"/share/u/davidbau/git/mazesofmenace/game/js/dbridge.js": {"lines":{"total":580,"covered":176,"skipped":0,"pct":30.34},"functions":{"total":31,"covered":5,"skipped":0,"pct":16.12},"statements":{"total":580,"covered":176,"skipped":0,"pct":30.34},"branches":{"total":22,"covered":10,"skipped":0,"pct":45.45}}
,"/share/u/davidbau/git/mazesofmenace/game/js/detect.js": {"lines":{"total":1082,"covered":319,"skipped":0,"pct":29.48},"functions":{"total":55,"covered":5,"skipped":0,"pct":9.09},"statements":{"total":1082,"covered":319,"skipped":0,"pct":29.48},"branches":{"total":35,"covered":21,"skipped":0,"pct":60}}
,"/share/u/davidbau/git/mazesofmenace/game/js/dig.js": {"lines":{"total":2088,"covered":492,"skipped":0,"pct":23.56},"functions":{"total":45,"covered":4,"skipped":0,"pct":8.88},"statements":{"total":2088,"covered":492,"skipped":0,"pct":23.56},"branches":{"total":37,"covered":18,"skipped":0,"pct":48.64}}
,"/share/u/davidbau/git/mazesofmenace/game/js/display.js": {"lines":{"total":2475,"covered":794,"skipped":0,"pct":32.08},"functions":{"total":113,"covered":23,"skipped":0,"pct":20.35},"statements":{"total":2475,"covered":794,"skipped":0,"pct":32.08},"branches":{"total":205,"covered":129,"skipped":0,"pct":62.92}}
,"/share/u/davidbau/git/mazesofmenace/game/js/display_rng.js": {"lines":{"total":117,"covered":95,"skipped":0,"pct":81.19},"functions":{"total":7,"covered":5,"skipped":0,"pct":71.42},"statements":{"total":117,"covered":95,"skipped":0,"pct":81.19},"branches":{"total":58,"covered":42,"skipped":0,"pct":72.41}}
,"/share/u/davidbau/git/mazesofmenace/game/js/do.js": {"lines":{"total":1892,"covered":1053,"skipped":0,"pct":55.65},"functions":{"total":79,"covered":38,"skipped":0,"pct":48.1},"statements":{"total":1892,"covered":1053,"skipped":0,"pct":55.65},"branches":{"total":393,"covered":194,"skipped":0,"pct":49.36}}
,"/share/u/davidbau/git/mazesofmenace/game/js/do_name.js": {"lines":{"total":1194,"covered":664,"skipped":0,"pct":55.61},"functions":{"total":59,"covered":13,"skipped":0,"pct":22.03},"statements":{"total":1194,"covered":664,"skipped":0,"pct":55.61},"branches":{"total":52,"covered":24,"skipped":0,"pct":46.15}}
,"/share/u/davidbau/git/mazesofmenace/game/js/do_wear.js": {"lines":{"total":2590,"covered":817,"skipped":0,"pct":31.54},"functions":{"total":105,"covered":24,"skipped":0,"pct":22.85},"statements":{"total":2590,"covered":817,"skipped":0,"pct":31.54},"branches":{"total":253,"covered":145,"skipped":0,"pct":57.31}}
,"/share/u/davidbau/git/mazesofmenace/game/js/dog.js": {"lines":{"total":1140,"covered":485,"skipped":0,"pct":42.54},"functions":{"total":31,"covered":12,"skipped":0,"pct":38.7},"statements":{"total":1140,"covered":485,"skipped":0,"pct":42.54},"branches":{"total":209,"covered":124,"skipped":0,"pct":59.33}}
,"/share/u/davidbau/git/mazesofmenace/game/js/dogmove.js": {"lines":{"total":1631,"covered":1338,"skipped":0,"pct":82.03},"functions":{"total":25,"covered":21,"skipped":0,"pct":84},"statements":{"total":1631,"covered":1338,"skipped":0,"pct":82.03},"branches":{"total":657,"covered":432,"skipped":0,"pct":65.75}}
,"/share/u/davidbau/git/mazesofmenace/game/js/dothrow.js": {"lines":{"total":1526,"covered":615,"skipped":0,"pct":40.3},"functions":{"total":62,"covered":19,"skipped":0,"pct":30.64},"statements":{"total":1526,"covered":615,"skipped":0,"pct":40.3},"branches":{"total":241,"covered":116,"skipped":0,"pct":48.13}}
,"/share/u/davidbau/git/mazesofmenace/game/js/dungeon.js": {"lines":{"total":5776,"covered":4377,"skipped":0,"pct":75.77},"functions":{"total":237,"covered":110,"skipped":0,"pct":46.41},"statements":{"total":5776,"covered":4377,"skipped":0,"pct":75.77},"branches":{"total":1550,"covered":1131,"skipped":0,"pct":72.96}}
,"/share/u/davidbau/git/mazesofmenace/game/js/eat.js": {"lines":{"total":2318,"covered":1048,"skipped":0,"pct":45.21},"functions":{"total":90,"covered":21,"skipped":0,"pct":23.33},"statements":{"total":2318,"covered":1048,"skipped":0,"pct":45.21},"branches":{"total":265,"covered":111,"skipped":0,"pct":41.88}}
,"/share/u/davidbau/git/mazesofmenace/game/js/end.js": {"lines":{"total":1155,"covered":563,"skipped":0,"pct":48.74},"functions":{"total":41,"covered":9,"skipped":0,"pct":21.95},"statements":{"total":1155,"covered":563,"skipped":0,"pct":48.74},"branches":{"total":69,"covered":17,"skipped":0,"pct":24.63}}
,"/share/u/davidbau/git/mazesofmenace/game/js/engrave.js": {"lines":{"total":863,"covered":509,"skipped":0,"pct":58.98},"functions":{"total":40,"covered":17,"skipped":0,"pct":42.5},"statements":{"total":863,"covered":509,"skipped":0,"pct":58.98},"branches":{"total":183,"covered":102,"skipped":0,"pct":55.73}}
,"/share/u/davidbau/git/mazesofmenace/game/js/engrave_data.js": {"lines":{"total":52,"covered":52,"skipped":0,"pct":100},"functions":{"total":0,"covered":0,"skipped":0,"pct":100},"statements":{"total":52,"covered":52,"skipped":0,"pct":100},"branches":{"total":1,"covered":1,"skipped":0,"pct":100}}
,"/share/u/davidbau/git/mazesofmenace/game/js/epitaph_data.js": {"lines":{"total":401,"covered":401,"skipped":0,"pct":100},"functions":{"total":0,"covered":0,"skipped":0,"pct":100},"statements":{"total":401,"covered":401,"skipped":0,"pct":100},"branches":{"total":1,"covered":1,"skipped":0,"pct":100}}
,"/share/u/davidbau/git/mazesofmenace/game/js/exper.js": {"lines":{"total":299,"covered":156,"skipped":0,"pct":52.17},"functions":{"total":11,"covered":6,"skipped":0,"pct":54.54},"statements":{"total":299,"covered":156,"skipped":0,"pct":52.17},"branches":{"total":46,"covered":8,"skipped":0,"pct":17.39}}
,"/share/u/davidbau/git/mazesofmenace/game/js/explode.js": {"lines":{"total":230,"covered":56,"skipped":0,"pct":24.34},"functions":{"total":9,"covered":0,"skipped":0,"pct":0},"statements":{"total":230,"covered":56,"skipped":0,"pct":24.34},"branches":{"total":1,"covered":1,"skipped":0,"pct":100}}
,"/share/u/davidbau/git/mazesofmenace/game/js/extralev.js": {"lines":{"total":287,"covered":36,"skipped":0,"pct":12.54},"functions":{"total":6,"covered":0,"skipped":0,"pct":0},"statements":{"total":287,"covered":36,"skipped":0,"pct":12.54},"branches":{"total":1,"covered":1,"skipped":0,"pct":100}}
,"/share/u/davidbau/git/mazesofmenace/game/js/fountain.js": {"lines":{"total":865,"covered":97,"skipped":0,"pct":11.21},"functions":{"total":22,"covered":0,"skipped":0,"pct":0},"statements":{"total":865,"covered":97,"skipped":0,"pct":11.21},"branches":{"total":1,"covered":1,"skipped":0,"pct":100}}
,"/share/u/davidbau/git/mazesofmenace/game/js/game.js": {"lines":{"total":217,"covered":213,"skipped":0,"pct":98.15},"functions":{"total":13,"covered":12,"skipped":0,"pct":92.3},"statements":{"total":217,"covered":213,"skipped":0,"pct":98.15},"branches":{"total":41,"covered":41,"skipped":0,"pct":100}}
,"/share/u/davidbau/git/mazesofmenace/game/js/getpos.js": {"lines":{"total":988,"covered":493,"skipped":0,"pct":49.89},"functions":{"total":56,"covered":19,"skipped":0,"pct":33.92},"statements":{"total":988,"covered":493,"skipped":0,"pct":49.89},"branches":{"total":155,"covered":89,"skipped":0,"pct":57.41}}
,"/share/u/davidbau/git/mazesofmenace/game/js/glyphs.js": {"lines":{"total":358,"covered":186,"skipped":0,"pct":51.95},"functions":{"total":17,"covered":0,"skipped":0,"pct":0},"statements":{"total":358,"covered":186,"skipped":0,"pct":51.95},"branches":{"total":1,"covered":1,"skipped":0,"pct":100}}
,"/share/u/davidbau/git/mazesofmenace/game/js/gstate.js": {"lines":{"total":165,"covered":120,"skipped":0,"pct":72.72},"functions":{"total":12,"covered":8,"skipped":0,"pct":66.66},"statements":{"total":165,"covered":120,"skipped":0,"pct":72.72},"branches":{"total":28,"covered":10,"skipped":0,"pct":35.71}}
,"/share/u/davidbau/git/mazesofmenace/game/js/hack.js": {"lines":{"total":3839,"covered":2558,"skipped":0,"pct":66.63},"functions":{"total":147,"covered":90,"skipped":0,"pct":61.22},"statements":{"total":3839,"covered":2558,"skipped":0,"pct":66.63},"branches":{"total":1135,"covered":669,"skipped":0,"pct":58.94}}
,"/share/u/davidbau/git/mazesofmenace/game/js/hacklib.js": {"lines":{"total":818,"covered":432,"skipped":0,"pct":52.81},"functions":{"total":62,"covered":14,"skipped":0,"pct":22.58},"statements":{"total":818,"covered":432,"skipped":0,"pct":52.81},"branches":{"total":62,"covered":52,"skipped":0,"pct":83.87}}
,"/share/u/davidbau/git/mazesofmenace/game/js/headless.js": {"lines":{"total":1332,"covered":866,"skipped":0,"pct":65.01},"functions":{"total":72,"covered":45,"skipped":0,"pct":62.5},"statements":{"total":1332,"covered":866,"skipped":0,"pct":65.01},"branches":{"total":214,"covered":151,"skipped":0,"pct":70.56}}
,"/share/u/davidbau/git/mazesofmenace/game/js/input.js": {"lines":{"total":759,"covered":547,"skipped":0,"pct":72.06},"functions":{"total":56,"covered":36,"skipped":0,"pct":64.28},"statements":{"total":759,"covered":547,"skipped":0,"pct":72.06},"branches":{"total":128,"covered":87,"skipped":0,"pct":67.96}}
,"/share/u/davidbau/git/mazesofmenace/game/js/insight.js": {"lines":{"total":1600,"covered":454,"skipped":0,"pct":28.37},"functions":{"total":56,"covered":1,"skipped":0,"pct":1.78},"statements":{"total":1600,"covered":454,"skipped":0,"pct":28.37},"branches":{"total":5,"covered":2,"skipped":0,"pct":40}}
,"/share/u/davidbau/git/mazesofmenace/game/js/invent.js": {"lines":{"total":2665,"covered":1096,"skipped":0,"pct":41.12},"functions":{"total":148,"covered":27,"skipped":0,"pct":18.24},"statements":{"total":2665,"covered":1096,"skipped":0,"pct":41.12},"branches":{"total":303,"covered":183,"skipped":0,"pct":60.39}}
,"/share/u/davidbau/git/mazesofmenace/game/js/isaac64.js": {"lines":{"total":189,"covered":175,"skipped":0,"pct":92.59},"functions":{"total":8,"covered":7,"skipped":0,"pct":87.5},"statements":{"total":189,"covered":175,"skipped":0,"pct":92.59},"branches":{"total":23,"covered":20,"skipped":0,"pct":86.95}}
,"/share/u/davidbau/git/mazesofmenace/game/js/keylog.js": {"lines":{"total":128,"covered":62,"skipped":0,"pct":48.43},"functions":{"total":8,"covered":4,"skipped":0,"pct":50},"statements":{"total":128,"covered":62,"skipped":0,"pct":48.43},"branches":{"total":9,"covered":7,"skipped":0,"pct":77.77}}
,"/share/u/davidbau/git/mazesofmenace/game/js/kick.js": {"lines":{"total":221,"covered":150,"skipped":0,"pct":67.87},"functions":{"total":3,"covered":2,"skipped":0,"pct":66.66},"statements":{"total":221,"covered":150,"skipped":0,"pct":67.87},"branches":{"total":59,"covered":39,"skipped":0,"pct":66.1}}
,"/share/u/davidbau/git/mazesofmenace/game/js/light.js": {"lines":{"total":541,"covered":321,"skipped":0,"pct":59.33},"functions":{"total":30,"covered":6,"skipped":0,"pct":20},"statements":{"total":541,"covered":321,"skipped":0,"pct":59.33},"branches":{"total":45,"covered":25,"skipped":0,"pct":55.55}}
,"/share/u/davidbau/git/mazesofmenace/game/js/lock.js": {"lines":{"total":1111,"covered":262,"skipped":0,"pct":23.58},"functions":{"total":25,"covered":5,"skipped":0,"pct":20},"statements":{"total":1111,"covered":262,"skipped":0,"pct":23.58},"branches":{"total":55,"covered":31,"skipped":0,"pct":56.36}}
,"/share/u/davidbau/git/mazesofmenace/game/js/makemon.js": {"lines":{"total":2873,"covered":2111,"skipped":0,"pct":73.47},"functions":{"total":98,"covered":70,"skipped":0,"pct":71.42},"statements":{"total":2873,"covered":2111,"skipped":0,"pct":73.47},"branches":{"total":971,"covered":660,"skipped":0,"pct":67.97}}
,"/share/u/davidbau/git/mazesofmenace/game/js/mcastu.js": {"lines":{"total":385,"covered":160,"skipped":0,"pct":41.55},"functions":{"total":14,"covered":6,"skipped":0,"pct":42.85},"statements":{"total":385,"covered":160,"skipped":0,"pct":41.55},"branches":{"total":84,"covered":33,"skipped":0,"pct":39.28}}
,"/share/u/davidbau/git/mazesofmenace/game/js/mhitm.js": {"lines":{"total":937,"covered":621,"skipped":0,"pct":66.27},"functions":{"total":27,"covered":13,"skipped":0,"pct":48.14},"statements":{"total":937,"covered":621,"skipped":0,"pct":66.27},"branches":{"total":278,"covered":163,"skipped":0,"pct":58.63}}
,"/share/u/davidbau/git/mazesofmenace/game/js/mhitu.js": {"lines":{"total":2421,"covered":845,"skipped":0,"pct":34.9},"functions":{"total":86,"covered":25,"skipped":0,"pct":29.06},"statements":{"total":2421,"covered":845,"skipped":0,"pct":34.9},"branches":{"total":309,"covered":162,"skipped":0,"pct":52.42}}
,"/share/u/davidbau/git/mazesofmenace/game/js/minion.js": {"lines":{"total":436,"covered":127,"skipped":0,"pct":29.12},"functions":{"total":14,"covered":0,"skipped":0,"pct":0},"statements":{"total":436,"covered":127,"skipped":0,"pct":29.12},"branches":{"total":1,"covered":1,"skipped":0,"pct":100}}
,"/share/u/davidbau/git/mazesofmenace/game/js/mklev.js": {"lines":{"total":1012,"covered":915,"skipped":0,"pct":90.41},"functions":{"total":57,"covered":48,"skipped":0,"pct":84.21},"statements":{"total":1012,"covered":915,"skipped":0,"pct":90.41},"branches":{"total":387,"covered":310,"skipped":0,"pct":80.1}}
,"/share/u/davidbau/git/mazesofmenace/game/js/mkmap.js": {"lines":{"total":440,"covered":59,"skipped":0,"pct":13.4},"functions":{"total":19,"covered":1,"skipped":0,"pct":5.26},"statements":{"total":440,"covered":59,"skipped":0,"pct":13.4},"branches":{"total":7,"covered":7,"skipped":0,"pct":100}}
,"/share/u/davidbau/git/mazesofmenace/game/js/mkmaze.js": {"lines":{"total":1675,"covered":455,"skipped":0,"pct":27.16},"functions":{"total":54,"covered":14,"skipped":0,"pct":25.92},"statements":{"total":1675,"covered":455,"skipped":0,"pct":27.16},"branches":{"total":142,"covered":74,"skipped":0,"pct":52.11}}
,"/share/u/davidbau/git/mazesofmenace/game/js/mkobj.js": {"lines":{"total":2269,"covered":1578,"skipped":0,"pct":69.54},"functions":{"total":130,"covered":50,"skipped":0,"pct":38.46},"statements":{"total":2269,"covered":1578,"skipped":0,"pct":69.54},"branches":{"total":695,"covered":523,"skipped":0,"pct":75.25}}
,"/share/u/davidbau/git/mazesofmenace/game/js/mkroom.js": {"lines":{"total":592,"covered":409,"skipped":0,"pct":69.08},"functions":{"total":34,"covered":24,"skipped":0,"pct":70.58},"statements":{"total":592,"covered":409,"skipped":0,"pct":69.08},"branches":{"total":172,"covered":123,"skipped":0,"pct":71.51}}
,"/share/u/davidbau/git/mazesofmenace/game/js/mon.js": {"lines":{"total":2942,"covered":1428,"skipped":0,"pct":48.53},"functions":{"total":136,"covered":38,"skipped":0,"pct":27.94},"statements":{"total":2942,"covered":1428,"skipped":0,"pct":48.53},"branches":{"total":610,"covered":366,"skipped":0,"pct":60}}
,"/share/u/davidbau/git/mazesofmenace/game/js/mondata.js": {"lines":{"total":2169,"covered":1382,"skipped":0,"pct":63.71},"functions":{"total":239,"covered":129,"skipped":0,"pct":53.97},"statements":{"total":2169,"covered":1382,"skipped":0,"pct":63.71},"branches":{"total":373,"covered":249,"skipped":0,"pct":66.75}}
,"/share/u/davidbau/git/mazesofmenace/game/js/monmove.js": {"lines":{"total":2715,"covered":1951,"skipped":0,"pct":71.86},"functions":{"total":89,"covered":56,"skipped":0,"pct":62.92},"statements":{"total":2715,"covered":1951,"skipped":0,"pct":71.86},"branches":{"total":1132,"covered":740,"skipped":0,"pct":65.37}}
,"/share/u/davidbau/git/mazesofmenace/game/js/monsters.js": {"lines":{"total":6667,"covered":6667,"skipped":0,"pct":100},"functions":{"total":2,"covered":2,"skipped":0,"pct":100},"statements":{"total":6667,"covered":6667,"skipped":0,"pct":100},"branches":{"total":10,"covered":8,"skipped":0,"pct":80}}
,"/share/u/davidbau/git/mazesofmenace/game/js/more_keys.js": {"lines":{"total":17,"covered":17,"skipped":0,"pct":100},"functions":{"total":2,"covered":2,"skipped":0,"pct":100},"statements":{"total":17,"covered":17,"skipped":0,"pct":100},"branches":{"total":11,"covered":9,"skipped":0,"pct":81.81}}
,"/share/u/davidbau/git/mazesofmenace/game/js/mthrowu.js": {"lines":{"total":1031,"covered":624,"skipped":0,"pct":60.52},"functions":{"total":42,"covered":27,"skipped":0,"pct":64.28},"statements":{"total":1031,"covered":624,"skipped":0,"pct":60.52},"branches":{"total":275,"covered":125,"skipped":0,"pct":45.45}}
,"/share/u/davidbau/git/mazesofmenace/game/js/muse.js": {"lines":{"total":2495,"covered":825,"skipped":0,"pct":33.06},"functions":{"total":70,"covered":8,"skipped":0,"pct":11.42},"statements":{"total":2495,"covered":825,"skipped":0,"pct":33.06},"branches":{"total":378,"covered":133,"skipped":0,"pct":35.18}}
,"/share/u/davidbau/git/mazesofmenace/game/js/music.js": {"lines":{"total":844,"covered":157,"skipped":0,"pct":18.6},"functions":{"total":14,"covered":0,"skipped":0,"pct":0},"statements":{"total":844,"covered":157,"skipped":0,"pct":18.6},"branches":{"total":1,"covered":1,"skipped":0,"pct":100}}
,"/share/u/davidbau/git/mazesofmenace/game/js/o_init.js": {"lines":{"total":786,"covered":445,"skipped":0,"pct":56.61},"functions":{"total":48,"covered":17,"skipped":0,"pct":35.41},"statements":{"total":786,"covered":445,"skipped":0,"pct":56.61},"branches":{"total":75,"covered":63,"skipped":0,"pct":84}}
,"/share/u/davidbau/git/mazesofmenace/game/js/objdata.js": {"lines":{"total":136,"covered":110,"skipped":0,"pct":80.88},"functions":{"total":15,"covered":4,"skipped":0,"pct":26.66},"statements":{"total":136,"covered":110,"skipped":0,"pct":80.88},"branches":{"total":12,"covered":6,"skipped":0,"pct":50}}
,"/share/u/davidbau/git/mazesofmenace/game/js/objects.js": {"lines":{"total":9307,"covered":9305,"skipped":0,"pct":99.97},"functions":{"total":8,"covered":6,"skipped":0,"pct":75},"statements":{"total":9307,"covered":9305,"skipped":0,"pct":99.97},"branches":{"total":21,"covered":21,"skipped":0,"pct":100}}
,"/share/u/davidbau/git/mazesofmenace/game/js/objnam.js": {"lines":{"total":2315,"covered":1156,"skipped":0,"pct":49.93},"functions":{"total":100,"covered":27,"skipped":0,"pct":27},"statements":{"total":2315,"covered":1156,"skipped":0,"pct":49.93},"branches":{"total":344,"covered":167,"skipped":0,"pct":48.54}}
,"/share/u/davidbau/git/mazesofmenace/game/js/options.js": {"lines":{"total":2452,"covered":750,"skipped":0,"pct":30.58},"functions":{"total":107,"covered":1,"skipped":0,"pct":0.93},"statements":{"total":2452,"covered":750,"skipped":0,"pct":30.58},"branches":{"total":5,"covered":5,"skipped":0,"pct":100}}
,"/share/u/davidbau/git/mazesofmenace/game/js/origin_awaits.js": {"lines":{"total":58,"covered":58,"skipped":0,"pct":100},"functions":{"total":4,"covered":4,"skipped":0,"pct":100},"statements":{"total":58,"covered":58,"skipped":0,"pct":100},"branches":{"total":13,"covered":6,"skipped":0,"pct":46.15}}
,"/share/u/davidbau/git/mazesofmenace/game/js/pager.js": {"lines":{"total":1428,"covered":794,"skipped":0,"pct":55.6},"functions":{"total":74,"covered":15,"skipped":0,"pct":20.27},"statements":{"total":1428,"covered":794,"skipped":0,"pct":55.6},"branches":{"total":159,"covered":73,"skipped":0,"pct":45.91}}
,"/share/u/davidbau/git/mazesofmenace/game/js/pickup.js": {"lines":{"total":2465,"covered":725,"skipped":0,"pct":29.41},"functions":{"total":92,"covered":14,"skipped":0,"pct":15.21},"statements":{"total":2465,"covered":725,"skipped":0,"pct":29.41},"branches":{"total":168,"covered":76,"skipped":0,"pct":45.23}}
,"/share/u/davidbau/git/mazesofmenace/game/js/player.js": {"lines":{"total":611,"covered":484,"skipped":0,"pct":79.21},"functions":{"total":96,"covered":56,"skipped":0,"pct":58.33},"statements":{"total":611,"covered":484,"skipped":0,"pct":79.21},"branches":{"total":171,"covered":122,"skipped":0,"pct":71.34}}
,"/share/u/davidbau/git/mazesofmenace/game/js/pline.js": {"lines":{"total":297,"covered":192,"skipped":0,"pct":64.64},"functions":{"total":41,"covered":16,"skipped":0,"pct":39.02},"statements":{"total":297,"covered":192,"skipped":0,"pct":64.64},"branches":{"total":46,"covered":31,"skipped":0,"pct":67.39}}
,"/share/u/davidbau/git/mazesofmenace/game/js/polyself.js": {"lines":{"total":2122,"covered":458,"skipped":0,"pct":21.58},"functions":{"total":35,"covered":2,"skipped":0,"pct":5.71},"statements":{"total":2122,"covered":458,"skipped":0,"pct":21.58},"branches":{"total":18,"covered":8,"skipped":0,"pct":44.44}}
,"/share/u/davidbau/git/mazesofmenace/game/js/potion.js": {"lines":{"total":1963,"covered":368,"skipped":0,"pct":18.74},"functions":{"total":75,"covered":4,"skipped":0,"pct":5.33},"statements":{"total":1963,"covered":368,"skipped":0,"pct":18.74},"branches":{"total":18,"covered":13,"skipped":0,"pct":72.22}}
,"/share/u/davidbau/git/mazesofmenace/game/js/pray.js": {"lines":{"total":2519,"covered":552,"skipped":0,"pct":21.91},"functions":{"total":84,"covered":2,"skipped":0,"pct":2.38},"statements":{"total":2519,"covered":552,"skipped":0,"pct":21.91},"branches":{"total":17,"covered":3,"skipped":0,"pct":17.64}}
,"/share/u/davidbau/git/mazesofmenace/game/js/priest.js": {"lines":{"total":815,"covered":370,"skipped":0,"pct":45.39},"functions":{"total":23,"covered":10,"skipped":0,"pct":43.47},"statements":{"total":815,"covered":370,"skipped":0,"pct":45.39},"branches":{"total":88,"covered":22,"skipped":0,"pct":25}}
,"/share/u/davidbau/git/mazesofmenace/game/js/read.js": {"lines":{"total":2145,"covered":517,"skipped":0,"pct":24.1},"functions":{"total":70,"covered":5,"skipped":0,"pct":7.14},"statements":{"total":2145,"covered":517,"skipped":0,"pct":24.1},"branches":{"total":34,"covered":25,"skipped":0,"pct":73.52}}
,"/share/u/davidbau/git/mazesofmenace/game/js/rect.js": {"lines":{"total":191,"covered":130,"skipped":0,"pct":68.06},"functions":{"total":13,"covered":8,"skipped":0,"pct":61.53},"statements":{"total":191,"covered":130,"skipped":0,"pct":68.06},"branches":{"total":52,"covered":45,"skipped":0,"pct":86.53}}
,"/share/u/davidbau/git/mazesofmenace/game/js/region.js": {"lines":{"total":905,"covered":402,"skipped":0,"pct":44.41},"functions":{"total":44,"covered":15,"skipped":0,"pct":34.09},"statements":{"total":905,"covered":402,"skipped":0,"pct":44.41},"branches":{"total":46,"covered":25,"skipped":0,"pct":54.34}}
,"/share/u/davidbau/git/mazesofmenace/game/js/render.js": {"lines":{"total":461,"covered":394,"skipped":0,"pct":85.46},"functions":{"total":9,"covered":7,"skipped":0,"pct":77.77},"statements":{"total":461,"covered":394,"skipped":0,"pct":85.46},"branches":{"total":138,"covered":81,"skipped":0,"pct":58.69}}
,"/share/u/davidbau/git/mazesofmenace/game/js/replay_compare.js": {"lines":{"total":655,"covered":266,"skipped":0,"pct":40.61},"functions":{"total":30,"covered":7,"skipped":0,"pct":23.33},"statements":{"total":655,"covered":266,"skipped":0,"pct":40.61},"branches":{"total":66,"covered":25,"skipped":0,"pct":37.87}}
,"/share/u/davidbau/git/mazesofmenace/game/js/replay_core.js": {"lines":{"total":388,"covered":327,"skipped":0,"pct":84.27},"functions":{"total":15,"covered":12,"skipped":0,"pct":80},"statements":{"total":388,"covered":327,"skipped":0,"pct":84.27},"branches":{"total":113,"covered":71,"skipped":0,"pct":62.83}}
,"/share/u/davidbau/git/mazesofmenace/game/js/rng.js": {"lines":{"total":591,"covered":436,"skipped":0,"pct":73.77},"functions":{"total":47,"covered":22,"skipped":0,"pct":46.8},"statements":{"total":591,"covered":436,"skipped":0,"pct":73.77},"branches":{"total":95,"covered":69,"skipped":0,"pct":72.63}}
,"/share/u/davidbau/git/mazesofmenace/game/js/role.js": {"lines":{"total":1657,"covered":760,"skipped":0,"pct":45.86},"functions":{"total":70,"covered":3,"skipped":0,"pct":4.28},"statements":{"total":1657,"covered":760,"skipped":0,"pct":45.86},"branches":{"total":23,"covered":18,"skipped":0,"pct":78.26}}
,"/share/u/davidbau/git/mazesofmenace/game/js/rumor_data.js": {"lines":{"total":777,"covered":777,"skipped":0,"pct":100},"functions":{"total":0,"covered":0,"skipped":0,"pct":100},"statements":{"total":777,"covered":777,"skipped":0,"pct":100},"branches":{"total":1,"covered":1,"skipped":0,"pct":100}}
,"/share/u/davidbau/git/mazesofmenace/game/js/rumors.js": {"lines":{"total":398,"covered":260,"skipped":0,"pct":65.32},"functions":{"total":19,"covered":3,"skipped":0,"pct":15.78},"statements":{"total":398,"covered":260,"skipped":0,"pct":65.32},"branches":{"total":18,"covered":10,"skipped":0,"pct":55.55}}
,"/share/u/davidbau/git/mazesofmenace/game/js/runtime_env.js": {"lines":{"total":33,"covered":27,"skipped":0,"pct":81.81},"functions":{"total":6,"covered":5,"skipped":0,"pct":83.33},"statements":{"total":33,"covered":27,"skipped":0,"pct":81.81},"branches":{"total":12,"covered":8,"skipped":0,"pct":66.66}}
,"/share/u/davidbau/git/mazesofmenace/game/js/save.js": {"lines":{"total":332,"covered":174,"skipped":0,"pct":52.4},"functions":{"total":24,"covered":0,"skipped":0,"pct":0},"statements":{"total":332,"covered":174,"skipped":0,"pct":52.4},"branches":{"total":1,"covered":1,"skipped":0,"pct":100}}
,"/share/u/davidbau/git/mazesofmenace/game/js/shk.js": {"lines":{"total":3418,"covered":898,"skipped":0,"pct":26.27},"functions":{"total":161,"covered":15,"skipped":0,"pct":9.31},"statements":{"total":3418,"covered":898,"skipped":0,"pct":26.27},"branches":{"total":124,"covered":40,"skipped":0,"pct":32.25}}
,"/share/u/davidbau/git/mazesofmenace/game/js/shknam.js": {"lines":{"total":805,"covered":657,"skipped":0,"pct":81.61},"functions":{"total":23,"covered":12,"skipped":0,"pct":52.17},"statements":{"total":805,"covered":657,"skipped":0,"pct":81.61},"branches":{"total":92,"covered":53,"skipped":0,"pct":57.6}}
,"/share/u/davidbau/git/mazesofmenace/game/js/sit.js": {"lines":{"total":622,"covered":56,"skipped":0,"pct":9},"functions":{"total":7,"covered":0,"skipped":0,"pct":0},"statements":{"total":622,"covered":56,"skipped":0,"pct":9},"branches":{"total":1,"covered":1,"skipped":0,"pct":100}}
,"/share/u/davidbau/git/mazesofmenace/game/js/sounds.js": {"lines":{"total":1343,"covered":441,"skipped":0,"pct":32.83},"functions":{"total":44,"covered":5,"skipped":0,"pct":11.36},"statements":{"total":1343,"covered":441,"skipped":0,"pct":32.83},"branches":{"total":103,"covered":56,"skipped":0,"pct":54.36}}
,"/share/u/davidbau/git/mazesofmenace/game/js/sp_lev.js": {"lines":{"total":8936,"covered":5372,"skipped":0,"pct":60.11},"functions":{"total":407,"covered":160,"skipped":0,"pct":39.31},"statements":{"total":8936,"covered":5372,"skipped":0,"pct":60.11},"branches":{"total":1556,"covered":818,"skipped":0,"pct":52.57}}
,"/share/u/davidbau/git/mazesofmenace/game/js/special_levels.js": {"lines":{"total":701,"covered":632,"skipped":0,"pct":90.15},"functions":{"total":12,"covered":4,"skipped":0,"pct":33.33},"statements":{"total":701,"covered":632,"skipped":0,"pct":90.15},"branches":{"total":16,"covered":12,"skipped":0,"pct":75}}
,"/share/u/davidbau/git/mazesofmenace/game/js/spell.js": {"lines":{"total":1739,"covered":407,"skipped":0,"pct":23.4},"functions":{"total":63,"covered":4,"skipped":0,"pct":6.34},"statements":{"total":1739,"covered":407,"skipped":0,"pct":23.4},"branches":{"total":12,"covered":6,"skipped":0,"pct":50}}
,"/share/u/davidbau/git/mazesofmenace/game/js/stairs.js": {"lines":{"total":233,"covered":127,"skipped":0,"pct":54.5},"functions":{"total":23,"covered":9,"skipped":0,"pct":39.13},"statements":{"total":233,"covered":127,"skipped":0,"pct":54.5},"branches":{"total":36,"covered":24,"skipped":0,"pct":66.66}}
,"/share/u/davidbau/git/mazesofmenace/game/js/steal.js": {"lines":{"total":539,"covered":272,"skipped":0,"pct":50.46},"functions":{"total":20,"covered":10,"skipped":0,"pct":50},"statements":{"total":539,"covered":272,"skipped":0,"pct":50.46},"branches":{"total":75,"covered":32,"skipped":0,"pct":42.66}}
,"/share/u/davidbau/git/mazesofmenace/game/js/steed.js": {"lines":{"total":480,"covered":69,"skipped":0,"pct":14.37},"functions":{"total":15,"covered":0,"skipped":0,"pct":0},"statements":{"total":480,"covered":69,"skipped":0,"pct":14.37},"branches":{"total":1,"covered":1,"skipped":0,"pct":100}}
,"/share/u/davidbau/git/mazesofmenace/game/js/storage.js": {"lines":{"total":1047,"covered":611,"skipped":0,"pct":58.35},"functions":{"total":53,"covered":23,"skipped":0,"pct":43.39},"statements":{"total":1047,"covered":611,"skipped":0,"pct":58.35},"branches":{"total":100,"covered":61,"skipped":0,"pct":61}}
,"/share/u/davidbau/git/mazesofmenace/game/js/symbols.js": {"lines":{"total":893,"covered":868,"skipped":0,"pct":97.2},"functions":{"total":34,"covered":1,"skipped":0,"pct":2.94},"statements":{"total":893,"covered":868,"skipped":0,"pct":97.2},"branches":{"total":2,"covered":2,"skipped":0,"pct":100}}
,"/share/u/davidbau/git/mazesofmenace/game/js/teleport.js": {"lines":{"total":1076,"covered":671,"skipped":0,"pct":62.36},"functions":{"total":40,"covered":21,"skipped":0,"pct":52.5},"statements":{"total":1076,"covered":671,"skipped":0,"pct":62.36},"branches":{"total":192,"covered":76,"skipped":0,"pct":39.58}}
,"/share/u/davidbau/git/mazesofmenace/game/js/temp_glyph.js": {"lines":{"total":359,"covered":180,"skipped":0,"pct":50.13},"functions":{"total":8,"covered":5,"skipped":0,"pct":62.5},"statements":{"total":359,"covered":180,"skipped":0,"pct":50.13},"branches":{"total":19,"covered":6,"skipped":0,"pct":31.57}}
,"/share/u/davidbau/git/mazesofmenace/game/js/timeout.js": {"lines":{"total":1432,"covered":723,"skipped":0,"pct":50.48},"functions":{"total":85,"covered":28,"skipped":0,"pct":32.94},"statements":{"total":1432,"covered":723,"skipped":0,"pct":50.48},"branches":{"total":183,"covered":79,"skipped":0,"pct":43.16}}
,"/share/u/davidbau/git/mazesofmenace/game/js/topten.js": {"lines":{"total":387,"covered":122,"skipped":0,"pct":31.52},"functions":{"total":34,"covered":0,"skipped":0,"pct":0},"statements":{"total":387,"covered":122,"skipped":0,"pct":31.52},"branches":{"total":1,"covered":1,"skipped":0,"pct":100}}
,"/share/u/davidbau/git/mazesofmenace/game/js/track.js": {"lines":{"total":81,"covered":51,"skipped":0,"pct":62.96},"functions":{"total":6,"covered":3,"skipped":0,"pct":50},"statements":{"total":81,"covered":51,"skipped":0,"pct":62.96},"branches":{"total":15,"covered":15,"skipped":0,"pct":100}}
,"/share/u/davidbau/git/mazesofmenace/game/js/trap.js": {"lines":{"total":3162,"covered":916,"skipped":0,"pct":28.96},"functions":{"total":142,"covered":27,"skipped":0,"pct":19.01},"statements":{"total":3162,"covered":916,"skipped":0,"pct":28.96},"branches":{"total":237,"covered":117,"skipped":0,"pct":49.36}}
,"/share/u/davidbau/git/mazesofmenace/game/js/u_init.js": {"lines":{"total":1421,"covered":1285,"skipped":0,"pct":90.42},"functions":{"total":40,"covered":28,"skipped":0,"pct":70},"statements":{"total":1421,"covered":1285,"skipped":0,"pct":90.42},"branches":{"total":317,"covered":244,"skipped":0,"pct":76.97}}
,"/share/u/davidbau/git/mazesofmenace/game/js/uhitm.js": {"lines":{"total":2406,"covered":1139,"skipped":0,"pct":47.33},"functions":{"total":120,"covered":19,"skipped":0,"pct":15.83},"statements":{"total":2406,"covered":1139,"skipped":0,"pct":47.33},"branches":{"total":290,"covered":133,"skipped":0,"pct":45.86}}
,"/share/u/davidbau/git/mazesofmenace/game/js/vault.js": {"lines":{"total":1396,"covered":289,"skipped":0,"pct":20.7},"functions":{"total":28,"covered":3,"skipped":0,"pct":10.71},"statements":{"total":1396,"covered":289,"skipped":0,"pct":20.7},"branches":{"total":32,"covered":10,"skipped":0,"pct":31.25}}
,"/share/u/davidbau/git/mazesofmenace/game/js/version.js": {"lines":{"total":2,"covered":2,"skipped":0,"pct":100},"functions":{"total":0,"covered":0,"skipped":0,"pct":100},"statements":{"total":2,"covered":2,"skipped":0,"pct":100},"branches":{"total":1,"covered":1,"skipped":0,"pct":100}}
,"/share/u/davidbau/git/mazesofmenace/game/js/vision.js": {"lines":{"total":1179,"covered":952,"skipped":0,"pct":80.74},"functions":{"total":40,"covered":31,"skipped":0,"pct":77.5},"statements":{"total":1179,"covered":952,"skipped":0,"pct":80.74},"branches":{"total":396,"covered":332,"skipped":0,"pct":83.83}}
,"/share/u/davidbau/git/mazesofmenace/game/js/weapon.js": {"lines":{"total":1019,"covered":717,"skipped":0,"pct":70.36},"functions":{"total":44,"covered":17,"skipped":0,"pct":38.63},"statements":{"total":1019,"covered":717,"skipped":0,"pct":70.36},"branches":{"total":302,"covered":152,"skipped":0,"pct":50.33}}
,"/share/u/davidbau/git/mazesofmenace/game/js/were.js": {"lines":{"total":321,"covered":149,"skipped":0,"pct":46.41},"functions":{"total":10,"covered":4,"skipped":0,"pct":40},"statements":{"total":321,"covered":149,"skipped":0,"pct":46.41},"branches":{"total":40,"covered":19,"skipped":0,"pct":47.5}}
,"/share/u/davidbau/git/mazesofmenace/game/js/wield.js": {"lines":{"total":697,"covered":360,"skipped":0,"pct":51.64},"functions":{"total":33,"covered":18,"skipped":0,"pct":54.54},"statements":{"total":697,"covered":360,"skipped":0,"pct":51.64},"branches":{"total":114,"covered":81,"skipped":0,"pct":71.05}}
,"/share/u/davidbau/git/mazesofmenace/game/js/windows.js": {"lines":{"total":676,"covered":474,"skipped":0,"pct":70.11},"functions":{"total":71,"covered":17,"skipped":0,"pct":23.94},"statements":{"total":676,"covered":474,"skipped":0,"pct":70.11},"branches":{"total":126,"covered":88,"skipped":0,"pct":69.84}}
,"/share/u/davidbau/git/mazesofmenace/game/js/wizard.js": {"lines":{"total":928,"covered":301,"skipped":0,"pct":32.43},"functions":{"total":24,"covered":0,"skipped":0,"pct":0},"statements":{"total":928,"covered":301,"skipped":0,"pct":32.43},"branches":{"total":1,"covered":1,"skipped":0,"pct":100}}
,"/share/u/davidbau/git/mazesofmenace/game/js/wizcmds.js": {"lines":{"total":1030,"covered":407,"skipped":0,"pct":39.51},"functions":{"total":49,"covered":3,"skipped":0,"pct":6.12},"statements":{"total":1030,"covered":407,"skipped":0,"pct":39.51},"branches":{"total":14,"covered":6,"skipped":0,"pct":42.85}}
,"/share/u/davidbau/git/mazesofmenace/game/js/worm.js": {"lines":{"total":833,"covered":265,"skipped":0,"pct":31.81},"functions":{"total":42,"covered":9,"skipped":0,"pct":21.42},"statements":{"total":833,"covered":265,"skipped":0,"pct":31.81},"branches":{"total":24,"covered":10,"skipped":0,"pct":41.66}}
,"/share/u/davidbau/git/mazesofmenace/game/js/worn.js": {"lines":{"total":888,"covered":469,"skipped":0,"pct":52.81},"functions":{"total":33,"covered":12,"skipped":0,"pct":36.36},"statements":{"total":888,"covered":469,"skipped":0,"pct":52.81},"branches":{"total":196,"covered":128,"skipped":0,"pct":65.3}}
,"/share/u/davidbau/git/mazesofmenace/game/js/xoshiro256.js": {"lines":{"total":176,"covered":79,"skipped":0,"pct":44.88},"functions":{"total":7,"covered":0,"skipped":0,"pct":0},"statements":{"total":176,"covered":79,"skipped":0,"pct":44.88},"branches":{"total":1,"covered":1,"skipped":0,"pct":100}}
,"/share/u/davidbau/git/mazesofmenace/game/js/zap.js": {"lines":{"total":2714,"covered":565,"skipped":0,"pct":20.81},"functions":{"total":107,"covered":3,"skipped":0,"pct":2.8},"statements":{"total":2714,"covered":565,"skipped":0,"pct":20.81},"branches":{"total":38,"covered":7,"skipped":0,"pct":18.42}}
,"/share/u/davidbau/git/mazesofmenace/game/js/levels/Arc-fila.js": {"lines":{"total":71,"covered":8,"skipped":0,"pct":11.26},"functions":{"total":1,"covered":0,"skipped":0,"pct":0},"statements":{"total":71,"covered":8,"skipped":0,"pct":11.26},"branches":{"total":1,"covered":1,"skipped":0,"pct":100}}
,"/share/u/davidbau/git/mazesofmenace/game/js/levels/Arc-filb.js": {"lines":{"total":71,"covered":8,"skipped":0,"pct":11.26},"functions":{"total":1,"covered":0,"skipped":0,"pct":0},"statements":{"total":71,"covered":8,"skipped":0,"pct":11.26},"branches":{"total":1,"covered":1,"skipped":0,"pct":100}}
,"/share/u/davidbau/git/mazesofmenace/game/js/levels/Arc-goal.js": {"lines":{"total":128,"covered":9,"skipped":0,"pct":7.03},"functions":{"total":1,"covered":0,"skipped":0,"pct":0},"statements":{"total":128,"covered":9,"skipped":0,"pct":7.03},"branches":{"total":1,"covered":1,"skipped":0,"pct":100}}
,"/share/u/davidbau/git/mazesofmenace/game/js/levels/Arc-loca.js": {"lines":{"total":162,"covered":10,"skipped":0,"pct":6.17},"functions":{"total":1,"covered":0,"skipped":0,"pct":0},"statements":{"total":162,"covered":10,"skipped":0,"pct":6.17},"branches":{"total":1,"covered":1,"skipped":0,"pct":100}}
,"/share/u/davidbau/git/mazesofmenace/game/js/levels/Arc-strt.js": {"lines":{"total":129,"covered":9,"skipped":0,"pct":6.97},"functions":{"total":1,"covered":0,"skipped":0,"pct":0},"statements":{"total":129,"covered":9,"skipped":0,"pct":6.97},"branches":{"total":1,"covered":1,"skipped":0,"pct":100}}
,"/share/u/davidbau/git/mazesofmenace/game/js/levels/Bar-fila.js": {"lines":{"total":45,"covered":8,"skipped":0,"pct":17.77},"functions":{"total":1,"covered":0,"skipped":0,"pct":0},"statements":{"total":45,"covered":8,"skipped":0,"pct":17.77},"branches":{"total":1,"covered":1,"skipped":0,"pct":100}}
,"/share/u/davidbau/git/mazesofmenace/game/js/levels/Bar-filb.js": {"lines":{"total":56,"covered":8,"skipped":0,"pct":14.28},"functions":{"total":1,"covered":0,"skipped":0,"pct":0},"statements":{"total":56,"covered":8,"skipped":0,"pct":14.28},"branches":{"total":1,"covered":1,"skipped":0,"pct":100}}
,"/share/u/davidbau/git/mazesofmenace/game/js/levels/Bar-goal.js": {"lines":{"total":108,"covered":9,"skipped":0,"pct":8.33},"functions":{"total":1,"covered":0,"skipped":0,"pct":0},"statements":{"total":108,"covered":9,"skipped":0,"pct":8.33},"branches":{"total":1,"covered":1,"skipped":0,"pct":100}}
,"/share/u/davidbau/git/mazesofmenace/game/js/levels/Bar-loca.js": {"lines":{"total":120,"covered":9,"skipped":0,"pct":7.5},"functions":{"total":1,"covered":0,"skipped":0,"pct":0},"statements":{"total":120,"covered":9,"skipped":0,"pct":7.5},"branches":{"total":1,"covered":1,"skipped":0,"pct":100}}
,"/share/u/davidbau/git/mazesofmenace/game/js/levels/Bar-strt.js": {"lines":{"total":111,"covered":9,"skipped":0,"pct":8.1},"functions":{"total":1,"covered":0,"skipped":0,"pct":0},"statements":{"total":111,"covered":9,"skipped":0,"pct":8.1},"branches":{"total":1,"covered":1,"skipped":0,"pct":100}}
,"/share/u/davidbau/git/mazesofmenace/game/js/levels/Cav-fila.js": {"lines":{"total":47,"covered":8,"skipped":0,"pct":17.02},"functions":{"total":1,"covered":0,"skipped":0,"pct":0},"statements":{"total":47,"covered":8,"skipped":0,"pct":17.02},"branches":{"total":1,"covered":1,"skipped":0,"pct":100}}
,"/share/u/davidbau/git/mazesofmenace/game/js/levels/Cav-filb.js": {"lines":{"total":53,"covered":8,"skipped":0,"pct":15.09},"functions":{"total":1,"covered":0,"skipped":0,"pct":0},"statements":{"total":53,"covered":8,"skipped":0,"pct":15.09},"branches":{"total":1,"covered":1,"skipped":0,"pct":100}}
,"/share/u/davidbau/git/mazesofmenace/game/js/levels/Cav-goal.js": {"lines":{"total":72,"covered":9,"skipped":0,"pct":12.5},"functions":{"total":1,"covered":0,"skipped":0,"pct":0},"statements":{"total":72,"covered":9,"skipped":0,"pct":12.5},"branches":{"total":1,"covered":1,"skipped":0,"pct":100}}
,"/share/u/davidbau/git/mazesofmenace/game/js/levels/Cav-loca.js": {"lines":{"total":114,"covered":9,"skipped":0,"pct":7.89},"functions":{"total":1,"covered":0,"skipped":0,"pct":0},"statements":{"total":114,"covered":9,"skipped":0,"pct":7.89},"branches":{"total":1,"covered":1,"skipped":0,"pct":100}}
,"/share/u/davidbau/git/mazesofmenace/game/js/levels/Cav-strt.js": {"lines":{"total":107,"covered":9,"skipped":0,"pct":8.41},"functions":{"total":1,"covered":0,"skipped":0,"pct":0},"statements":{"total":107,"covered":9,"skipped":0,"pct":8.41},"branches":{"total":1,"covered":1,"skipped":0,"pct":100}}
,"/share/u/davidbau/git/mazesofmenace/game/js/levels/Hea-fila.js": {"lines":{"total":54,"covered":8,"skipped":0,"pct":14.81},"functions":{"total":1,"covered":0,"skipped":0,"pct":0},"statements":{"total":54,"covered":8,"skipped":0,"pct":14.81},"branches":{"total":1,"covered":1,"skipped":0,"pct":100}}
,"/share/u/davidbau/git/mazesofmenace/game/js/levels/Hea-filb.js": {"lines":{"total":62,"covered":8,"skipped":0,"pct":12.9},"functions":{"total":1,"covered":0,"skipped":0,"pct":0},"statements":{"total":62,"covered":8,"skipped":0,"pct":12.9},"branches":{"total":1,"covered":1,"skipped":0,"pct":100}}
,"/share/u/davidbau/git/mazesofmenace/game/js/levels/Hea-goal.js": {"lines":{"total":103,"covered":9,"skipped":0,"pct":8.73},"functions":{"total":1,"covered":0,"skipped":0,"pct":0},"statements":{"total":103,"covered":9,"skipped":0,"pct":8.73},"branches":{"total":1,"covered":1,"skipped":0,"pct":100}}
,"/share/u/davidbau/git/mazesofmenace/game/js/levels/Hea-loca.js": {"lines":{"total":110,"covered":9,"skipped":0,"pct":8.18},"functions":{"total":1,"covered":0,"skipped":0,"pct":0},"statements":{"total":110,"covered":9,"skipped":0,"pct":8.18},"branches":{"total":1,"covered":1,"skipped":0,"pct":100}}
,"/share/u/davidbau/git/mazesofmenace/game/js/levels/Hea-strt.js": {"lines":{"total":122,"covered":9,"skipped":0,"pct":7.37},"functions":{"total":1,"covered":0,"skipped":0,"pct":0},"statements":{"total":122,"covered":9,"skipped":0,"pct":7.37},"branches":{"total":1,"covered":1,"skipped":0,"pct":100}}
,"/share/u/davidbau/git/mazesofmenace/game/js/levels/Kni-fila.js": {"lines":{"total":47,"covered":8,"skipped":0,"pct":17.02},"functions":{"total":1,"covered":0,"skipped":0,"pct":0},"statements":{"total":47,"covered":8,"skipped":0,"pct":17.02},"branches":{"total":1,"covered":1,"skipped":0,"pct":100}}
,"/share/u/davidbau/git/mazesofmenace/game/js/levels/Kni-filb.js": {"lines":{"total":52,"covered":8,"skipped":0,"pct":15.38},"functions":{"total":1,"covered":0,"skipped":0,"pct":0},"statements":{"total":52,"covered":8,"skipped":0,"pct":15.38},"branches":{"total":1,"covered":1,"skipped":0,"pct":100}}
,"/share/u/davidbau/git/mazesofmenace/game/js/levels/Kni-goal.js": {"lines":{"total":112,"covered":9,"skipped":0,"pct":8.03},"functions":{"total":1,"covered":0,"skipped":0,"pct":0},"statements":{"total":112,"covered":9,"skipped":0,"pct":8.03},"branches":{"total":1,"covered":1,"skipped":0,"pct":100}}
,"/share/u/davidbau/git/mazesofmenace/game/js/levels/Kni-loca.js": {"lines":{"total":150,"covered":9,"skipped":0,"pct":6},"functions":{"total":1,"covered":0,"skipped":0,"pct":0},"statements":{"total":150,"covered":9,"skipped":0,"pct":6},"branches":{"total":1,"covered":1,"skipped":0,"pct":100}}
,"/share/u/davidbau/git/mazesofmenace/game/js/levels/Kni-strt.js": {"lines":{"total":123,"covered":10,"skipped":0,"pct":8.13},"functions":{"total":1,"covered":0,"skipped":0,"pct":0},"statements":{"total":123,"covered":10,"skipped":0,"pct":8.13},"branches":{"total":1,"covered":1,"skipped":0,"pct":100}}
,"/share/u/davidbau/git/mazesofmenace/game/js/levels/Mon-fila.js": {"lines":{"total":73,"covered":8,"skipped":0,"pct":10.95},"functions":{"total":1,"covered":0,"skipped":0,"pct":0},"statements":{"total":73,"covered":8,"skipped":0,"pct":10.95},"branches":{"total":1,"covered":1,"skipped":0,"pct":100}}
,"/share/u/davidbau/git/mazesofmenace/game/js/levels/Mon-filb.js": {"lines":{"total":72,"covered":8,"skipped":0,"pct":11.11},"functions":{"total":1,"covered":0,"skipped":0,"pct":0},"statements":{"total":72,"covered":8,"skipped":0,"pct":11.11},"branches":{"total":1,"covered":1,"skipped":0,"pct":100}}
,"/share/u/davidbau/git/mazesofmenace/game/js/levels/Mon-goal.js": {"lines":{"total":89,"covered":10,"skipped":0,"pct":11.23},"functions":{"total":1,"covered":0,"skipped":0,"pct":0},"statements":{"total":89,"covered":10,"skipped":0,"pct":11.23},"branches":{"total":1,"covered":1,"skipped":0,"pct":100}}
,"/share/u/davidbau/git/mazesofmenace/game/js/levels/Mon-loca.js": {"lines":{"total":111,"covered":9,"skipped":0,"pct":8.1},"functions":{"total":1,"covered":0,"skipped":0,"pct":0},"statements":{"total":111,"covered":9,"skipped":0,"pct":8.1},"branches":{"total":1,"covered":1,"skipped":0,"pct":100}}
,"/share/u/davidbau/git/mazesofmenace/game/js/levels/Mon-strt.js": {"lines":{"total":121,"covered":9,"skipped":0,"pct":7.43},"functions":{"total":1,"covered":0,"skipped":0,"pct":0},"statements":{"total":121,"covered":9,"skipped":0,"pct":7.43},"branches":{"total":1,"covered":1,"skipped":0,"pct":100}}
,"/share/u/davidbau/git/mazesofmenace/game/js/levels/Pri-fila.js": {"lines":{"total":67,"covered":8,"skipped":0,"pct":11.94},"functions":{"total":1,"covered":0,"skipped":0,"pct":0},"statements":{"total":67,"covered":8,"skipped":0,"pct":11.94},"branches":{"total":1,"covered":1,"skipped":0,"pct":100}}
,"/share/u/davidbau/git/mazesofmenace/game/js/levels/Pri-filb.js": {"lines":{"total":74,"covered":8,"skipped":0,"pct":10.81},"functions":{"total":1,"covered":0,"skipped":0,"pct":0},"statements":{"total":74,"covered":8,"skipped":0,"pct":10.81},"branches":{"total":1,"covered":1,"skipped":0,"pct":100}}
,"/share/u/davidbau/git/mazesofmenace/game/js/levels/Pri-goal.js": {"lines":{"total":98,"covered":10,"skipped":0,"pct":10.2},"functions":{"total":1,"covered":0,"skipped":0,"pct":0},"statements":{"total":98,"covered":10,"skipped":0,"pct":10.2},"branches":{"total":1,"covered":1,"skipped":0,"pct":100}}
,"/share/u/davidbau/git/mazesofmenace/game/js/levels/Pri-loca.js": {"lines":{"total":86,"covered":9,"skipped":0,"pct":10.46},"functions":{"total":1,"covered":0,"skipped":0,"pct":0},"statements":{"total":86,"covered":9,"skipped":0,"pct":10.46},"branches":{"total":1,"covered":1,"skipped":0,"pct":100}}
,"/share/u/davidbau/git/mazesofmenace/game/js/levels/Pri-strt.js": {"lines":{"total":114,"covered":9,"skipped":0,"pct":7.89},"functions":{"total":1,"covered":0,"skipped":0,"pct":0},"statements":{"total":114,"covered":9,"skipped":0,"pct":7.89},"branches":{"total":1,"covered":1,"skipped":0,"pct":100}}
,"/share/u/davidbau/git/mazesofmenace/game/js/levels/Ran-fila.js": {"lines":{"total":47,"covered":8,"skipped":0,"pct":17.02},"functions":{"total":1,"covered":0,"skipped":0,"pct":0},"statements":{"total":47,"covered":8,"skipped":0,"pct":17.02},"branches":{"total":1,"covered":1,"skipped":0,"pct":100}}
,"/share/u/davidbau/git/mazesofmenace/game/js/levels/Ran-filb.js": {"lines":{"total":51,"covered":8,"skipped":0,"pct":15.68},"functions":{"total":1,"covered":0,"skipped":0,"pct":0},"statements":{"total":51,"covered":8,"skipped":0,"pct":15.68},"branches":{"total":1,"covered":1,"skipped":0,"pct":100}}
,"/share/u/davidbau/git/mazesofmenace/game/js/levels/Ran-goal.js": {"lines":{"total":119,"covered":9,"skipped":0,"pct":7.56},"functions":{"total":1,"covered":0,"skipped":0,"pct":0},"statements":{"total":119,"covered":9,"skipped":0,"pct":7.56},"branches":{"total":1,"covered":1,"skipped":0,"pct":100}}
,"/share/u/davidbau/git/mazesofmenace/game/js/levels/Ran-loca.js": {"lines":{"total":92,"covered":9,"skipped":0,"pct":9.78},"functions":{"total":1,"covered":0,"skipped":0,"pct":0},"statements":{"total":92,"covered":9,"skipped":0,"pct":9.78},"branches":{"total":1,"covered":1,"skipped":0,"pct":100}}
,"/share/u/davidbau/git/mazesofmenace/game/js/levels/Ran-strt.js": {"lines":{"total":114,"covered":9,"skipped":0,"pct":7.89},"functions":{"total":1,"covered":0,"skipped":0,"pct":0},"statements":{"total":114,"covered":9,"skipped":0,"pct":7.89},"branches":{"total":1,"covered":1,"skipped":0,"pct":100}}
,"/share/u/davidbau/git/mazesofmenace/game/js/levels/Rog-fila.js": {"lines":{"total":76,"covered":8,"skipped":0,"pct":10.52},"functions":{"total":1,"covered":0,"skipped":0,"pct":0},"statements":{"total":76,"covered":8,"skipped":0,"pct":10.52},"branches":{"total":1,"covered":1,"skipped":0,"pct":100}}
,"/share/u/davidbau/git/mazesofmenace/game/js/levels/Rog-filb.js": {"lines":{"total":76,"covered":8,"skipped":0,"pct":10.52},"functions":{"total":1,"covered":0,"skipped":0,"pct":0},"statements":{"total":76,"covered":8,"skipped":0,"pct":10.52},"branches":{"total":1,"covered":1,"skipped":0,"pct":100}}
,"/share/u/davidbau/git/mazesofmenace/game/js/levels/Rog-goal.js": {"lines":{"total":123,"covered":9,"skipped":0,"pct":7.31},"functions":{"total":1,"covered":0,"skipped":0,"pct":0},"statements":{"total":123,"covered":9,"skipped":0,"pct":7.31},"branches":{"total":1,"covered":1,"skipped":0,"pct":100}}
,"/share/u/davidbau/git/mazesofmenace/game/js/levels/Rog-loca.js": {"lines":{"total":112,"covered":9,"skipped":0,"pct":8.03},"functions":{"total":1,"covered":0,"skipped":0,"pct":0},"statements":{"total":112,"covered":9,"skipped":0,"pct":8.03},"branches":{"total":1,"covered":1,"skipped":0,"pct":100}}
,"/share/u/davidbau/git/mazesofmenace/game/js/levels/Rog-strt.js": {"lines":{"total":181,"covered":10,"skipped":0,"pct":5.52},"functions":{"total":1,"covered":0,"skipped":0,"pct":0},"statements":{"total":181,"covered":10,"skipped":0,"pct":5.52},"branches":{"total":1,"covered":1,"skipped":0,"pct":100}}
,"/share/u/davidbau/git/mazesofmenace/game/js/levels/Sam-fila.js": {"lines":{"total":49,"covered":8,"skipped":0,"pct":16.32},"functions":{"total":1,"covered":0,"skipped":0,"pct":0},"statements":{"total":49,"covered":8,"skipped":0,"pct":16.32},"branches":{"total":1,"covered":1,"skipped":0,"pct":100}}
,"/share/u/davidbau/git/mazesofmenace/game/js/levels/Sam-filb.js": {"lines":{"total":73,"covered":9,"skipped":0,"pct":12.32},"functions":{"total":1,"covered":0,"skipped":0,"pct":0},"statements":{"total":73,"covered":9,"skipped":0,"pct":12.32},"branches":{"total":1,"covered":1,"skipped":0,"pct":100}}
,"/share/u/davidbau/git/mazesofmenace/game/js/levels/Sam-goal.js": {"lines":{"total":125,"covered":10,"skipped":0,"pct":8},"functions":{"total":1,"covered":0,"skipped":0,"pct":0},"statements":{"total":125,"covered":10,"skipped":0,"pct":8},"branches":{"total":1,"covered":1,"skipped":0,"pct":100}}
,"/share/u/davidbau/git/mazesofmenace/game/js/levels/Sam-loca.js": {"lines":{"total":154,"covered":9,"skipped":0,"pct":5.84},"functions":{"total":1,"covered":0,"skipped":0,"pct":0},"statements":{"total":154,"covered":9,"skipped":0,"pct":5.84},"branches":{"total":1,"covered":1,"skipped":0,"pct":100}}
,"/share/u/davidbau/git/mazesofmenace/game/js/levels/Sam-strt.js": {"lines":{"total":111,"covered":9,"skipped":0,"pct":8.1},"functions":{"total":1,"covered":0,"skipped":0,"pct":0},"statements":{"total":111,"covered":9,"skipped":0,"pct":8.1},"branches":{"total":1,"covered":1,"skipped":0,"pct":100}}
,"/share/u/davidbau/git/mazesofmenace/game/js/levels/Tou-fila.js": {"lines":{"total":47,"covered":8,"skipped":0,"pct":17.02},"functions":{"total":1,"covered":0,"skipped":0,"pct":0},"statements":{"total":47,"covered":8,"skipped":0,"pct":17.02},"branches":{"total":1,"covered":1,"skipped":0,"pct":100}}
,"/share/u/davidbau/git/mazesofmenace/game/js/levels/Tou-filb.js": {"lines":{"total":51,"covered":8,"skipped":0,"pct":15.68},"functions":{"total":1,"covered":0,"skipped":0,"pct":0},"statements":{"total":51,"covered":8,"skipped":0,"pct":15.68},"branches":{"total":1,"covered":1,"skipped":0,"pct":100}}
,"/share/u/davidbau/git/mazesofmenace/game/js/levels/Tou-goal.js": {"lines":{"total":172,"covered":9,"skipped":0,"pct":5.23},"functions":{"total":1,"covered":0,"skipped":0,"pct":0},"statements":{"total":172,"covered":9,"skipped":0,"pct":5.23},"branches":{"total":1,"covered":1,"skipped":0,"pct":100}}
,"/share/u/davidbau/git/mazesofmenace/game/js/levels/Tou-loca.js": {"lines":{"total":167,"covered":9,"skipped":0,"pct":5.38},"functions":{"total":1,"covered":0,"skipped":0,"pct":0},"statements":{"total":167,"covered":9,"skipped":0,"pct":5.38},"branches":{"total":1,"covered":1,"skipped":0,"pct":100}}
,"/share/u/davidbau/git/mazesofmenace/game/js/levels/Tou-strt.js": {"lines":{"total":147,"covered":9,"skipped":0,"pct":6.12},"functions":{"total":1,"covered":0,"skipped":0,"pct":0},"statements":{"total":147,"covered":9,"skipped":0,"pct":6.12},"branches":{"total":1,"covered":1,"skipped":0,"pct":100}}
,"/share/u/davidbau/git/mazesofmenace/game/js/levels/Val-fila.js": {"lines":{"total":52,"covered":8,"skipped":0,"pct":15.38},"functions":{"total":1,"covered":0,"skipped":0,"pct":0},"statements":{"total":52,"covered":8,"skipped":0,"pct":15.38},"branches":{"total":1,"covered":1,"skipped":0,"pct":100}}
,"/share/u/davidbau/git/mazesofmenace/game/js/levels/Val-filb.js": {"lines":{"total":54,"covered":8,"skipped":0,"pct":14.81},"functions":{"total":1,"covered":0,"skipped":0,"pct":0},"statements":{"total":54,"covered":8,"skipped":0,"pct":14.81},"branches":{"total":1,"covered":1,"skipped":0,"pct":100}}
,"/share/u/davidbau/git/mazesofmenace/game/js/levels/Val-goal.js": {"lines":{"total":117,"covered":9,"skipped":0,"pct":7.69},"functions":{"total":1,"covered":0,"skipped":0,"pct":0},"statements":{"total":117,"covered":9,"skipped":0,"pct":7.69},"branches":{"total":1,"covered":1,"skipped":0,"pct":100}}
,"/share/u/davidbau/git/mazesofmenace/game/js/levels/Val-loca.js": {"lines":{"total":98,"covered":9,"skipped":0,"pct":9.18},"functions":{"total":1,"covered":0,"skipped":0,"pct":0},"statements":{"total":98,"covered":9,"skipped":0,"pct":9.18},"branches":{"total":1,"covered":1,"skipped":0,"pct":100}}
,"/share/u/davidbau/git/mazesofmenace/game/js/levels/Val-strt.js": {"lines":{"total":118,"covered":9,"skipped":0,"pct":7.62},"functions":{"total":1,"covered":0,"skipped":0,"pct":0},"statements":{"total":118,"covered":9,"skipped":0,"pct":7.62},"branches":{"total":1,"covered":1,"skipped":0,"pct":100}}
,"/share/u/davidbau/git/mazesofmenace/game/js/levels/Wiz-fila.js": {"lines":{"total":71,"covered":8,"skipped":0,"pct":11.26},"functions":{"total":1,"covered":0,"skipped":0,"pct":0},"statements":{"total":71,"covered":8,"skipped":0,"pct":11.26},"branches":{"total":1,"covered":1,"skipped":0,"pct":100}}
,"/share/u/davidbau/git/mazesofmenace/game/js/levels/Wiz-filb.js": {"lines":{"total":70,"covered":8,"skipped":0,"pct":11.42},"functions":{"total":1,"covered":0,"skipped":0,"pct":0},"statements":{"total":70,"covered":8,"skipped":0,"pct":11.42},"branches":{"total":1,"covered":1,"skipped":0,"pct":100}}
,"/share/u/davidbau/git/mazesofmenace/game/js/levels/Wiz-goal.js": {"lines":{"total":145,"covered":9,"skipped":0,"pct":6.2},"functions":{"total":1,"covered":0,"skipped":0,"pct":0},"statements":{"total":145,"covered":9,"skipped":0,"pct":6.2},"branches":{"total":1,"covered":1,"skipped":0,"pct":100}}
,"/share/u/davidbau/git/mazesofmenace/game/js/levels/Wiz-loca.js": {"lines":{"total":165,"covered":10,"skipped":0,"pct":6.06},"functions":{"total":1,"covered":0,"skipped":0,"pct":0},"statements":{"total":165,"covered":10,"skipped":0,"pct":6.06},"branches":{"total":1,"covered":1,"skipped":0,"pct":100}}
,"/share/u/davidbau/git/mazesofmenace/game/js/levels/Wiz-strt.js": {"lines":{"total":120,"covered":9,"skipped":0,"pct":7.5},"functions":{"total":1,"covered":0,"skipped":0,"pct":0},"statements":{"total":120,"covered":9,"skipped":0,"pct":7.5},"branches":{"total":1,"covered":1,"skipped":0,"pct":100}}
,"/share/u/davidbau/git/mazesofmenace/game/js/levels/air.js": {"lines":{"total":121,"covered":9,"skipped":0,"pct":7.43},"functions":{"total":1,"covered":0,"skipped":0,"pct":0},"statements":{"total":121,"covered":9,"skipped":0,"pct":7.43},"branches":{"total":1,"covered":1,"skipped":0,"pct":100}}
,"/share/u/davidbau/git/mazesofmenace/game/js/levels/asmodeus.js": {"lines":{"total":110,"covered":10,"skipped":0,"pct":9.09},"functions":{"total":1,"covered":0,"skipped":0,"pct":0},"statements":{"total":110,"covered":10,"skipped":0,"pct":9.09},"branches":{"total":1,"covered":1,"skipped":0,"pct":100}}
,"/share/u/davidbau/git/mazesofmenace/game/js/levels/astral.js": {"lines":{"total":206,"covered":11,"skipped":0,"pct":5.33},"functions":{"total":1,"covered":0,"skipped":0,"pct":0},"statements":{"total":206,"covered":11,"skipped":0,"pct":5.33},"branches":{"total":1,"covered":1,"skipped":0,"pct":100}}
,"/share/u/davidbau/git/mazesofmenace/game/js/levels/baalz.js": {"lines":{"total":79,"covered":9,"skipped":0,"pct":11.39},"functions":{"total":1,"covered":0,"skipped":0,"pct":0},"statements":{"total":79,"covered":9,"skipped":0,"pct":11.39},"branches":{"total":1,"covered":1,"skipped":0,"pct":100}}
,"/share/u/davidbau/git/mazesofmenace/game/js/levels/bigrm-1.js": {"lines":{"total":94,"covered":10,"skipped":0,"pct":10.63},"functions":{"total":1,"covered":0,"skipped":0,"pct":0},"statements":{"total":94,"covered":10,"skipped":0,"pct":10.63},"branches":{"total":1,"covered":1,"skipped":0,"pct":100}}
,"/share/u/davidbau/git/mazesofmenace/game/js/levels/bigrm-10.js": {"lines":{"total":75,"covered":10,"skipped":0,"pct":13.33},"functions":{"total":1,"covered":0,"skipped":0,"pct":0},"statements":{"total":75,"covered":10,"skipped":0,"pct":13.33},"branches":{"total":1,"covered":1,"skipped":0,"pct":100}}
,"/share/u/davidbau/git/mazesofmenace/game/js/levels/bigrm-11.js": {"lines":{"total":51,"covered":10,"skipped":0,"pct":19.6},"functions":{"total":1,"covered":0,"skipped":0,"pct":0},"statements":{"total":51,"covered":10,"skipped":0,"pct":19.6},"branches":{"total":1,"covered":1,"skipped":0,"pct":100}}
,"/share/u/davidbau/git/mazesofmenace/game/js/levels/bigrm-12.js": {"lines":{"total":97,"covered":9,"skipped":0,"pct":9.27},"functions":{"total":1,"covered":0,"skipped":0,"pct":0},"statements":{"total":97,"covered":9,"skipped":0,"pct":9.27},"branches":{"total":1,"covered":1,"skipped":0,"pct":100}}
,"/share/u/davidbau/git/mazesofmenace/game/js/levels/bigrm-13.js": {"lines":{"total":94,"covered":10,"skipped":0,"pct":10.63},"functions":{"total":1,"covered":0,"skipped":0,"pct":0},"statements":{"total":94,"covered":10,"skipped":0,"pct":10.63},"branches":{"total":1,"covered":1,"skipped":0,"pct":100}}
,"/share/u/davidbau/git/mazesofmenace/game/js/levels/bigrm-2.js": {"lines":{"total":84,"covered":10,"skipped":0,"pct":11.9},"functions":{"total":1,"covered":0,"skipped":0,"pct":0},"statements":{"total":84,"covered":10,"skipped":0,"pct":11.9},"branches":{"total":1,"covered":1,"skipped":0,"pct":100}}
,"/share/u/davidbau/git/mazesofmenace/game/js/levels/bigrm-3.js": {"lines":{"total":97,"covered":10,"skipped":0,"pct":10.3},"functions":{"total":1,"covered":0,"skipped":0,"pct":0},"statements":{"total":97,"covered":10,"skipped":0,"pct":10.3},"branches":{"total":1,"covered":1,"skipped":0,"pct":100}}
,"/share/u/davidbau/git/mazesofmenace/game/js/levels/bigrm-4.js": {"lines":{"total":72,"covered":10,"skipped":0,"pct":13.88},"functions":{"total":1,"covered":0,"skipped":0,"pct":0},"statements":{"total":72,"covered":10,"skipped":0,"pct":13.88},"branches":{"total":1,"covered":1,"skipped":0,"pct":100}}
,"/share/u/davidbau/git/mazesofmenace/game/js/levels/bigrm-5.js": {"lines":{"total":66,"covered":9,"skipped":0,"pct":13.63},"functions":{"total":1,"covered":0,"skipped":0,"pct":0},"statements":{"total":66,"covered":9,"skipped":0,"pct":13.63},"branches":{"total":1,"covered":1,"skipped":0,"pct":100}}
,"/share/u/davidbau/git/mazesofmenace/game/js/levels/bigrm-6.js": {"lines":{"total":60,"covered":9,"skipped":0,"pct":15},"functions":{"total":1,"covered":0,"skipped":0,"pct":0},"statements":{"total":60,"covered":9,"skipped":0,"pct":15},"branches":{"total":1,"covered":1,"skipped":0,"pct":100}}
,"/share/u/davidbau/git/mazesofmenace/game/js/levels/bigrm-7.js": {"lines":{"total":65,"covered":10,"skipped":0,"pct":15.38},"functions":{"total":1,"covered":0,"skipped":0,"pct":0},"statements":{"total":65,"covered":10,"skipped":0,"pct":15.38},"branches":{"total":1,"covered":1,"skipped":0,"pct":100}}
,"/share/u/davidbau/git/mazesofmenace/game/js/levels/bigrm-8.js": {"lines":{"total":66,"covered":10,"skipped":0,"pct":15.15},"functions":{"total":1,"covered":0,"skipped":0,"pct":0},"statements":{"total":66,"covered":10,"skipped":0,"pct":15.15},"branches":{"total":1,"covered":1,"skipped":0,"pct":100}}
,"/share/u/davidbau/git/mazesofmenace/game/js/levels/bigrm-9.js": {"lines":{"total":64,"covered":9,"skipped":0,"pct":14.06},"functions":{"total":1,"covered":0,"skipped":0,"pct":0},"statements":{"total":64,"covered":9,"skipped":0,"pct":14.06},"branches":{"total":1,"covered":1,"skipped":0,"pct":100}}
,"/share/u/davidbau/git/mazesofmenace/game/js/levels/castle.js": {"lines":{"total":270,"covered":270,"skipped":0,"pct":100},"functions":{"total":2,"covered":2,"skipped":0,"pct":100},"statements":{"total":270,"covered":270,"skipped":0,"pct":100},"branches":{"total":3,"covered":3,"skipped":0,"pct":100}}
,"/share/u/davidbau/git/mazesofmenace/game/js/levels/earth.js": {"lines":{"total":142,"covered":8,"skipped":0,"pct":5.63},"functions":{"total":1,"covered":0,"skipped":0,"pct":0},"statements":{"total":142,"covered":8,"skipped":0,"pct":5.63},"branches":{"total":1,"covered":1,"skipped":0,"pct":100}}
,"/share/u/davidbau/git/mazesofmenace/game/js/levels/fakewiz1.js": {"lines":{"total":58,"covered":10,"skipped":0,"pct":17.24},"functions":{"total":1,"covered":0,"skipped":0,"pct":0},"statements":{"total":58,"covered":10,"skipped":0,"pct":17.24},"branches":{"total":1,"covered":1,"skipped":0,"pct":100}}
,"/share/u/davidbau/git/mazesofmenace/game/js/levels/fakewiz2.js": {"lines":{"total":58,"covered":10,"skipped":0,"pct":17.24},"functions":{"total":1,"covered":0,"skipped":0,"pct":0},"statements":{"total":58,"covered":10,"skipped":0,"pct":17.24},"branches":{"total":1,"covered":1,"skipped":0,"pct":100}}
,"/share/u/davidbau/git/mazesofmenace/game/js/levels/fire.js": {"lines":{"total":170,"covered":8,"skipped":0,"pct":4.7},"functions":{"total":1,"covered":0,"skipped":0,"pct":0},"statements":{"total":170,"covered":8,"skipped":0,"pct":4.7},"branches":{"total":1,"covered":1,"skipped":0,"pct":100}}
,"/share/u/davidbau/git/mazesofmenace/game/js/levels/hellfill.js": {"lines":{"total":472,"covered":15,"skipped":0,"pct":3.17},"functions":{"total":2,"covered":0,"skipped":0,"pct":0},"statements":{"total":472,"covered":15,"skipped":0,"pct":3.17},"branches":{"total":1,"covered":1,"skipped":0,"pct":100}}
,"/share/u/davidbau/git/mazesofmenace/game/js/levels/juiblex.js": {"lines":{"total":135,"covered":9,"skipped":0,"pct":6.66},"functions":{"total":1,"covered":0,"skipped":0,"pct":0},"statements":{"total":135,"covered":9,"skipped":0,"pct":6.66},"branches":{"total":1,"covered":1,"skipped":0,"pct":100}}
,"/share/u/davidbau/git/mazesofmenace/game/js/levels/knox.js": {"lines":{"total":181,"covered":10,"skipped":0,"pct":5.52},"functions":{"total":1,"covered":0,"skipped":0,"pct":0},"statements":{"total":181,"covered":10,"skipped":0,"pct":5.52},"branches":{"total":1,"covered":1,"skipped":0,"pct":100}}
,"/share/u/davidbau/git/mazesofmenace/game/js/levels/medusa-1.js": {"lines":{"total":136,"covered":130,"skipped":0,"pct":95.58},"functions":{"total":2,"covered":2,"skipped":0,"pct":100},"statements":{"total":136,"covered":130,"skipped":0,"pct":95.58},"branches":{"total":6,"covered":3,"skipped":0,"pct":50}}
,"/share/u/davidbau/git/mazesofmenace/game/js/levels/medusa-2.js": {"lines":{"total":142,"covered":9,"skipped":0,"pct":6.33},"functions":{"total":1,"covered":0,"skipped":0,"pct":0},"statements":{"total":142,"covered":9,"skipped":0,"pct":6.33},"branches":{"total":1,"covered":1,"skipped":0,"pct":100}}
,"/share/u/davidbau/git/mazesofmenace/game/js/levels/medusa-3.js": {"lines":{"total":151,"covered":149,"skipped":0,"pct":98.67},"functions":{"total":2,"covered":2,"skipped":0,"pct":100},"statements":{"total":151,"covered":149,"skipped":0,"pct":98.67},"branches":{"total":6,"covered":5,"skipped":0,"pct":83.33}}
,"/share/u/davidbau/git/mazesofmenace/game/js/levels/medusa-4.js": {"lines":{"total":165,"covered":9,"skipped":0,"pct":5.45},"functions":{"total":1,"covered":0,"skipped":0,"pct":0},"statements":{"total":165,"covered":9,"skipped":0,"pct":5.45},"branches":{"total":1,"covered":1,"skipped":0,"pct":100}}
,"/share/u/davidbau/git/mazesofmenace/game/js/levels/medusa.js": {"lines":{"total":125,"covered":25,"skipped":0,"pct":20},"functions":{"total":1,"covered":0,"skipped":0,"pct":0},"statements":{"total":125,"covered":25,"skipped":0,"pct":20},"branches":{"total":1,"covered":1,"skipped":0,"pct":100}}
,"/share/u/davidbau/git/mazesofmenace/game/js/levels/minefill.js": {"lines":{"total":65,"covered":10,"skipped":0,"pct":15.38},"functions":{"total":1,"covered":0,"skipped":0,"pct":0},"statements":{"total":65,"covered":10,"skipped":0,"pct":15.38},"branches":{"total":1,"covered":1,"skipped":0,"pct":100}}
,"/share/u/davidbau/git/mazesofmenace/game/js/levels/minend-1.js": {"lines":{"total":132,"covered":9,"skipped":0,"pct":6.81},"functions":{"total":1,"covered":0,"skipped":0,"pct":0},"statements":{"total":132,"covered":9,"skipped":0,"pct":6.81},"branches":{"total":1,"covered":1,"skipped":0,"pct":100}}
,"/share/u/davidbau/git/mazesofmenace/game/js/levels/minend-2.js": {"lines":{"total":172,"covered":9,"skipped":0,"pct":5.23},"functions":{"total":1,"covered":0,"skipped":0,"pct":0},"statements":{"total":172,"covered":9,"skipped":0,"pct":5.23},"branches":{"total":1,"covered":1,"skipped":0,"pct":100}}
,"/share/u/davidbau/git/mazesofmenace/game/js/levels/minend-3.js": {"lines":{"total":120,"covered":9,"skipped":0,"pct":7.5},"functions":{"total":1,"covered":0,"skipped":0,"pct":0},"statements":{"total":120,"covered":9,"skipped":0,"pct":7.5},"branches":{"total":1,"covered":1,"skipped":0,"pct":100}}
,"/share/u/davidbau/git/mazesofmenace/game/js/levels/minetn-1.js": {"lines":{"total":166,"covered":10,"skipped":0,"pct":6.02},"functions":{"total":1,"covered":0,"skipped":0,"pct":0},"statements":{"total":166,"covered":10,"skipped":0,"pct":6.02},"branches":{"total":1,"covered":1,"skipped":0,"pct":100}}
,"/share/u/davidbau/git/mazesofmenace/game/js/levels/minetn-2.js": {"lines":{"total":205,"covered":13,"skipped":0,"pct":6.34},"functions":{"total":2,"covered":0,"skipped":0,"pct":0},"statements":{"total":205,"covered":13,"skipped":0,"pct":6.34},"branches":{"total":1,"covered":1,"skipped":0,"pct":100}}
,"/share/u/davidbau/git/mazesofmenace/game/js/levels/minetn-3.js": {"lines":{"total":173,"covered":13,"skipped":0,"pct":7.51},"functions":{"total":2,"covered":0,"skipped":0,"pct":0},"statements":{"total":173,"covered":13,"skipped":0,"pct":7.51},"branches":{"total":1,"covered":1,"skipped":0,"pct":100}}
,"/share/u/davidbau/git/mazesofmenace/game/js/levels/minetn-4.js": {"lines":{"total":156,"covered":13,"skipped":0,"pct":8.33},"functions":{"total":2,"covered":0,"skipped":0,"pct":0},"statements":{"total":156,"covered":13,"skipped":0,"pct":8.33},"branches":{"total":1,"covered":1,"skipped":0,"pct":100}}
,"/share/u/davidbau/git/mazesofmenace/game/js/levels/minetn-5.js": {"lines":{"total":160,"covered":13,"skipped":0,"pct":8.12},"functions":{"total":2,"covered":0,"skipped":0,"pct":0},"statements":{"total":160,"covered":13,"skipped":0,"pct":8.12},"branches":{"total":1,"covered":1,"skipped":0,"pct":100}}
,"/share/u/davidbau/git/mazesofmenace/game/js/levels/minetn-6.js": {"lines":{"total":117,"covered":13,"skipped":0,"pct":11.11},"functions":{"total":2,"covered":0,"skipped":0,"pct":0},"statements":{"total":117,"covered":13,"skipped":0,"pct":11.11},"branches":{"total":1,"covered":1,"skipped":0,"pct":100}}
,"/share/u/davidbau/git/mazesofmenace/game/js/levels/minetn-7.js": {"lines":{"total":221,"covered":13,"skipped":0,"pct":5.88},"functions":{"total":2,"covered":0,"skipped":0,"pct":0},"statements":{"total":221,"covered":13,"skipped":0,"pct":5.88},"branches":{"total":1,"covered":1,"skipped":0,"pct":100}}
,"/share/u/davidbau/git/mazesofmenace/game/js/levels/oracle.js": {"lines":{"total":81,"covered":8,"skipped":0,"pct":9.87},"functions":{"total":1,"covered":0,"skipped":0,"pct":0},"statements":{"total":81,"covered":8,"skipped":0,"pct":9.87},"branches":{"total":1,"covered":1,"skipped":0,"pct":100}}
,"/share/u/davidbau/git/mazesofmenace/game/js/levels/orcus.js": {"lines":{"total":172,"covered":11,"skipped":0,"pct":6.39},"functions":{"total":1,"covered":0,"skipped":0,"pct":0},"statements":{"total":172,"covered":11,"skipped":0,"pct":6.39},"branches":{"total":1,"covered":1,"skipped":0,"pct":100}}
,"/share/u/davidbau/git/mazesofmenace/game/js/levels/rogue.js": {"lines":{"total":12,"covered":10,"skipped":0,"pct":83.33},"functions":{"total":1,"covered":0,"skipped":0,"pct":0},"statements":{"total":12,"covered":10,"skipped":0,"pct":83.33},"branches":{"total":1,"covered":1,"skipped":0,"pct":100}}
,"/share/u/davidbau/git/mazesofmenace/game/js/levels/sanctum.js": {"lines":{"total":146,"covered":9,"skipped":0,"pct":6.16},"functions":{"total":1,"covered":0,"skipped":0,"pct":0},"statements":{"total":146,"covered":9,"skipped":0,"pct":6.16},"branches":{"total":1,"covered":1,"skipped":0,"pct":100}}
,"/share/u/davidbau/git/mazesofmenace/game/js/levels/soko1-1.js": {"lines":{"total":124,"covered":9,"skipped":0,"pct":7.25},"functions":{"total":1,"covered":0,"skipped":0,"pct":0},"statements":{"total":124,"covered":9,"skipped":0,"pct":7.25},"branches":{"total":1,"covered":1,"skipped":0,"pct":100}}
,"/share/u/davidbau/git/mazesofmenace/game/js/levels/soko1-2.js": {"lines":{"total":125,"covered":9,"skipped":0,"pct":7.2},"functions":{"total":1,"covered":0,"skipped":0,"pct":0},"statements":{"total":125,"covered":9,"skipped":0,"pct":7.2},"branches":{"total":1,"covered":1,"skipped":0,"pct":100}}
,"/share/u/davidbau/git/mazesofmenace/game/js/levels/soko2-1.js": {"lines":{"total":82,"covered":9,"skipped":0,"pct":10.97},"functions":{"total":1,"covered":0,"skipped":0,"pct":0},"statements":{"total":82,"covered":9,"skipped":0,"pct":10.97},"branches":{"total":1,"covered":1,"skipped":0,"pct":100}}
,"/share/u/davidbau/git/mazesofmenace/game/js/levels/soko2-2.js": {"lines":{"total":83,"covered":9,"skipped":0,"pct":10.84},"functions":{"total":1,"covered":0,"skipped":0,"pct":0},"statements":{"total":83,"covered":9,"skipped":0,"pct":10.84},"branches":{"total":1,"covered":1,"skipped":0,"pct":100}}
,"/share/u/davidbau/git/mazesofmenace/game/js/levels/soko3-1.js": {"lines":{"total":94,"covered":9,"skipped":0,"pct":9.57},"functions":{"total":1,"covered":0,"skipped":0,"pct":0},"statements":{"total":94,"covered":9,"skipped":0,"pct":9.57},"branches":{"total":1,"covered":1,"skipped":0,"pct":100}}
,"/share/u/davidbau/git/mazesofmenace/game/js/levels/soko3-2.js": {"lines":{"total":86,"covered":9,"skipped":0,"pct":10.46},"functions":{"total":1,"covered":0,"skipped":0,"pct":0},"statements":{"total":86,"covered":9,"skipped":0,"pct":10.46},"branches":{"total":1,"covered":1,"skipped":0,"pct":100}}
,"/share/u/davidbau/git/mazesofmenace/game/js/levels/soko4-1.js": {"lines":{"total":112,"covered":9,"skipped":0,"pct":8.03},"functions":{"total":1,"covered":0,"skipped":0,"pct":0},"statements":{"total":112,"covered":9,"skipped":0,"pct":8.03},"branches":{"total":1,"covered":1,"skipped":0,"pct":100}}
,"/share/u/davidbau/git/mazesofmenace/game/js/levels/soko4-2.js": {"lines":{"total":84,"covered":9,"skipped":0,"pct":10.71},"functions":{"total":1,"covered":0,"skipped":0,"pct":0},"statements":{"total":84,"covered":9,"skipped":0,"pct":10.71},"branches":{"total":1,"covered":1,"skipped":0,"pct":100}}
,"/share/u/davidbau/git/mazesofmenace/game/js/levels/themerms.js": {"lines":{"total":1313,"covered":870,"skipped":0,"pct":66.26},"functions":{"total":83,"covered":51,"skipped":0,"pct":61.44},"statements":{"total":1313,"covered":870,"skipped":0,"pct":66.26},"branches":{"total":119,"covered":82,"skipped":0,"pct":68.9}}
,"/share/u/davidbau/git/mazesofmenace/game/js/levels/tower1.js": {"lines":{"total":88,"covered":10,"skipped":0,"pct":11.36},"functions":{"total":1,"covered":0,"skipped":0,"pct":0},"statements":{"total":88,"covered":10,"skipped":0,"pct":11.36},"branches":{"total":1,"covered":1,"skipped":0,"pct":100}}
,"/share/u/davidbau/git/mazesofmenace/game/js/levels/tower2.js": {"lines":{"total":75,"covered":9,"skipped":0,"pct":12},"functions":{"total":1,"covered":0,"skipped":0,"pct":0},"statements":{"total":75,"covered":9,"skipped":0,"pct":12},"branches":{"total":1,"covered":1,"skipped":0,"pct":100}}
,"/share/u/davidbau/git/mazesofmenace/game/js/levels/tower3.js": {"lines":{"total":63,"covered":9,"skipped":0,"pct":14.28},"functions":{"total":1,"covered":0,"skipped":0,"pct":0},"statements":{"total":63,"covered":9,"skipped":0,"pct":14.28},"branches":{"total":1,"covered":1,"skipped":0,"pct":100}}
,"/share/u/davidbau/git/mazesofmenace/game/js/levels/tut-1.js": {"lines":{"total":364,"covered":10,"skipped":0,"pct":2.74},"functions":{"total":1,"covered":0,"skipped":0,"pct":0},"statements":{"total":364,"covered":10,"skipped":0,"pct":2.74},"branches":{"total":1,"covered":1,"skipped":0,"pct":100}}
,"/share/u/davidbau/git/mazesofmenace/game/js/levels/tut-2.js": {"lines":{"total":40,"covered":9,"skipped":0,"pct":22.5},"functions":{"total":1,"covered":0,"skipped":0,"pct":0},"statements":{"total":40,"covered":9,"skipped":0,"pct":22.5},"branches":{"total":1,"covered":1,"skipped":0,"pct":100}}
,"/share/u/davidbau/git/mazesofmenace/game/js/levels/valley.js": {"lines":{"total":187,"covered":9,"skipped":0,"pct":4.81},"functions":{"total":1,"covered":0,"skipped":0,"pct":0},"statements":{"total":187,"covered":9,"skipped":0,"pct":4.81},"branches":{"total":1,"covered":1,"skipped":0,"pct":100}}
,"/share/u/davidbau/git/mazesofmenace/game/js/levels/water.js": {"lines":{"total":114,"covered":8,"skipped":0,"pct":7.01},"functions":{"total":1,"covered":0,"skipped":0,"pct":0},"statements":{"total":114,"covered":8,"skipped":0,"pct":7.01},"branches":{"total":1,"covered":1,"skipped":0,"pct":100}}
,"/share/u/davidbau/git/mazesofmenace/game/js/levels/wizard1.js": {"lines":{"total":117,"covered":11,"skipped":0,"pct":9.4},"functions":{"total":1,"covered":0,"skipped":0,"pct":0},"statements":{"total":117,"covered":11,"skipped":0,"pct":9.4},"branches":{"total":1,"covered":1,"skipped":0,"pct":100}}
,"/share/u/davidbau/git/mazesofmenace/game/js/levels/wizard2.js": {"lines":{"total":76,"covered":10,"skipped":0,"pct":13.15},"functions":{"total":1,"covered":0,"skipped":0,"pct":0},"statements":{"total":76,"covered":10,"skipped":0,"pct":13.15},"branches":{"total":1,"covered":1,"skipped":0,"pct":100}}
,"/share/u/davidbau/git/mazesofmenace/game/js/levels/wizard3.js": {"lines":{"total":104,"covered":10,"skipped":0,"pct":9.61},"functions":{"total":1,"covered":0,"skipped":0,"pct":0},"statements":{"total":104,"covered":10,"skipped":0,"pct":9.61},"branches":{"total":1,"covered":1,"skipped":0,"pct":100}}
}
