TN:
SF:hack/js/const.js
FNF:0
FNH:0
DA:1,1
DA:2,1
DA:3,1
DA:4,1
DA:5,1
DA:6,1
DA:7,1
DA:8,1
DA:9,1
DA:10,1
DA:11,1
DA:12,1
DA:13,1
DA:14,1
DA:15,1
DA:16,1
DA:17,1
DA:18,1
DA:19,1
DA:20,1
DA:21,1
DA:22,1
DA:23,1
DA:24,1
DA:25,1
DA:26,1
DA:27,1
DA:28,1
DA:29,1
DA:30,1
DA:31,1
DA:32,1
DA:33,1
DA:34,1
DA:35,1
DA:36,1
DA:37,1
DA:38,1
DA:39,1
DA:40,1
DA:41,1
DA:42,1
DA:43,1
DA:44,1
DA:45,1
DA:46,1
DA:47,1
DA:48,1
DA:49,1
DA:50,1
DA:51,1
DA:52,1
DA:53,1
DA:54,1
DA:55,1
DA:56,1
DA:57,1
DA:58,1
DA:59,1
DA:60,1
DA:61,1
DA:62,1
DA:63,1
DA:64,1
DA:65,1
DA:66,1
LF:66
LH:66
BRDA:1,0,0,1
BRF:1
BRH:1
end_of_record
TN:
SF:hack/js/data.js
FNF:0
FNH:0
DA:1,1
DA:2,1
DA:3,1
DA:4,1
DA:5,1
DA:6,1
DA:7,1
DA:8,1
DA:9,1
DA:10,1
DA:11,1
DA:12,1
DA:13,1
DA:14,1
DA:15,1
DA:16,1
DA:17,1
DA:18,1
DA:19,1
DA:20,1
DA:21,1
DA:22,1
DA:23,1
DA:24,1
DA:25,1
DA:26,1
DA:27,1
DA:28,1
DA:29,1
DA:30,1
DA:31,1
DA:32,1
DA:33,1
DA:34,1
DA:35,1
DA:36,1
DA:37,1
DA:38,1
DA:39,1
DA:40,1
DA:41,1
DA:42,1
DA:43,1
DA:44,1
DA:45,1
DA:46,1
DA:47,1
DA:48,1
DA:49,1
DA:50,1
DA:51,1
DA:52,1
DA:53,1
DA:54,1
DA:55,1
DA:56,1
DA:57,1
DA:58,1
DA:59,1
DA:60,1
DA:61,1
DA:62,1
DA:63,1
DA:64,1
DA:65,1
DA:66,1
DA:67,1
DA:68,1
DA:69,1
DA:70,1
DA:71,1
DA:72,1
DA:73,1
DA:74,1
DA:75,1
DA:76,1
DA:77,1
DA:78,1
DA:79,1
DA:80,1
DA:81,1
DA:82,1
DA:83,1
DA:84,1
DA:85,1
DA:86,1
DA:87,1
DA:88,1
DA:89,1
DA:90,1
DA:91,1
DA:92,1
DA:93,1
DA:94,1
DA:95,1
DA:96,1
DA:97,1
DA:98,1
DA:99,1
DA:100,1
DA:101,1
DA:102,1
DA:103,1
DA:104,1
DA:105,1
DA:106,1
DA:107,1
DA:108,1
DA:109,1
DA:110,1
DA:111,1
DA:112,1
DA:113,1
DA:114,1
DA:115,1
DA:116,1
DA:117,1
DA:118,1
DA:119,1
DA:120,1
DA:121,1
DA:122,1
DA:123,1
DA:124,1
DA:125,1
DA:126,1
DA:127,1
DA:128,1
DA:129,1
DA:130,1
DA:131,1
DA:132,1
DA:133,1
DA:134,1
DA:135,1
DA:136,1
DA:137,1
DA:138,1
DA:139,1
DA:140,1
DA:141,1
DA:142,1
DA:143,1
DA:144,1
DA:145,1
DA:146,1
DA:147,1
DA:148,1
DA:149,1
DA:150,1
DA:151,1
DA:152,1
DA:153,1
DA:154,1
DA:155,1
DA:156,1
DA:157,1
DA:158,1
DA:159,1
DA:160,1
DA:161,1
DA:162,1
DA:163,1
DA:164,1
DA:165,1
DA:166,1
DA:167,1
DA:168,1
DA:169,1
DA:170,1
DA:171,1
DA:172,1
DA:173,1
DA:174,1
DA:175,1
DA:176,1
DA:177,1
DA:178,1
DA:179,1
DA:180,1
DA:181,1
DA:182,1
DA:183,1
DA:184,1
DA:185,1
DA:186,1
DA:187,1
DA:188,1
DA:189,1
DA:190,1
DA:191,1
DA:192,1
DA:193,1
DA:194,1
DA:195,1
DA:196,1
DA:197,1
DA:198,1
DA:199,1
DA:200,1
DA:201,1
DA:202,1
DA:203,1
DA:204,1
DA:205,1
DA:206,1
DA:207,1
DA:208,1
DA:209,1
DA:210,1
DA:211,1
DA:212,1
DA:213,1
DA:214,1
DA:215,1
DA:216,1
DA:217,1
DA:218,1
DA:219,1
DA:220,1
DA:221,1
DA:222,1
DA:223,1
DA:224,1
DA:225,1
DA:226,1
DA:227,1
DA:228,1
DA:229,1
DA:230,1
DA:231,1
DA:232,1
DA:233,1
DA:234,1
DA:235,1
DA:236,1
DA:237,1
DA:238,1
DA:239,1
DA:240,1
DA:241,1
DA:242,1
DA:243,1
DA:244,1
DA:245,1
DA:246,1
DA:247,1
DA:248,1
DA:249,1
DA:250,1
DA:251,1
DA:252,1
DA:253,1
DA:254,1
DA:255,1
DA:256,1
DA:257,1
DA:258,1
DA:259,1
DA:260,1
DA:261,1
DA:262,1
DA:263,1
DA:264,1
DA:265,1
DA:266,1
DA:267,1
DA:268,1
DA:269,1
DA:270,1
DA:271,1
DA:272,1
DA:273,1
DA:274,1
DA:275,1
DA:276,1
DA:277,1
DA:278,1
DA:279,1
DA:280,1
DA:281,1
DA:282,1
DA:283,1
DA:284,1
DA:285,1
DA:286,1
DA:287,1
DA:288,1
DA:289,1
DA:290,1
DA:291,1
DA:292,1
DA:293,1
DA:294,1
DA:295,1
DA:296,1
DA:297,1
DA:298,1
DA:299,1
DA:300,1
DA:301,1
DA:302,1
DA:303,1
DA:304,1
DA:305,1
DA:306,1
DA:307,1
DA:308,1
DA:309,1
DA:310,1
DA:311,1
DA:312,1
DA:313,1
DA:314,1
DA:315,1
DA:316,1
DA:317,1
DA:318,1
DA:319,1
DA:320,1
DA:321,1
DA:322,1
DA:323,1
DA:324,1
DA:325,1
DA:326,1
DA:327,1
DA:328,1
DA:329,1
DA:330,1
DA:331,1
DA:332,1
DA:333,1
DA:334,1
DA:335,1
DA:336,1
DA:337,1
DA:338,1
DA:339,1
DA:340,1
DA:341,1
DA:342,1
DA:343,1
DA:344,1
DA:345,1
DA:346,1
DA:347,1
DA:348,1
DA:349,1
DA:350,1
DA:351,1
DA:352,1
DA:353,1
DA:354,1
DA:355,1
DA:356,1
DA:357,1
LF:357
LH:357
BRDA:1,0,0,1
BRF:1
BRH:1
end_of_record
TN:
SF:hack/js/do.js
FN:19,getobj
FN:58,doinv
FN:87,getdir
FN:96,getlin
FN:110,lesshungry
FN:116,useup
FN:129,dodr1
FN:146,loseone
FN:163,docall
FN:181,rescham
FN:192,drink1
FN:338,pluslvl
FN:349,nothin
FN:364,more_fn
FN:376,read1
FN:540,chwepon
FN:545,plusone
FN:552,minusone
FN:559,litroom
FN:587,rhack
FN:788,applyRingOn
FNF:21
FNH:20
FNDA:136,getobj
FNDA:7,doinv
FNDA:23,getdir
FNDA:16,getlin
FNDA:2,lesshungry
FNDA:46,useup
FNDA:1,dodr1
FNDA:9,loseone
FNDA:18,docall
FNDA:0,rescham
FNDA:23,drink1
FNDA:1,pluslvl
FNDA:1,nothin
FNDA:3,more_fn
FNDA:27,read1
FNDA:2,chwepon
FNDA:2,plusone
FNDA:2,minusone
FNDA:2,litroom
FNDA:7906,rhack
FNDA:16,applyRingOn
DA:1,1
DA:2,1
DA:3,1
DA:4,1
DA:5,1
DA:6,1
DA:7,1
DA:8,1
DA:9,1
DA:10,1
DA:11,1
DA:12,1
DA:13,1
DA:14,1
DA:15,1
DA:16,1
DA:17,1
DA:18,1
DA:19,136
DA:20,136
DA:21,136
DA:22,136
DA:23,136
DA:24,136
DA:25,2
DA:26,2
DA:27,2
DA:28,136
DA:29,139
DA:30,135
DA:31,135
DA:32,139
DA:33,139
DA:34,2
DA:35,1
DA:36,1
DA:37,1
DA:38,1
DA:39,1
DA:40,1
DA:41,133
DA:42,133
DA:43,139
DA:44,133
DA:45,133
DA:46,139
DA:47,139
DA:48,139
DA:49,1
DA:50,1
DA:51,128
DA:52,128
DA:53,136
DA:54,1
DA:55,1
DA:56,1
DA:57,1
DA:58,7
DA:59,7
DA:60,7
DA:61,7
DA:62,7
DA:63,7
DA:64,25
DA:65,25
DA:66,25
DA:67,25
DA:68,25
DA:69,25
DA:70,25
DA:71,25
DA:72,25
DA:73,25
DA:74,25
DA:75,25
DA:76,7
DA:77,7
DA:78,7
DA:79,7
DA:80,7
DA:81,7
DA:82,6
DA:83,6
DA:84,7
DA:85,1
DA:86,1
DA:87,23
DA:88,23
DA:89,23
DA:90,23
DA:91,23
DA:92,23
DA:93,1
DA:94,1
DA:95,1
DA:96,16
DA:97,16
DA:98,16
DA:99,16
DA:100,103
DA:101,103
DA:102,103
DA:103,103
DA:104,87
DA:105,87
DA:106,8
DA:107,16
DA:108,1
DA:109,1
DA:110,2
DA:111,2
DA:112,2
DA:113,2
DA:114,1
DA:115,1
DA:116,46
DA:117,46
DA:118,46
DA:119,46
DA:120,46
DA:121,46
DA:122,46
DA:123,45
DA:124,46
DA:125,45
DA:126,46
DA:127,1
DA:128,1
DA:129,1
DA:130,1
DA:131,1
DA:132,1
DA:133,1
DA:134,1
DA:135,1
DA:136,1
DA:137,1
DA:138,1
DA:139,1
DA:140,1
DA:141,1
DA:142,1
DA:143,1
DA:144,1
DA:145,1
DA:146,9
DA:147,9
DA:148,9
DA:149,2
DA:150,2
DA:151,2
DA:152,2
DA:153,9
DA:154,7
DA:155,7
DA:156,7
DA:157,7
DA:158,9
DA:159,9
DA:160,1
DA:161,1
DA:162,1
DA:163,18
DA:164,18
DA:165,15
DA:166,15
DA:167,18
DA:168,18
DA:169,18
DA:170,18
DA:171,18
DA:172,18
DA:173,18
DA:174,18
DA:175,1
DA:176,1
DA:177,1
DA:178,1
DA:179,1
DA:180,1
DA:181,0
DA:182,0
DA:183,0
DA:184,0
DA:185,0
DA:186,0
DA:187,0
DA:188,0
DA:189,1
DA:190,1
DA:191,1
DA:192,23
DA:193,23
DA:194,23
DA:195,23
DA:196,1
DA:197,1
DA:198,1
DA:199,1
DA:200,1
DA:201,23
DA:202,1
DA:203,1
DA:204,1
DA:205,1
DA:206,1
DA:207,1
DA:208,1
DA:209,23
DA:210,1
DA:211,1
DA:212,1
DA:213,1
DA:214,1
DA:215,1
DA:216,23
DA:217,1
DA:218,1
DA:219,1
DA:220,1
DA:221,1
DA:222,23
DA:223,1
DA:224,1
DA:225,1
DA:226,1
DA:227,1
DA:228,1
DA:229,0
DA:230,0
DA:231,1
DA:232,1
DA:233,1
DA:234,23
DA:235,2
DA:236,2
DA:237,2
DA:238,2
DA:239,2
DA:240,23
DA:241,1
DA:242,1
DA:243,1
DA:244,1
DA:245,1
DA:246,1
DA:247,1
DA:248,1
DA:249,1
DA:250,1
DA:251,1
DA:252,1
DA:253,1
DA:254,23
DA:255,1
DA:256,1
DA:257,1
DA:258,1
DA:259,1
DA:260,1
DA:261,1
DA:262,1
DA:263,1
DA:264,1
DA:265,1
DA:266,1
DA:267,1
DA:268,23
DA:269,1
DA:270,1
DA:271,1
DA:272,1
DA:273,1
DA:274,1
DA:275,23
DA:276,2
DA:277,2
DA:278,2
DA:279,2
DA:280,2
DA:281,23
DA:282,1
DA:283,1
DA:284,1
DA:285,1
DA:286,1
DA:287,1
DA:288,1
DA:289,1
DA:290,1
DA:291,1
DA:292,23
DA:293,1
DA:294,1
DA:295,1
DA:296,1
DA:297,1
DA:298,23
DA:299,7
DA:300,7
DA:301,7
DA:302,7
DA:303,7
DA:304,7
DA:305,23
DA:306,1
DA:307,1
DA:308,1
DA:309,1
DA:310,23
DA:311,1
DA:312,1
DA:313,1
DA:314,1
DA:315,1
DA:316,1
DA:317,0
DA:318,0
DA:319,1
DA:320,1
DA:321,1
DA:322,23
DA:323,0
DA:324,23
DA:325,23
DA:326,23
DA:327,23
DA:328,21
DA:329,21
DA:330,23
DA:331,2
DA:332,0
DA:333,23
DA:334,21
DA:335,23
DA:336,1
DA:337,1
DA:338,1
DA:339,1
DA:340,1
DA:341,1
DA:342,1
DA:343,1
DA:344,1
DA:345,1
DA:346,1
DA:347,1
DA:348,1
DA:349,1
DA:350,1
DA:351,1
DA:352,1
DA:353,1
DA:354,0
DA:355,0
DA:356,1
DA:357,1
DA:358,1
DA:359,1
DA:360,1
DA:361,1
DA:362,1
DA:363,1
DA:364,3
DA:365,3
DA:366,3
DA:367,3
DA:368,3
DA:369,3
DA:370,3
DA:371,3
DA:372,3
DA:373,1
DA:374,1
DA:375,1
DA:376,27
DA:377,27
DA:378,27
DA:379,27
DA:380,27
DA:381,2
DA:382,2
DA:383,1
DA:384,1
DA:385,1
DA:386,27
DA:387,2
DA:388,2
DA:389,2
DA:390,2
DA:391,27
DA:392,1
DA:393,1
DA:394,1
DA:395,27
DA:396,1
DA:397,1
DA:398,1
DA:399,1
DA:400,1
DA:401,1
DA:402,1
DA:403,1
DA:404,27
DA:405,1
DA:406,1
DA:407,1
DA:408,1
DA:409,27
DA:410,3
DA:411,3
DA:412,3
DA:413,27
DA:414,1
DA:415,1
DA:416,1
DA:417,1
DA:418,27
DA:419,1
DA:420,1
DA:421,1
DA:422,1
DA:423,1
DA:424,27
DA:425,1
DA:426,1
DA:427,1
DA:428,1
DA:429,1
DA:430,1
DA:431,1
DA:432,1
DA:433,1
DA:434,1
DA:435,1
DA:436,1
DA:437,1
DA:438,1
DA:439,1
DA:440,1
DA:441,1
DA:442,5
DA:443,3
DA:444,3
DA:445,3
DA:446,5
DA:447,1
DA:448,1
DA:449,27
DA:450,2
DA:451,2
DA:452,2
DA:453,27
DA:454,2
DA:455,2
DA:456,2
DA:457,27
DA:458,1
DA:459,1
DA:460,1
DA:461,1
DA:462,1
DA:463,1
DA:464,1
DA:465,1
DA:466,1
DA:467,1
DA:468,1
DA:469,1
DA:470,1
DA:471,27
DA:472,7
DA:473,7
DA:474,7
DA:475,7
DA:476,7
DA:477,5
DA:478,5
DA:479,5
DA:480,5
DA:481,5
DA:482,5
DA:483,5
DA:484,2
DA:485,2
DA:486,5
DA:487,5
DA:488,5
DA:489,5
DA:490,5
DA:491,27
DA:492,1
DA:493,1
DA:494,1
DA:495,80
DA:496,1760
DA:497,1760
DA:498,2
DA:499,2
DA:500,1760
DA:501,419
DA:502,419
DA:503,1760
DA:504,80
DA:505,1
DA:506,0
DA:507,0
DA:508,1
DA:509,1
DA:510,1
DA:511,1
DA:512,1
DA:513,27
DA:514,1
DA:515,1
DA:516,1
DA:517,1
DA:518,1
DA:519,1
DA:520,1
DA:521,1
DA:522,1
DA:523,1
DA:524,27
DA:525,0
DA:526,27
DA:527,19
DA:528,19
DA:529,19
DA:530,8
DA:531,8
DA:532,19
DA:533,11
DA:534,2
DA:535,19
DA:536,10
DA:537,27
DA:538,1
DA:539,1
DA:540,2
DA:541,2
DA:542,2
DA:543,1
DA:544,1
DA:545,2
DA:546,2
DA:547,2
DA:548,2
DA:549,2
DA:550,1
DA:551,1
DA:552,2
DA:553,2
DA:554,2
DA:555,0
DA:556,2
DA:557,1
DA:558,1
DA:559,2
DA:560,2
DA:561,1
DA:562,1
DA:563,1
DA:564,1
DA:565,0
DA:566,0
DA:567,0
DA:568,0
DA:569,0
DA:570,0
DA:571,0
DA:572,0
DA:573,0
DA:574,2
DA:575,2
DA:576,2
DA:577,2
DA:578,0
DA:579,0
DA:580,0
DA:581,0
DA:582,0
DA:583,0
DA:584,2
DA:585,1
DA:586,1
DA:587,1
DA:588,7906
DA:589,7183
DA:590,7183
DA:591,7183
DA:592,7183
DA:593,723
DA:594,723
DA:595,7906
DA:596,6
DA:597,6
DA:598,717
DA:599,717
DA:600,7906
DA:601,7906
DA:602,2
DA:603,2
DA:604,2
DA:605,1
DA:606,1
DA:607,1
DA:608,7906
DA:609,7906
DA:610,23
DA:611,23
DA:612,23
DA:613,21
DA:614,21
DA:615,7906
DA:616,5
DA:617,5
DA:618,5
DA:619,5
DA:620,5
DA:621,5
DA:622,5
DA:623,7906
DA:624,30
DA:625,30
DA:626,30
DA:627,18
DA:628,7906
DA:629,1
DA:630,7906
DA:631,6
DA:632,6
DA:633,6
DA:634,7906
DA:635,4
DA:636,4
DA:637,4
DA:638,4
DA:639,7906
DA:640,154
DA:641,39
DA:642,39
DA:643,115
DA:644,7906
DA:645,11
DA:646,6
DA:647,6
DA:648,11
DA:649,7906
DA:650,7906
DA:651,10
DA:652,10
DA:653,10
DA:654,1
DA:655,1
DA:656,10
DA:657,10
DA:658,10
DA:659,10
DA:660,10
DA:661,10
DA:662,5
DA:663,9
DA:664,9
DA:665,7906
DA:666,3
DA:667,3
DA:668,3
DA:669,1
DA:670,1
DA:671,1
DA:672,1
DA:673,1
DA:674,1
DA:675,1
DA:676,1
DA:677,1
DA:678,1
DA:679,1
DA:680,2
DA:681,2
DA:682,2
DA:683,7906
DA:684,19
DA:685,19
DA:686,19
DA:687,19
DA:688,6
DA:689,6
DA:690,6
DA:691,6
DA:692,6
DA:693,6
DA:694,5
DA:695,5
DA:696,19
DA:697,12
DA:698,19
DA:699,8
DA:700,8
DA:701,6
DA:702,2
DA:703,1
DA:704,6
DA:705,4
DA:706,4
DA:707,4
DA:708,4
DA:709,4
DA:710,4
DA:711,4
DA:712,4
DA:713,4
DA:714,6
DA:715,19
DA:716,10
DA:717,10
DA:718,7906
DA:719,1
DA:720,1
DA:721,1
DA:722,1
DA:723,1
DA:724,1
DA:725,1
DA:726,1
DA:727,1
DA:728,1
DA:729,1
DA:730,7906
DA:731,16
DA:732,16
DA:733,16
DA:734,16
DA:735,16
DA:736,16
DA:737,16
DA:738,16
DA:739,16
DA:740,16
DA:741,16
DA:742,16
DA:743,16
DA:744,16
DA:745,16
DA:746,16
DA:747,16
DA:748,16
DA:749,16
DA:750,7906
DA:751,16
DA:752,16
DA:753,16
DA:754,16
DA:755,15
DA:756,14
DA:757,14
DA:758,14
DA:759,15
DA:760,1
DA:761,1
DA:762,1
DA:763,1
DA:764,0
DA:765,0
DA:766,15
DA:767,15
DA:768,7906
DA:769,3
DA:770,3
DA:771,3
DA:772,3
DA:773,3
DA:774,3
DA:775,3
DA:776,3
DA:777,3
DA:778,3
DA:779,3
DA:780,7906
DA:781,7906
DA:782,7
DA:783,7
DA:784,7
DA:785,7906
DA:786,7906
DA:787,1
DA:788,16
DA:789,16
DA:790,16
DA:791,16
DA:792,16
DA:793,16
DA:794,16
DA:795,16
DA:796,16
DA:797,16
DA:798,16
DA:799,16
DA:800,16
DA:801,16
DA:802,16
DA:803,1
DA:804,2
DA:805,2
DA:806,2
DA:807,2
DA:808,0
DA:809,0
DA:810,0
DA:811,2
DA:812,1
DA:813,16
DA:814,16
DA:815,16
DA:816,1
DA:817,16
DA:818,16
DA:819,1
DA:820,1
DA:821,1
DA:822,16
DA:823,16
DA:824,1
DA:825,1
DA:826,1
DA:827,1
LF:827
LH:787
BRDA:1,0,0,1
BRDA:19,1,0,136
BRDA:23,2,0,537
BRDA:23,3,0,501
BRDA:23,4,0,164
BRDA:24,5,0,126
BRDA:24,6,0,111
BRDA:24,7,0,2
BRDA:28,8,0,134
BRDA:28,9,0,139
BRDA:30,10,0,135
BRDA:32,11,0,0
BRDA:33,12,0,135
BRDA:33,13,0,2
BRDA:34,14,0,1
BRDA:34,15,0,1
BRDA:37,16,0,4
BRDA:37,17,0,1
BRDA:41,18,0,133
BRDA:43,19,0,131
BRDA:43,20,0,0
BRDA:44,21,0,133
BRDA:46,22,0,502
BRDA:46,23,0,373
BRDA:47,24,0,133
BRDA:47,25,0,4
BRDA:48,26,0,129
BRDA:48,27,0,122
BRDA:48,28,0,107
BRDA:48,29,0,1
BRDA:51,30,0,128
BRDA:58,31,0,7
BRDA:59,32,0,0
BRDA:63,33,0,25
BRDA:64,34,0,0
BRDA:74,35,0,0
BRDA:81,36,0,10
BRDA:81,37,0,4
BRDA:82,38,0,6
BRDA:87,39,0,23
BRDA:96,40,0,16
BRDA:99,41,0,103
BRDA:101,42,0,95
BRDA:101,43,0,93
BRDA:101,44,0,7
BRDA:102,45,0,88
BRDA:102,46,0,0
BRDA:103,47,0,88
BRDA:103,48,0,1
BRDA:104,49,0,87
BRDA:106,50,0,8
BRDA:110,51,0,2
BRDA:112,52,0,0
BRDA:116,53,0,46
BRDA:117,54,0,1
BRDA:118,55,0,45
BRDA:118,56,0,0
BRDA:119,57,0,45
BRDA:119,58,0,0
BRDA:120,59,0,45
BRDA:120,60,0,0
BRDA:121,61,0,45
BRDA:121,62,0,0
BRDA:122,63,0,45
BRDA:122,64,0,0
BRDA:123,65,0,45
BRDA:124,66,0,128
BRDA:124,67,0,83
BRDA:125,68,0,45
BRDA:129,69,0,1
BRDA:131,70,0,0
BRDA:132,71,0,0
BRDA:133,72,0,0
BRDA:135,73,0,0
BRDA:136,74,0,0
BRDA:146,75,0,9
BRDA:148,76,0,2
BRDA:153,77,0,7
BRDA:163,78,0,18
BRDA:165,79,0,15
BRDA:167,80,0,7
BRDA:167,81,0,1
BRDA:169,82,0,4
BRDA:170,83,0,1
BRDA:171,84,0,1
BRDA:172,85,0,1
BRDA:192,86,0,23
BRDA:195,87,0,1
BRDA:198,88,0,0
BRDA:201,89,0,1
BRDA:205,90,0,0
BRDA:206,91,0,0
BRDA:209,92,0,1
BRDA:216,93,0,1
BRDA:222,94,0,1
BRDA:228,95,0,0
BRDA:231,96,0,0
BRDA:234,97,0,2
BRDA:240,98,0,1
BRDA:243,99,0,0
BRDA:246,100,0,3
BRDA:254,101,0,1
BRDA:257,102,0,0
BRDA:260,103,0,4
BRDA:268,104,0,1
BRDA:275,105,0,2
BRDA:281,106,0,1
BRDA:285,107,0,0
BRDA:292,108,0,1
BRDA:298,109,0,7
BRDA:305,110,0,1
BRDA:310,111,0,1
BRDA:316,112,0,0
BRDA:319,113,0,0
BRDA:322,114,0,0
BRDA:327,115,0,21
BRDA:330,116,0,2
BRDA:332,117,0,0
BRDA:334,118,0,21
BRDA:338,119,0,1
BRDA:349,120,0,1
BRDA:353,121,0,0
BRDA:364,122,0,3
BRDA:376,123,0,27
BRDA:380,124,0,2
BRDA:382,125,0,1
BRDA:386,126,0,2
BRDA:391,127,0,1
BRDA:395,128,0,1
BRDA:398,129,0,0
BRDA:399,130,0,0
BRDA:404,131,0,1
BRDA:406,132,0,0
BRDA:409,133,0,3
BRDA:413,134,0,1
BRDA:415,135,0,0
BRDA:418,136,0,1
BRDA:420,137,0,0
BRDA:424,138,0,1
BRDA:441,139,0,5
BRDA:442,140,0,2
BRDA:442,141,0,3
BRDA:444,142,0,1
BRDA:449,143,0,2
BRDA:453,144,0,2
BRDA:457,145,0,1
BRDA:460,146,0,0
BRDA:463,147,0,3
BRDA:471,148,0,7
BRDA:477,149,0,5
BRDA:479,150,0,0
BRDA:480,151,0,0
BRDA:481,152,0,1
BRDA:481,153,0,2
BRDA:482,154,0,1
BRDA:483,155,0,2
BRDA:484,156,0,1
BRDA:491,157,0,1
BRDA:494,158,0,80
BRDA:495,159,0,1760
BRDA:497,160,0,2
BRDA:500,161,0,1758
BRDA:500,162,0,1639
BRDA:500,163,0,1333
BRDA:500,164,0,447
BRDA:500,165,0,419
BRDA:505,166,0,0
BRDA:513,167,0,1
BRDA:516,168,0,0
BRDA:524,169,0,0
BRDA:527,170,0,19
BRDA:529,171,0,8
BRDA:532,172,0,11
BRDA:534,173,0,2
BRDA:536,174,0,10
BRDA:540,175,0,2
BRDA:545,176,0,2
BRDA:547,177,0,0
BRDA:552,178,0,2
BRDA:553,179,0,0
BRDA:555,180,0,0
BRDA:559,181,0,2
BRDA:560,182,0,1
BRDA:565,183,0,0
BRDA:574,184,0,0
BRDA:575,185,0,0
BRDA:576,186,0,0
BRDA:577,187,0,0
BRDA:587,188,0,7906
BRDA:588,189,0,7183
BRDA:589,190,0,0
BRDA:593,191,0,723
BRDA:595,192,0,6
BRDA:598,193,0,717
BRDA:600,194,0,157
BRDA:601,195,0,2
BRDA:603,196,0,1
BRDA:603,197,0,0
BRDA:604,198,0,1
BRDA:604,199,0,0
BRDA:605,200,0,1
BRDA:608,201,0,140
BRDA:608,202,0,28
BRDA:609,203,0,23
BRDA:611,204,0,0
BRDA:613,205,0,21
BRDA:615,206,0,5
BRDA:617,207,0,4
BRDA:617,208,0,0
BRDA:619,209,0,0
BRDA:620,210,0,0
BRDA:623,211,0,30
BRDA:625,212,0,29
BRDA:625,213,0,2
BRDA:626,214,0,27
BRDA:626,215,0,18
BRDA:628,216,0,1
BRDA:630,217,0,6
BRDA:631,218,0,0
BRDA:634,219,0,4
BRDA:639,220,0,154
BRDA:640,221,0,120
BRDA:640,222,0,39
BRDA:643,223,0,115
BRDA:644,224,0,11
BRDA:645,225,0,5
BRDA:645,226,0,6
BRDA:648,227,0,5
BRDA:648,228,0,2
BRDA:649,229,0,108
BRDA:650,230,0,10
BRDA:652,231,0,0
BRDA:653,232,0,9
BRDA:653,233,0,9
BRDA:653,234,0,1
BRDA:656,235,0,9
BRDA:656,236,0,7
BRDA:656,237,0,0
BRDA:657,238,0,9
BRDA:657,239,0,0
BRDA:661,240,0,4
BRDA:661,241,0,1
BRDA:662,242,0,5
BRDA:663,243,0,9
BRDA:665,244,0,3
BRDA:667,245,0,2
BRDA:667,246,0,0
BRDA:668,247,0,2
BRDA:668,248,0,1
BRDA:672,249,0,0
BRDA:678,250,0,0
BRDA:680,251,0,2
BRDA:683,252,0,19
BRDA:685,253,0,0
BRDA:686,254,0,0
BRDA:687,255,0,6
BRDA:690,256,0,0
BRDA:691,257,0,4
BRDA:691,258,0,1
BRDA:691,259,0,3
BRDA:692,260,0,2
BRDA:694,261,0,5
BRDA:696,262,0,13
BRDA:696,263,0,1
BRDA:697,264,0,12
BRDA:698,265,0,8
BRDA:700,266,0,6
BRDA:701,267,0,2
BRDA:702,268,0,1
BRDA:704,269,0,4
BRDA:706,270,0,2
BRDA:707,271,0,1
BRDA:708,272,0,0
BRDA:709,273,0,0
BRDA:710,274,0,1
BRDA:711,275,0,0
BRDA:715,276,0,4
BRDA:716,277,0,10
BRDA:718,278,0,1
BRDA:720,279,0,0
BRDA:722,280,0,0
BRDA:727,281,0,0
BRDA:730,282,0,16
BRDA:731,283,0,0
BRDA:731,284,0,0
BRDA:733,285,0,0
BRDA:734,286,0,0
BRDA:735,287,0,0
BRDA:736,288,0,0
BRDA:743,289,0,0
BRDA:745,290,0,15
BRDA:745,291,0,1
BRDA:750,292,0,16
BRDA:753,293,0,1
BRDA:754,294,0,15
BRDA:754,295,0,0
BRDA:755,296,0,15
BRDA:755,297,0,14
BRDA:759,298,0,1
BRDA:763,299,0,0
BRDA:768,300,0,3
BRDA:770,301,0,0
BRDA:771,302,0,0
BRDA:776,303,0,0
BRDA:780,304,0,1
BRDA:780,305,0,0
BRDA:781,306,0,7
BRDA:782,307,0,0
BRDA:788,308,0,16
BRDA:790,309,0,0
BRDA:791,310,0,1
BRDA:792,311,0,1
BRDA:793,312,0,1
BRDA:794,313,0,3
BRDA:795,314,0,1
BRDA:796,315,0,1
BRDA:797,316,0,0
BRDA:798,317,0,0
BRDA:799,318,0,1
BRDA:800,319,0,1
BRDA:801,320,0,1
BRDA:802,321,0,1
BRDA:803,322,0,2
BRDA:805,323,0,0
BRDA:806,324,0,0
BRDA:807,325,0,0
BRDA:814,326,0,2
BRDA:815,327,0,1
BRDA:816,328,0,0
BRDA:818,329,0,1
BRDA:819,330,0,0
BRDA:820,331,0,0
BRF:332
BRH:237
end_of_record
TN:
SF:hack/js/do1.js
FN:21,ringoff
FN:72,hit
FN:78,miss
FN:84,findit
FN:118,bhit
FN:132,buzz
FN:179,at_buzz
FN:187,zhit
FN:207,dosearch
FN:226,traps_name
FN:234,serializeInvent
FN:251,deserializeInvent
FN:264,inventToArray
FN:270,findInventIdx
FN:279,dosave
FN:313,dorecover
FN:371,_setDo1Deps
FN:372,nomul
FN:376,setNdaminc
FN:377,ndaminc
FNF:20
FNH:17
FNDA:15,ringoff
FNDA:1,hit
FNDA:1,miss
FNDA:4,findit
FNDA:17,bhit
FNDA:4,buzz
FNDA:30,at_buzz
FNDA:2,zhit
FNDA:158,dosearch
FNDA:5,traps_name
FNDA:1,serializeInvent
FNDA:0,deserializeInvent
FNDA:1,inventToArray
FNDA:4,findInventIdx
FNDA:1,dosave
FNDA:0,dorecover
FNDA:1,_setDo1Deps
FNDA:7,nomul
FNDA:0,setNdaminc
FNDA:2,ndaminc
DA:1,1
DA:2,1
DA:3,1
DA:4,1
DA:5,1
DA:6,1
DA:7,1
DA:8,1
DA:9,1
DA:10,1
DA:11,1
DA:12,1
DA:13,1
DA:14,1
DA:15,1
DA:16,1
DA:17,1
DA:18,1
DA:19,1
DA:20,1
DA:21,1
DA:22,15
DA:23,15
DA:24,11
DA:25,15
DA:26,15
DA:27,15
DA:28,15
DA:29,15
DA:30,15
DA:31,15
DA:32,15
DA:33,15
DA:34,15
DA:35,15
DA:36,15
DA:37,15
DA:38,15
DA:39,15
DA:40,15
DA:41,1
DA:42,2
DA:43,2
DA:44,0
DA:45,2
DA:46,2
DA:47,0
DA:48,2
DA:49,2
DA:50,0
DA:51,0
DA:52,0
DA:53,2
DA:54,1
DA:55,15
DA:56,15
DA:57,15
DA:58,1
DA:59,1
DA:60,1
DA:61,15
DA:62,1
DA:63,1
DA:64,1
DA:65,1
DA:66,1
DA:67,1
DA:68,15
DA:69,15
DA:70,1
DA:71,1
DA:72,1
DA:73,1
DA:74,1
DA:75,1
DA:76,1
DA:77,1
DA:78,1
DA:79,1
DA:80,1
DA:81,1
DA:82,1
DA:83,1
DA:84,1
DA:85,4
DA:86,4
DA:87,4
DA:88,4
DA:89,4
DA:90,4
DA:91,4
DA:92,4
DA:93,27
DA:94,276
DA:95,3
DA:96,276
DA:97,273
DA:98,273
DA:99,1
DA:100,273
DA:101,272
DA:102,272
DA:103,0
DA:104,0
DA:105,0
DA:106,0
DA:107,0
DA:108,0
DA:109,272
DA:110,273
DA:111,276
DA:112,27
DA:113,4
DA:114,4
DA:115,1
DA:116,1
DA:117,1
DA:118,1
DA:119,17
DA:120,17
DA:121,17
DA:122,34
DA:123,34
DA:124,34
DA:125,34
DA:126,34
DA:127,1
DA:128,1
DA:129,17
DA:130,1
DA:131,1
DA:132,1
DA:133,4
DA:134,0
DA:135,0
DA:136,0
DA:137,0
DA:138,0
DA:139,4
DA:140,4
DA:141,4
DA:142,30
DA:143,30
DA:144,30
DA:145,30
DA:146,30
DA:147,30
DA:148,2
DA:149,2
DA:150,2
DA:151,2
DA:152,2
DA:153,30
DA:154,4
DA:155,3
DA:156,3
DA:157,1
DA:158,3
DA:159,3
DA:160,0
DA:161,0
DA:162,3
DA:163,3
DA:164,0
DA:165,0
DA:166,3
DA:167,3
DA:168,1
DA:169,1
DA:170,4
DA:171,4
DA:172,30
DA:173,5
DA:174,5
DA:175,5
DA:176,30
DA:177,4
DA:178,1
DA:179,30
DA:180,30
DA:181,30
DA:182,30
DA:183,30
DA:184,30
DA:185,1
DA:186,1
DA:187,1
DA:188,2
DA:189,2
DA:190,2
DA:191,2
DA:192,1
DA:193,1
DA:194,2
DA:195,0
DA:196,0
DA:197,2
DA:198,1
DA:199,1
DA:200,2
DA:201,0
DA:202,0
DA:203,2
DA:204,2
DA:205,1
DA:206,1
DA:207,1
DA:208,158
DA:209,474
DA:210,1422
DA:211,1
DA:212,1422
DA:213,1421
DA:214,2826
DA:215,2826
DA:216,5
DA:217,5
DA:218,5
DA:219,5
DA:220,2826
DA:221,1421
DA:222,1422
DA:223,474
DA:224,158
DA:225,1
DA:226,5
DA:227,5
DA:228,5
DA:229,5
DA:230,5
DA:231,1
DA:232,1
DA:233,1
DA:234,1
DA:235,1
DA:236,1
DA:237,3
DA:238,3
DA:239,3
DA:240,3
DA:241,3
DA:242,3
DA:243,3
DA:244,3
DA:245,3
DA:246,3
DA:247,3
DA:248,1
DA:249,1
DA:250,1
DA:251,0
DA:252,0
DA:253,0
DA:254,0
DA:255,0
DA:256,0
DA:257,0
DA:258,0
DA:259,0
DA:260,0
DA:261,0
DA:262,0
DA:263,1
DA:264,1
DA:265,1
DA:266,1
DA:267,1
DA:268,1
DA:269,1
DA:270,4
DA:271,4
DA:272,4
DA:273,0
DA:274,4
DA:275,1
DA:276,1
DA:277,1
DA:278,1
DA:279,1
DA:280,1
DA:281,1
DA:282,1
DA:283,1
DA:284,1
DA:285,1
DA:286,1
DA:287,1
DA:288,1
DA:289,1
DA:290,1
DA:291,1
DA:292,1
DA:293,1
DA:294,1
DA:295,1
DA:296,1
DA:297,1
DA:298,1
DA:299,1
DA:300,1
DA:301,1
DA:302,1
DA:303,1
DA:304,1
DA:305,1
DA:306,1
DA:307,1
DA:308,1
DA:309,1
DA:310,1
DA:311,1
DA:312,1
DA:313,1
DA:314,0
DA:315,0
DA:316,0
DA:317,0
DA:318,0
DA:319,0
DA:320,0
DA:321,0
DA:322,0
DA:323,0
DA:324,0
DA:325,0
DA:326,0
DA:327,0
DA:328,0
DA:329,0
DA:330,0
DA:331,0
DA:332,0
DA:333,0
DA:334,0
DA:335,0
DA:336,0
DA:337,0
DA:338,0
DA:339,0
DA:340,0
DA:341,0
DA:342,0
DA:343,0
DA:344,0
DA:345,0
DA:346,0
DA:347,0
DA:348,0
DA:349,0
DA:350,0
DA:351,0
DA:352,0
DA:353,0
DA:354,0
DA:355,0
DA:356,0
DA:357,0
DA:358,0
DA:359,0
DA:360,0
DA:361,0
DA:362,0
DA:363,0
DA:364,0
DA:365,0
DA:366,0
DA:367,1
DA:368,1
DA:369,1
DA:370,1
DA:371,1
DA:372,7
DA:373,1
DA:374,1
DA:375,1
DA:376,1
DA:377,2
LF:377
LH:287
BRDA:1,0,0,1
BRDA:21,1,0,15
BRDA:23,2,0,11
BRDA:24,3,0,0
BRDA:25,4,0,0
BRDA:25,5,0,0
BRDA:27,6,0,1
BRDA:28,7,0,0
BRDA:29,8,0,1
BRDA:30,9,0,1
BRDA:31,10,0,1
BRDA:32,11,0,2
BRDA:33,12,0,1
BRDA:34,13,0,1
BRDA:35,14,0,0
BRDA:36,15,0,0
BRDA:37,16,0,1
BRDA:38,17,0,1
BRDA:39,18,0,1
BRDA:40,19,0,1
BRDA:41,20,0,2
BRDA:43,21,0,0
BRDA:46,22,0,0
BRDA:49,23,0,0
BRDA:56,24,0,2
BRDA:57,25,0,1
BRDA:58,26,0,0
BRDA:61,27,0,1
BRDA:62,28,0,0
BRDA:72,29,0,1
BRDA:73,30,0,0
BRDA:78,31,0,1
BRDA:79,32,0,0
BRDA:84,33,0,4
BRDA:87,34,0,11
BRDA:87,35,0,9
BRDA:87,36,0,7
BRDA:88,37,0,34
BRDA:88,38,0,32
BRDA:88,39,0,30
BRDA:89,40,0,9
BRDA:89,41,0,9
BRDA:90,42,0,15
BRDA:90,43,0,14
BRDA:92,44,0,27
BRDA:93,45,0,276
BRDA:94,46,0,3
BRDA:96,47,0,273
BRDA:98,48,0,1
BRDA:100,49,0,272
BRDA:102,50,0,1
BRDA:102,51,0,0
BRDA:118,52,0,17
BRDA:119,53,0,0
BRDA:121,54,0,34
BRDA:124,55,0,10
BRDA:125,56,0,24
BRDA:125,57,0,6
BRDA:127,58,0,1
BRDA:132,59,0,4
BRDA:133,60,0,0
BRDA:140,61,0,1
BRDA:140,62,0,3
BRDA:140,63,0,0
BRDA:140,64,0,0
BRDA:141,65,0,30
BRDA:144,66,0,0
BRDA:147,67,0,2
BRDA:150,68,0,0
BRDA:152,69,0,0
BRDA:153,70,0,28
BRDA:153,71,0,4
BRDA:153,72,0,4
BRDA:154,73,0,3
BRDA:157,74,0,1
BRDA:158,75,0,0
BRDA:159,76,0,0
BRDA:162,77,0,1
BRDA:163,78,0,0
BRDA:166,79,0,0
BRDA:168,80,0,1
BRDA:170,81,0,1
BRDA:172,82,0,5
BRDA:179,83,0,30
BRDA:187,84,0,2
BRDA:190,85,0,0
BRDA:191,86,0,1
BRDA:193,87,0,0
BRDA:194,88,0,0
BRDA:197,89,0,1
BRDA:199,90,0,0
BRDA:200,91,0,0
BRDA:207,92,0,158
BRDA:208,93,0,474
BRDA:209,94,0,1422
BRDA:210,95,0,5
BRDA:210,96,0,1
BRDA:212,97,0,1421
BRDA:213,98,0,2826
BRDA:214,99,0,102
BRDA:214,100,0,13
BRDA:215,101,0,12
BRDA:215,102,0,5
BRDA:218,103,0,1
BRDA:226,104,0,5
BRDA:229,105,0,0
BRDA:234,106,0,1
BRDA:236,107,0,3
BRDA:264,108,0,1
BRDA:266,109,0,3
BRDA:270,110,0,4
BRDA:271,111,0,2
BRDA:272,112,0,5
BRDA:272,113,0,2
BRDA:273,114,0,0
BRDA:279,115,0,1
BRDA:371,116,0,1
BRDA:372,117,0,7
BRDA:372,118,0,0
BRDA:377,119,0,2
BRDA:377,120,0,0
BRF:121
BRH:87
end_of_record
TN:
SF:hack/js/game.js
FN:7,makeCell
FN:19,makeMonst
FN:38,makeObj
FN:54,makeGen
FN:64,makeStole
FN:75,GameState
FNF:6
FNH:6
FNDA:1485440,makeCell
FNDA:1921,makeMonst
FNDA:3353,makeObj
FNDA:2930,makeGen
FNDA:3,makeStole
FNDA:198,GameState
DA:1,1
DA:2,1
DA:3,1
DA:4,1
DA:5,1
DA:6,1
DA:7,1
DA:8,1485440
DA:9,1485440
DA:10,1485440
DA:11,1485440
DA:12,1485440
DA:13,1485440
DA:14,1485440
DA:15,1485440
DA:16,1485440
DA:17,1
DA:18,1
DA:19,1
DA:20,1921
DA:21,1921
DA:22,1921
DA:23,1921
DA:24,1921
DA:25,1921
DA:26,1921
DA:27,1921
DA:28,1921
DA:29,1921
DA:30,1921
DA:31,1921
DA:32,1921
DA:33,1921
DA:34,1921
DA:35,1921
DA:36,1
DA:37,1
DA:38,1
DA:39,3353
DA:40,3353
DA:41,3353
DA:42,3353
DA:43,3353
DA:44,3353
DA:45,3353
DA:46,3353
DA:47,3353
DA:48,3353
DA:49,3353
DA:50,3353
DA:51,3353
DA:52,1
DA:53,1
DA:54,1
DA:55,2930
DA:56,2930
DA:57,2930
DA:58,2930
DA:59,2930
DA:60,2930
DA:61,2930
DA:62,1
DA:63,1
DA:64,1
DA:65,3
DA:66,3
DA:67,3
DA:68,3
DA:69,3
DA:70,3
DA:71,3
DA:72,1
DA:73,1
DA:74,1
DA:75,1
DA:76,198
DA:77,198
DA:78,198
DA:79,15840
DA:80,15840
DA:81,348480
DA:82,348480
DA:83,15840
DA:84,198
DA:85,198
DA:86,198
DA:87,198
DA:88,198
DA:89,198
DA:90,198
DA:91,198
DA:92,198
DA:93,198
DA:94,198
DA:95,198
DA:96,198
DA:97,198
DA:98,198
DA:99,198
DA:100,198
DA:101,198
DA:102,198
DA:103,198
DA:104,198
DA:105,198
DA:106,198
DA:107,198
DA:108,198
DA:109,198
DA:110,198
DA:111,198
DA:112,198
DA:113,198
DA:114,198
DA:115,198
DA:116,198
DA:117,198
DA:118,198
DA:119,198
DA:120,198
DA:121,198
DA:122,198
DA:123,198
DA:124,198
DA:125,198
DA:126,198
DA:127,198
DA:128,198
DA:129,198
DA:130,198
DA:131,198
DA:132,198
DA:133,198
DA:134,198
DA:135,198
DA:136,198
DA:137,198
DA:138,198
DA:139,198
DA:140,198
DA:141,198
DA:142,198
DA:143,198
DA:144,198
DA:145,198
DA:146,198
DA:147,198
DA:148,198
DA:149,198
DA:150,198
DA:151,198
DA:152,198
DA:153,198
DA:154,198
DA:155,198
DA:156,198
DA:157,198
DA:158,198
DA:159,198
DA:160,198
DA:161,198
DA:162,198
DA:163,198
DA:164,198
DA:165,198
DA:166,198
DA:167,198
DA:168,198
DA:169,198
DA:170,198
DA:171,198
DA:172,198
DA:173,198
DA:174,198
DA:175,198
DA:176,198
DA:177,198
DA:178,198
DA:179,198
DA:180,198
DA:181,198
DA:182,198
DA:183,198
DA:184,198
DA:185,198
DA:186,198
DA:187,198
DA:188,198
DA:189,198
DA:190,198
DA:191,198
DA:192,198
DA:193,198
DA:194,198
DA:195,198
DA:196,198
DA:197,198
DA:198,198
DA:199,198
DA:200,198
DA:201,198
DA:202,198
DA:203,198
DA:204,198
DA:205,198
DA:206,198
DA:207,198
DA:208,198
DA:209,198
DA:210,198
DA:211,198
DA:212,198
DA:213,198
DA:214,1
LF:214
LH:214
BRDA:1,0,0,1
BRDA:7,1,0,1485440
BRDA:19,2,0,1921
BRDA:38,3,0,3353
BRDA:54,4,0,2930
BRDA:64,5,0,3
BRDA:75,6,0,198
BRDA:78,7,0,15840
BRDA:80,8,0,348480
BRF:9
BRH:9
end_of_record
TN:
SF:hack/js/gstate.js
FN:7,setGame
FN:13,GameOver
FNF:2
FNH:2
FNDA:198,setGame
FNDA:119,GameOver
DA:1,1
DA:2,1
DA:3,1
DA:4,1
DA:5,1
DA:6,1
DA:7,1
DA:8,198
DA:9,198
DA:10,1
DA:11,1
DA:12,1
DA:13,1
DA:14,1
LF:14
LH:14
BRDA:1,0,0,1
BRDA:7,1,0,198
BRDA:13,2,0,119
BRF:3
BRH:3
end_of_record
TN:
SF:hack/js/hack.js
FN:14,setsee
FN:46,unsee
FN:74,seeoff
FN:95,movecm
FN:112,nomul
FN:117,domove
FN:302,tele
FN:317,pow2
FN:324,setan
FN:330,doname
FN:438,parse
FN:451,abon
FN:463,k1
FN:478,amon
FN:514,attmon
FN:582,vowelStart
FN:585,weight
FN:607,prinv
FN:617,gobj
FN:655,_setHackDeps
FN:659,dodown
FN:660,doup
FN:661,docrt_fn
FN:662,poisoned_fn
FN:665,trapName
FNF:25
FNH:22
FNDA:540,setsee
FNDA:238,unsee
FNDA:129,seeoff
FNDA:8652,movecm
FNDA:395,nomul
FNDA:7198,domove
FNDA:7,tele
FNDA:0,pow2
FNDA:113,setan
FNDA:213,doname
FNDA:7949,parse
FNDA:103,abon
FNDA:63,k1
FNDA:103,amon
FNDA:53,attmon
FNDA:0,vowelStart
FNDA:582,weight
FNDA:168,prinv
FNDA:140,gobj
FNDA:1,_setHackDeps
FNDA:9,dodown
FNDA:0,doup
FNDA:2,docrt_fn
FNDA:1,poisoned_fn
FNDA:2,trapName
DA:1,1
DA:2,1
DA:3,1
DA:4,1
DA:5,1
DA:6,1
DA:7,1
DA:8,1
DA:9,1
DA:10,1
DA:11,1
DA:12,1
DA:13,1
DA:14,1
DA:15,540
DA:16,540
DA:17,540
DA:18,4
DA:19,4
DA:20,4
DA:21,536
DA:22,540
DA:23,53
DA:24,53
DA:25,53
DA:26,53
DA:27,159
DA:28,53
DA:29,53
DA:30,53
DA:31,483
DA:32,483
DA:33,540
DA:34,540
DA:35,540
DA:36,540
DA:37,483
DA:38,483
DA:39,483
DA:40,540
DA:41,3283
DA:42,29418
DA:43,540
DA:44,1
DA:45,1
DA:46,1
DA:47,238
DA:48,238
DA:49,238
DA:50,238
DA:51,233
DA:52,233
DA:53,14592
DA:54,14592
DA:55,14592
DA:56,14592
DA:57,14592
DA:58,14592
DA:59,233
DA:60,238
DA:61,1
DA:62,1
DA:63,9
DA:64,9
DA:65,9
DA:66,8
DA:67,8
DA:68,8
DA:69,9
DA:70,1
DA:71,238
DA:72,1
DA:73,1
DA:74,1
DA:75,129
DA:76,92
DA:77,92
DA:78,6111
DA:79,6111
DA:80,6111
DA:81,92
DA:82,129
DA:83,37
DA:84,37
DA:85,333
DA:86,333
DA:87,333
DA:88,296
DA:89,333
DA:90,333
DA:91,37
DA:92,129
DA:93,1
DA:94,1
DA:95,1
DA:96,8652
DA:97,8652
DA:98,8652
DA:99,8652
DA:100,8652
DA:101,8652
DA:102,8652
DA:103,8652
DA:104,8652
DA:105,8652
DA:106,8652
DA:107,8652
DA:108,7211
DA:109,8652
DA:110,1
DA:111,1
DA:112,1
DA:113,395
DA:114,395
DA:115,1
DA:116,1
DA:117,1
DA:118,7198
DA:119,7198
DA:120,7198
DA:121,7198
DA:122,49
DA:123,49
DA:124,49
DA:125,49
DA:126,49
DA:127,7198
DA:128,1
DA:129,1
DA:130,1
DA:131,7149
DA:132,7149
DA:133,7149
DA:134,7149
DA:135,7198
DA:136,0
DA:137,0
DA:138,0
DA:139,0
DA:140,7198
DA:141,4
DA:142,4
DA:143,4
DA:144,4
DA:145,7145
DA:146,7198
DA:147,99
DA:148,99
DA:149,91
DA:150,0
DA:151,0
DA:152,0
DA:153,0
DA:154,0
DA:155,0
DA:156,0
DA:157,0
DA:158,0
DA:159,0
DA:160,0
DA:161,0
DA:162,0
DA:163,0
DA:164,91
DA:165,91
DA:166,91
DA:167,99
DA:168,99
DA:169,7198
DA:170,7198
DA:171,1120
DA:172,1120
DA:173,1120
DA:174,1120
DA:175,1120
DA:176,7198
DA:177,10
DA:178,10
DA:179,10
DA:180,10
DA:181,5916
DA:182,5916
DA:183,5916
DA:184,5916
DA:185,7198
DA:186,11
DA:187,11
DA:188,11
DA:189,7
DA:190,7
DA:191,7
DA:192,7
DA:193,7
DA:194,11
DA:195,2
DA:196,1
DA:197,2
DA:198,11
DA:199,5916
DA:200,7198
DA:201,5916
DA:202,7198
DA:203,5717
DA:204,2384
DA:205,2153
DA:206,1955
DA:207,2384
DA:208,5717
DA:209,3333
DA:210,3120
DA:211,3120
DA:212,3120
DA:213,151
DA:214,125
DA:215,151
DA:216,3120
DA:217,3333
DA:218,3333
DA:219,7198
DA:220,1
DA:221,199
DA:222,5916
DA:223,7198
DA:224,5916
DA:225,5916
DA:226,5916
DA:227,7198
DA:228,40
DA:229,40
DA:230,40
DA:231,40
DA:232,26
DA:233,40
DA:234,40
DA:235,40
DA:236,5916
DA:237,5916
DA:238,5916
DA:239,7198
DA:240,140
DA:241,140
DA:242,140
DA:243,140
DA:244,140
DA:245,140
DA:246,140
DA:247,5916
DA:248,5916
DA:249,5916
DA:250,7198
DA:251,36
DA:252,36
DA:253,36
DA:254,2
DA:255,36
DA:256,34
DA:257,34
DA:258,34
DA:259,2
DA:260,34
DA:261,10
DA:262,10
DA:263,34
DA:264,7
DA:265,7
DA:266,34
DA:267,2
DA:268,0
DA:269,0
DA:270,2
DA:271,2
DA:272,2
DA:273,2
DA:274,2
DA:275,2
DA:276,2
DA:277,2
DA:278,2
DA:279,2
DA:280,2
DA:281,34
DA:282,7
DA:283,7
DA:284,7
DA:285,7
DA:286,34
DA:287,5
DA:288,34
DA:289,1
DA:290,1
DA:291,1
DA:292,1
DA:293,1
DA:294,34
DA:295,0
DA:296,0
DA:297,0
DA:298,36
DA:299,7198
DA:300,1
DA:301,1
DA:302,1
DA:303,7
DA:304,7
DA:305,7
DA:306,7
DA:307,55
DA:308,7
DA:309,7
DA:310,7
DA:311,7
DA:312,7
DA:313,7
DA:314,7
DA:315,1
DA:316,1
DA:317,1
DA:318,0
DA:319,0
DA:320,0
DA:321,0
DA:322,1
DA:323,1
DA:324,113
DA:325,113
DA:326,113
DA:327,1
DA:328,1
DA:329,1
DA:330,1
DA:331,213
DA:332,213
DA:333,213
DA:334,213
DA:335,213
DA:336,11
DA:337,213
DA:338,24
DA:339,24
DA:340,11
DA:341,11
DA:342,11
DA:343,24
DA:344,13
DA:345,2
DA:346,13
DA:347,24
DA:348,24
DA:349,213
DA:350,16
DA:351,16
DA:352,16
DA:353,4
DA:354,16
DA:355,16
DA:356,16
DA:357,213
DA:358,42
DA:359,42
DA:360,42
DA:361,42
DA:362,42
DA:363,1
DA:364,1
DA:365,1
DA:366,42
DA:367,41
DA:368,41
DA:369,33
DA:370,41
DA:371,42
DA:372,42
DA:373,213
DA:374,35
DA:375,35
DA:376,35
DA:377,35
DA:378,35
DA:379,35
DA:380,34
DA:381,34
DA:382,34
DA:383,34
DA:384,35
DA:385,35
DA:386,35
DA:387,213
DA:388,26
DA:389,26
DA:390,26
DA:391,1
DA:392,26
DA:393,1
DA:394,25
DA:395,24
DA:396,24
DA:397,24
DA:398,26
DA:399,1
DA:400,1
DA:401,1
DA:402,26
DA:403,26
DA:404,213
DA:405,57
DA:406,57
DA:407,2
DA:408,1
DA:409,57
DA:410,1
DA:411,55
DA:412,54
DA:413,54
DA:414,54
DA:415,57
DA:416,57
DA:417,57
DA:418,57
DA:419,213
DA:420,2
DA:421,2
DA:422,1
DA:423,1
DA:424,1
DA:425,1
DA:426,2
DA:427,2
DA:428,213
DA:429,213
DA:430,213
DA:431,213
DA:432,213
DA:433,213
DA:434,213
DA:435,1
DA:436,1
DA:437,1
DA:438,1
DA:439,7949
DA:440,7949
DA:441,7949
DA:442,7949
DA:443,663
DA:444,663
DA:445,663
DA:446,7906
DA:447,7906
DA:448,7949
DA:449,1
DA:450,1
DA:451,103
DA:452,103
DA:453,103
DA:454,103
DA:455,103
DA:456,103
DA:457,103
DA:458,0
DA:459,0
DA:460,103
DA:461,1
DA:462,1
DA:463,63
DA:464,63
DA:465,5
DA:466,5
DA:467,63
DA:468,58
DA:469,58
DA:470,58
DA:471,63
DA:472,1
DA:473,1
DA:474,1
DA:475,1
DA:476,1
DA:477,1
DA:478,1
DA:479,103
DA:480,103
DA:481,103
DA:482,103
DA:483,79
DA:484,78
DA:485,71
DA:486,71
DA:487,71
DA:488,71
DA:489,71
DA:490,79
DA:491,103
DA:492,103
DA:493,103
DA:494,103
DA:495,103
DA:496,103
DA:497,53
DA:498,103
DA:499,50
DA:500,50
DA:501,2
DA:502,2
DA:503,2
DA:504,2
DA:505,50
DA:506,48
DA:507,48
DA:508,50
DA:509,103
DA:510,103
DA:511,1
DA:512,1
DA:513,1
DA:514,1
DA:515,53
DA:516,53
DA:517,53
DA:518,53
DA:519,44
DA:520,0
DA:521,44
DA:522,40
DA:523,14
DA:524,14
DA:525,14
DA:526,40
DA:527,26
DA:528,26
DA:529,26
DA:530,40
DA:531,40
DA:532,44
DA:533,4
DA:534,4
DA:535,53
DA:536,9
DA:537,9
DA:538,53
DA:539,53
DA:540,53
DA:541,53
DA:542,53
DA:543,0
DA:544,0
DA:545,0
DA:546,53
DA:547,53
DA:548,53
DA:549,53
DA:550,53
DA:551,41
DA:552,41
DA:553,41
DA:554,12
DA:555,12
DA:556,53
DA:557,11
DA:558,53
DA:559,1
DA:560,1
DA:561,1
DA:562,1
DA:563,1
DA:564,12
DA:565,12
DA:566,53
DA:567,1
DA:568,1
DA:569,1
DA:570,12
DA:571,12
DA:572,53
DA:573,1
DA:574,1
DA:575,1
DA:576,1
DA:577,1
DA:578,12
DA:579,12
DA:580,53
DA:581,1
DA:582,0
DA:583,1
DA:584,1
DA:585,582
DA:586,582
DA:587,582
DA:588,582
DA:589,582
DA:590,582
DA:591,141
DA:592,582
DA:593,582
DA:594,582
DA:595,582
DA:596,154
DA:597,154
DA:598,141
DA:599,582
DA:600,582
DA:601,582
DA:602,582
DA:603,582
DA:604,582
DA:605,1
DA:606,1
DA:607,1
DA:608,168
DA:609,168
DA:610,497
DA:611,497
DA:612,168
DA:613,168
DA:614,1
DA:615,1
DA:616,1
DA:617,140
DA:618,140
DA:619,140
DA:620,92
DA:621,92
DA:622,92
DA:623,92
DA:624,92
DA:625,140
DA:626,140
DA:627,0
DA:628,0
DA:629,140
DA:630,140
DA:631,140
DA:632,140
DA:633,437
DA:634,14
DA:635,14
DA:636,2
DA:637,2
DA:638,2
DA:639,14
DA:640,11
DA:641,11
DA:642,11
DA:643,11
DA:644,14
DA:645,437
DA:646,437
DA:647,140
DA:648,140
DA:649,140
DA:650,140
DA:651,140
DA:652,1
DA:653,1
DA:654,1
DA:655,1
DA:656,1
DA:657,1
DA:658,1
DA:659,9
DA:660,0
DA:661,2
DA:662,1
DA:663,1
DA:664,1
DA:665,2
DA:666,2
DA:667,2
DA:668,2
DA:669,1
DA:670,1
LF:670
LH:633
BRDA:1,0,0,1
BRDA:14,1,0,540
BRDA:17,2,0,4
BRDA:21,3,0,536
BRDA:22,4,0,53
BRDA:26,5,0,159
BRDA:27,6,0,477
BRDA:31,7,0,483
BRDA:33,8,0,1351
BRDA:34,9,0,483
BRDA:34,10,0,2520
BRDA:35,11,0,483
BRDA:35,12,0,1206
BRDA:36,13,0,483
BRDA:36,14,0,1594
BRDA:37,15,0,483
BRDA:40,16,0,3283
BRDA:41,17,0,29901
BRDA:41,18,0,3283
BRDA:41,19,0,483
BRDA:42,20,0,29418
BRDA:43,21,0,483
BRDA:46,22,0,238
BRDA:49,23,0,4
BRDA:50,24,0,234
BRDA:50,25,0,233
BRDA:52,26,0,2077
BRDA:52,27,0,14592
BRDA:55,28,0,1
BRDA:57,29,0,54
BRDA:57,30,0,30
BRDA:57,31,0,25
BRDA:60,32,0,1
BRDA:62,33,0,3
BRDA:62,34,0,9
BRDA:65,35,0,1
BRDA:66,36,0,8
BRDA:66,37,0,0
BRDA:66,38,0,0
BRDA:67,39,0,0
BRDA:68,40,0,0
BRDA:74,41,0,129
BRDA:75,42,0,92
BRDA:77,43,0,921
BRDA:77,44,0,6111
BRDA:79,45,0,5810
BRDA:79,46,0,85
BRDA:82,47,0,37
BRDA:84,48,0,111
BRDA:84,49,0,333
BRDA:87,50,0,37
BRDA:88,51,0,296
BRDA:88,52,0,265
BRDA:89,53,0,0
BRDA:95,54,0,8652
BRDA:98,55,0,2680
BRDA:99,56,0,695
BRDA:100,57,0,751
BRDA:101,58,0,2039
BRDA:102,59,0,294
BRDA:103,60,0,207
BRDA:104,61,0,342
BRDA:105,62,0,203
BRDA:106,63,0,1441
BRDA:108,64,0,7211
BRDA:112,65,0,395
BRDA:117,66,0,7198
BRDA:121,67,0,49
BRDA:122,68,0,0
BRDA:127,69,0,7149
BRDA:127,70,0,1
BRDA:129,71,0,0
BRDA:131,72,0,7149
BRDA:135,73,0,0
BRDA:140,74,0,7149
BRDA:140,75,0,4
BRDA:140,76,0,0
BRDA:140,77,0,4
BRDA:142,78,0,0
BRDA:145,79,0,7145
BRDA:146,80,0,99
BRDA:148,81,0,8
BRDA:149,82,0,91
BRDA:149,83,0,0
BRDA:164,84,0,0
BRDA:169,85,0,7046
BRDA:169,86,0,5926
BRDA:169,87,0,36
BRDA:170,88,0,16
BRDA:170,89,0,1120
BRDA:172,90,0,3
BRDA:173,91,0,1119
BRDA:176,92,0,5926
BRDA:176,93,0,4655
BRDA:176,94,0,836
BRDA:176,95,0,827
BRDA:176,96,0,10
BRDA:178,97,0,0
BRDA:181,98,0,5916
BRDA:185,99,0,11
BRDA:186,100,0,4
BRDA:187,101,0,2
BRDA:187,102,0,0
BRDA:188,103,0,7
BRDA:190,104,0,0
BRDA:192,105,0,0
BRDA:194,106,0,2
BRDA:195,107,0,1
BRDA:195,108,0,0
BRDA:199,109,0,5916
BRDA:200,110,0,5910
BRDA:201,111,0,5916
BRDA:202,112,0,5717
BRDA:203,113,0,2384
BRDA:204,114,0,2153
BRDA:205,115,0,198
BRDA:206,116,0,1955
BRDA:206,117,0,179
BRDA:207,118,0,231
BRDA:208,119,0,3333
BRDA:209,120,0,213
BRDA:210,121,0,3120
BRDA:212,122,0,151
BRDA:213,123,0,26
BRDA:214,124,0,125
BRDA:219,125,0,199
BRDA:219,126,0,1
BRDA:221,127,0,198
BRDA:222,128,0,5916
BRDA:223,129,0,5907
BRDA:224,130,0,5916
BRDA:227,131,0,40
BRDA:228,132,0,0
BRDA:231,133,0,14
BRDA:232,134,0,26
BRDA:232,135,0,18
BRDA:233,136,0,0
BRDA:234,137,0,0
BRDA:236,138,0,5916
BRDA:239,139,0,140
BRDA:241,140,0,442
BRDA:243,141,0,0
BRDA:245,142,0,0
BRDA:247,143,0,5916
BRDA:250,144,0,36
BRDA:253,145,0,16
BRDA:253,146,0,2
BRDA:255,147,0,34
BRDA:258,148,0,2
BRDA:260,149,0,10
BRDA:263,150,0,7
BRDA:265,151,0,0
BRDA:266,152,0,2
BRDA:267,153,0,0
BRDA:272,154,0,0
BRDA:275,155,0,9
BRDA:275,156,0,7
BRDA:276,157,0,10
BRDA:281,158,0,7
BRDA:284,159,0,1
BRDA:285,160,0,0
BRDA:286,161,0,5
BRDA:288,162,0,1
BRDA:289,163,0,0
BRDA:294,164,0,0
BRDA:302,165,0,7
BRDA:306,166,0,55
BRDA:308,167,0,8
BRDA:309,168,0,8
BRDA:310,169,0,8
BRDA:311,170,0,8
BRDA:324,171,0,113
BRDA:325,172,0,13
BRDA:325,173,0,100
BRDA:330,174,0,213
BRDA:334,175,0,0
BRDA:335,176,0,11
BRDA:336,177,0,0
BRDA:337,178,0,24
BRDA:338,179,0,0
BRDA:339,180,0,11
BRDA:340,181,0,0
BRDA:341,182,0,0
BRDA:343,183,0,13
BRDA:344,184,0,11
BRDA:345,185,0,2
BRDA:349,186,0,16
BRDA:351,187,0,0
BRDA:352,188,0,12
BRDA:352,189,0,0
BRDA:353,190,0,4
BRDA:354,191,0,9
BRDA:357,192,0,42
BRDA:362,193,0,1
BRDA:363,194,0,0
BRDA:364,195,0,0
BRDA:366,196,0,41
BRDA:368,197,0,8
BRDA:369,198,0,33
BRDA:373,199,0,35
BRDA:375,200,0,1
BRDA:375,201,0,34
BRDA:376,202,0,0
BRDA:379,203,0,1
BRDA:380,204,0,34
BRDA:382,205,0,0
BRDA:387,206,0,26
BRDA:390,207,0,1
BRDA:392,208,0,25
BRDA:392,209,0,1
BRDA:394,210,0,24
BRDA:396,211,0,0
BRDA:396,212,0,0
BRDA:398,213,0,1
BRDA:404,214,0,57
BRDA:406,215,0,2
BRDA:407,216,0,1
BRDA:407,217,0,0
BRDA:409,218,0,55
BRDA:409,219,0,1
BRDA:411,220,0,54
BRDA:413,221,0,0
BRDA:415,222,0,1
BRDA:416,223,0,15
BRDA:419,224,0,2
BRDA:420,225,0,0
BRDA:421,226,0,1
BRDA:423,227,0,0
BRDA:428,228,0,0
BRDA:429,229,0,0
BRDA:432,230,0,13
BRDA:438,231,0,7949
BRDA:441,232,0,7906
BRDA:442,233,0,663
BRDA:446,234,0,7906
BRDA:451,235,0,103
BRDA:453,236,0,0
BRDA:454,237,0,0
BRDA:455,238,0,0
BRDA:456,239,0,99
BRDA:457,240,0,4
BRDA:457,241,0,0
BRDA:463,242,0,63
BRDA:464,243,0,5
BRDA:465,244,0,0
BRDA:467,245,0,58
BRDA:468,246,0,0
BRDA:478,247,0,103
BRDA:482,248,0,79
BRDA:483,249,0,1
BRDA:483,250,0,1
BRDA:483,251,0,78
BRDA:484,252,0,71
BRDA:485,253,0,0
BRDA:487,254,0,0
BRDA:488,255,0,0
BRDA:492,256,0,30
BRDA:493,257,0,0
BRDA:494,258,0,1
BRDA:496,259,0,53
BRDA:498,260,0,50
BRDA:500,261,0,35
BRDA:500,262,0,2
BRDA:500,263,0,2
BRDA:502,264,0,0
BRDA:503,265,0,0
BRDA:505,266,0,48
BRDA:514,267,0,53
BRDA:518,268,0,44
BRDA:519,269,0,0
BRDA:519,270,0,0
BRDA:521,271,0,40
BRDA:522,272,0,14
BRDA:523,273,0,0
BRDA:524,274,0,0
BRDA:525,275,0,0
BRDA:526,276,0,26
BRDA:527,277,0,0
BRDA:530,278,0,0
BRDA:532,279,0,4
BRDA:535,280,0,9
BRDA:542,281,0,0
BRDA:542,282,0,0
BRDA:542,283,0,0
BRDA:547,284,0,0
BRDA:550,285,0,41
BRDA:554,286,0,12
BRDA:556,287,0,7
BRDA:556,288,0,1
BRDA:556,289,0,11
BRDA:558,290,0,1
BRDA:560,291,0,0
BRDA:561,292,0,0
BRDA:564,293,0,12
BRDA:566,294,0,1
BRDA:566,295,0,1
BRDA:568,296,0,0
BRDA:570,297,0,12
BRDA:572,298,0,1
BRDA:578,299,0,12
BRDA:585,300,0,582
BRDA:586,301,0,0
BRDA:588,302,0,0
BRDA:589,303,0,145
BRDA:590,304,0,141
BRDA:591,305,0,0
BRDA:593,306,0,176
BRDA:594,307,0,54
BRDA:595,308,0,154
BRDA:596,309,0,0
BRDA:597,310,0,13
BRDA:597,311,0,141
BRDA:599,312,0,27
BRDA:600,313,0,2
BRDA:601,314,0,24
BRDA:602,315,0,0
BRDA:607,316,0,168
BRDA:609,317,0,665
BRDA:609,318,0,497
BRDA:610,319,0,0
BRDA:617,320,0,140
BRDA:619,321,0,48
BRDA:620,322,0,92
BRDA:622,323,0,248
BRDA:622,324,0,156
BRDA:626,325,0,0
BRDA:632,326,0,437
BRDA:633,327,0,41
BRDA:633,328,0,14
BRDA:634,329,0,4
BRDA:634,330,0,2
BRDA:635,331,0,2
BRDA:635,332,0,2
BRDA:635,333,0,2
BRDA:639,334,0,12
BRDA:639,335,0,11
BRDA:645,336,0,424
BRDA:645,337,0,127
BRDA:647,338,0,13
BRDA:650,339,0,0
BRDA:655,340,0,1
BRDA:659,341,0,9
BRDA:661,342,0,2
BRDA:662,343,0,1
BRDA:665,344,0,2
BRDA:667,345,0,0
BRF:346
BRH:264
end_of_record
TN:
SF:hack/js/lev.js
FN:11,savelev
FN:41,getlev
FN:153,mklev
FN:182,mkobj
FN:195,_mkobj_fill
FN:237,flattenList
FN:244,serializeList
FN:256,serializeStoles
FNF:8
FNH:8
FNDA:130,savelev
FNDA:324,getlev
FNDA:322,mklev
FNDA:8,mkobj
FNDA:8,_mkobj_fill
FNDA:1288,flattenList
FNDA:520,serializeList
FNDA:130,serializeStoles
DA:1,1
DA:2,1
DA:3,1
DA:4,1
DA:5,1
DA:6,1
DA:7,1
DA:8,1
DA:9,1
DA:10,1
DA:11,1
DA:12,130
DA:13,130
DA:14,130
DA:15,130
DA:16,130
DA:17,130
DA:18,130
DA:19,130
DA:20,130
DA:21,130
DA:22,130
DA:23,130
DA:24,130
DA:25,130
DA:26,130
DA:27,10400
DA:28,10400
DA:29,228800
DA:30,228800
DA:31,10400
DA:32,130
DA:33,130
DA:34,130
DA:35,130
DA:36,130
DA:37,1
DA:38,1
DA:39,1
DA:40,1
DA:41,1
DA:42,324
DA:43,324
DA:44,324
DA:45,324
DA:46,324
DA:47,324
DA:48,324
DA:49,25920
DA:50,324
DA:51,324
DA:52,324
DA:53,324
DA:54,324
DA:55,324
DA:56,324
DA:57,324
DA:58,324
DA:59,324
DA:60,324
DA:61,324
DA:62,324
DA:63,324
DA:64,324
DA:65,324
DA:66,0
DA:67,0
DA:68,0
DA:69,0
DA:70,0
DA:71,0
DA:72,0
DA:73,0
DA:74,0
DA:75,0
DA:76,0
DA:77,0
DA:78,0
DA:79,0
DA:80,324
DA:81,324
DA:82,324
DA:83,324
DA:84,324
DA:85,324
DA:86,324
DA:87,919
DA:88,6
DA:89,6
DA:90,6
DA:91,6
DA:92,6
DA:93,6
DA:94,6
DA:95,6
DA:96,6
DA:97,6
DA:98,6
DA:99,919
DA:100,913
DA:101,913
DA:102,913
DA:103,913
DA:104,913
DA:105,913
DA:106,913
DA:107,913
DA:108,913
DA:109,913
DA:110,231
DA:111,913
DA:112,913
DA:113,913
DA:114,913
DA:115,913
DA:116,913
DA:117,913
DA:118,919
DA:119,324
DA:120,324
DA:121,324
DA:122,324
DA:123,324
DA:124,1005
DA:125,1005
DA:126,1005
DA:127,1005
DA:128,324
DA:129,324
DA:130,324
DA:131,324
DA:132,324
DA:133,463
DA:134,463
DA:135,463
DA:136,463
DA:137,324
DA:138,324
DA:139,324
DA:140,324
DA:141,324
DA:142,1379
DA:143,1379
DA:144,1379
DA:145,1379
DA:146,324
DA:147,324
DA:148,324
DA:149,324
DA:150,1
DA:151,1
DA:152,1
DA:153,1
DA:154,322
DA:155,322
DA:156,322
DA:157,322
DA:158,322
DA:159,322
DA:160,322
DA:161,322
DA:162,322
DA:163,322
DA:164,322
DA:165,322
DA:166,322
DA:167,322
DA:168,322
DA:169,322
DA:170,322
DA:171,322
DA:172,322
DA:173,322
DA:174,322
DA:175,322
DA:176,322
DA:177,322
DA:178,322
DA:179,322
DA:180,1
DA:181,1
DA:182,1
DA:183,8
DA:184,8
DA:185,8
DA:186,8
DA:187,8
DA:188,8
DA:189,8
DA:190,8
DA:191,8
DA:192,8
DA:193,8
DA:194,1
DA:195,8
DA:196,8
DA:197,8
DA:198,8
DA:199,8
DA:200,8
DA:201,2
DA:202,2
DA:203,2
DA:204,2
DA:205,2
DA:206,8
DA:207,1
DA:208,6
DA:209,0
DA:210,0
DA:211,0
DA:212,0
DA:213,5
DA:214,1
DA:215,5
DA:216,0
DA:217,4
DA:218,0
DA:219,0
DA:220,0
DA:221,0
DA:222,0
DA:223,4
DA:224,2
DA:225,2
DA:226,2
DA:227,2
DA:228,0
DA:229,0
DA:230,2
DA:231,2
DA:232,2
DA:233,2
DA:234,8
DA:235,1
DA:236,1
DA:237,1288
DA:238,1288
DA:239,1288
DA:240,1288
DA:241,1288
DA:242,1288
DA:243,1
DA:244,520
DA:245,520
DA:246,520
DA:247,520
DA:248,1380
DA:249,1380
DA:250,1380
DA:251,1380
DA:252,1380
DA:253,520
DA:254,520
DA:255,1
DA:256,130
DA:257,130
DA:258,130
DA:259,130
DA:260,0
DA:261,0
DA:262,0
DA:263,0
DA:264,130
DA:265,130
LF:265
LH:235
BRDA:1,0,0,1
BRDA:11,1,0,130
BRDA:26,2,0,10400
BRDA:28,3,0,228800
BRDA:41,4,0,324
BRDA:43,5,0,0
BRDA:48,6,0,25920
BRDA:49,7,0,570240
BRDA:51,8,0,322
BRDA:65,9,0,0
BRDA:82,10,0,2
BRDA:82,11,0,322
BRDA:86,12,0,919
BRDA:87,13,0,6
BRDA:92,14,0,0
BRDA:94,15,0,0
BRDA:99,16,0,913
BRDA:102,17,0,0
BRDA:108,18,0,0
BRDA:109,19,0,682
BRDA:110,20,0,231
BRDA:111,21,0,0
BRDA:111,22,0,0
BRDA:112,23,0,0
BRDA:113,24,0,18
BRDA:123,25,0,1005
BRDA:132,26,0,463
BRDA:141,27,0,1379
BRDA:153,28,0,322
BRDA:161,29,0,0
BRDA:162,30,0,0
BRDA:182,31,0,8
BRDA:190,32,0,0
BRDA:195,33,0,8
BRDA:197,34,0,0
BRDA:198,35,0,0
BRDA:200,36,0,7
BRDA:200,37,0,2
BRDA:203,38,0,0
BRDA:204,39,0,0
BRDA:205,40,0,0
BRDA:206,41,0,6
BRDA:206,42,0,1
BRDA:207,43,0,0
BRDA:208,44,0,5
BRDA:208,45,0,0
BRDA:213,46,0,1
BRDA:215,47,0,4
BRDA:215,48,0,0
BRDA:217,49,0,0
BRDA:223,50,0,2
BRDA:225,51,0,0
BRDA:227,52,0,0
BRDA:230,53,0,0
BRDA:232,54,0,0
BRDA:232,55,0,0
BRDA:237,56,0,1288
BRDA:240,57,0,3742
BRDA:244,58,0,520
BRDA:247,59,0,1380
BRDA:256,60,0,130
BRDA:259,61,0,0
BRF:62
BRH:35
end_of_record
TN:
SF:hack/js/main.js
FN:16,ndaminc
FN:32,shufl
FN:42,alloc
FN:47,losestr
FN:60,getret
FN:67,glo
FN:74,lesshungry
FN:80,useup
FN:92,done
FN:101,dodown
FN:113,doup
FN:130,done1
FN:138,rhack
FN:174,setRhack
FN:178,gameLoop
FNF:15
FNH:11
FNDA:204,ndaminc
FNDA:792,shufl
FNDA:0,alloc
FNDA:3,losestr
FNDA:0,getret
FNDA:453,glo
FNDA:0,lesshungry
FNDA:0,useup
FNDA:118,done
FNDA:124,dodown
FNDA:5,doup
FNDA:140,done1
FNDA:7906,rhack
FNDA:1,setRhack
FNDA:198,gameLoop
DA:1,1
DA:2,1
DA:3,1
DA:4,1
DA:5,1
DA:6,1
DA:7,1
DA:8,1
DA:9,1
DA:10,1
DA:11,1
DA:12,1
DA:13,1
DA:14,1
DA:15,1
DA:16,1
DA:17,204
DA:18,204
DA:19,204
DA:20,204
DA:21,204
DA:22,203
DA:23,199
DA:24,7
DA:25,6
DA:26,5
DA:27,0
DA:28,204
DA:29,204
DA:30,1
DA:31,1
DA:32,1
DA:33,792
DA:34,11682
DA:35,11682
DA:36,11682
DA:37,11682
DA:38,11682
DA:39,792
DA:40,1
DA:41,1
DA:42,1
DA:43,0
DA:44,0
DA:45,1
DA:46,1
DA:47,1
DA:48,3
DA:49,0
DA:50,0
DA:51,3
DA:52,3
DA:53,3
DA:54,3
DA:55,3
DA:56,3
DA:57,3
DA:58,1
DA:59,1
DA:60,1
DA:61,0
DA:62,0
DA:63,0
DA:64,0
DA:65,1
DA:66,1
DA:67,1
DA:68,453
DA:69,453
DA:70,453
DA:71,453
DA:72,1
DA:73,1
DA:74,0
DA:75,0
DA:76,0
DA:77,0
DA:78,1
DA:79,1
DA:80,0
DA:81,0
DA:82,0
DA:83,0
DA:84,0
DA:85,0
DA:86,0
DA:87,0
DA:88,1
DA:89,1
DA:90,1
DA:91,1
DA:92,1
DA:93,118
DA:94,118
DA:95,118
DA:96,1
DA:97,1
DA:98,1
DA:99,1
DA:100,1
DA:101,1
DA:102,124
DA:103,124
DA:104,124
DA:105,124
DA:106,124
DA:107,124
DA:108,124
DA:109,124
DA:110,124
DA:111,1
DA:112,1
DA:113,1
DA:114,5
DA:115,5
DA:116,5
DA:117,5
DA:118,3
DA:119,0
DA:120,0
DA:121,2
DA:122,2
DA:123,5
DA:124,2
DA:125,2
DA:126,5
DA:127,1
DA:128,1
DA:129,1
DA:130,1
DA:131,140
DA:132,140
DA:133,140
DA:134,111
DA:135,140
DA:136,1
DA:137,1
DA:138,7906
DA:139,7906
DA:140,7906
DA:141,0
DA:142,0
DA:143,0
DA:144,0
DA:145,0
DA:146,0
DA:147,0
DA:148,0
DA:149,0
DA:150,0
DA:151,0
DA:152,0
DA:153,0
DA:154,0
DA:155,7906
DA:156,7906
DA:157,0
DA:158,0
DA:159,0
DA:160,0
DA:161,7906
DA:162,0
DA:163,0
DA:164,0
DA:165,0
DA:166,7906
DA:167,7906
DA:168,0
DA:169,0
DA:170,7906
DA:171,7906
DA:172,1
DA:173,1
DA:174,1
DA:175,1
DA:176,1
DA:177,1
DA:178,1
DA:179,198
DA:180,198
DA:181,198
DA:182,198
DA:183,198
DA:184,198
DA:185,198
DA:186,198
DA:187,198
DA:188,198
DA:189,198
DA:190,198
DA:191,198
DA:192,198
DA:193,198
DA:194,198
DA:195,198
DA:196,198
DA:197,198
DA:198,198
DA:199,198
DA:200,198
DA:201,198
DA:202,198
DA:203,198
DA:204,198
DA:205,198
DA:206,198
DA:207,198
DA:208,198
DA:209,198
DA:210,198
DA:211,198
DA:212,198
DA:213,191
DA:214,198
DA:215,198
DA:216,198
DA:217,198
DA:218,198
DA:219,198
DA:220,198
DA:221,198
DA:222,198
DA:223,198
DA:224,198
DA:225,198
DA:226,198
DA:227,198
DA:228,198
DA:229,198
DA:230,198
DA:231,8055
DA:232,6832
DA:233,6832
DA:234,6832
DA:235,6831
DA:236,6831
DA:237,6831
DA:238,6818
DA:239,6832
DA:240,6832
DA:241,6832
DA:242,6832
DA:243,6818
DA:244,6818
DA:245,6818
DA:246,6832
DA:247,6818
DA:248,6818
DA:249,6832
DA:250,6812
DA:251,6812
DA:252,6832
DA:253,1027
DA:254,0
DA:255,0
DA:256,0
DA:257,0
DA:258,0
DA:259,1027
DA:260,52
DA:261,52
DA:262,52
DA:263,1027
DA:264,6812
DA:265,6812
DA:266,6832
DA:267,6812
DA:268,6832
DA:269,6812
DA:270,6812
DA:271,6832
DA:272,0
DA:273,6832
DA:274,0
DA:275,6812
DA:276,0
DA:277,0
DA:278,0
DA:279,0
DA:280,6832
DA:281,8035
DA:282,8035
DA:283,8035
DA:284,8035
DA:285,8035
DA:286,8035
DA:287,8055
DA:288,7949
DA:289,7949
DA:290,7949
DA:291,7949
DA:292,8055
DA:293,77
DA:294,86
DA:295,9
DA:296,9
DA:297,9
DA:298,9
DA:299,0
DA:300,0
DA:301,0
DA:302,9
DA:303,8055
DA:304,198
LF:304
LH:243
BRDA:1,0,0,1
BRDA:16,1,0,204
BRDA:19,2,0,0
BRDA:20,3,0,0
BRDA:21,4,0,1
BRDA:22,5,0,203
BRDA:22,6,0,4
BRDA:23,7,0,199
BRDA:23,8,0,192
BRDA:24,9,0,7
BRDA:24,10,0,1
BRDA:25,11,0,6
BRDA:25,12,0,1
BRDA:25,13,0,5
BRDA:26,14,0,0
BRDA:32,15,0,792
BRDA:33,16,0,11682
BRDA:47,17,0,3
BRDA:48,18,0,0
BRDA:53,19,0,0
BRDA:54,20,0,0
BRDA:67,21,0,453
BRDA:69,22,0,255
BRDA:92,23,0,118
BRDA:101,24,0,124
BRDA:113,25,0,5
BRDA:117,26,0,3
BRDA:119,27,0,0
BRDA:121,28,0,2
BRDA:123,29,0,0
BRDA:124,30,0,2
BRDA:130,31,0,140
BRDA:132,32,0,139
BRDA:133,33,0,28
BRDA:134,34,0,111
BRDA:135,35,0,0
BRDA:138,36,0,7906
BRDA:141,37,0,0
BRDA:155,38,0,0
BRDA:156,39,0,0
BRDA:161,40,0,0
BRDA:166,41,0,0
BRDA:167,42,0,0
BRDA:174,43,0,1
BRDA:178,44,0,198
BRDA:181,45,0,0
BRDA:212,46,0,7
BRDA:213,47,0,191
BRDA:230,48,0,8055
BRDA:231,49,0,6832
BRDA:234,50,0,1
BRDA:234,51,0,6831
BRDA:235,52,0,6486
BRDA:236,53,0,6817
BRDA:236,54,0,84
BRDA:238,55,0,6818
BRDA:239,56,0,1
BRDA:239,57,0,0
BRDA:240,58,0,6818
BRDA:240,59,0,3
BRDA:240,60,0,0
BRDA:241,61,0,6818
BRDA:241,62,0,241
BRDA:241,63,0,3
BRDA:242,64,0,6818
BRDA:242,65,0,1
BRDA:242,66,0,0
BRDA:243,67,0,6818
BRDA:246,68,0,6817
BRDA:246,69,0,1
BRDA:246,70,0,1
BRDA:247,71,0,6818
BRDA:249,72,0,6
BRDA:249,73,0,4
BRDA:249,74,0,0
BRDA:250,75,0,6812
BRDA:252,76,0,1027
BRDA:253,77,0,0
BRDA:259,78,0,52
BRDA:264,79,0,6812
BRDA:266,80,0,0
BRDA:266,81,0,0
BRDA:267,82,0,6812
BRDA:268,83,0,1
BRDA:269,84,0,6812
BRDA:271,85,0,0
BRDA:271,86,0,0
BRDA:273,87,0,6812
BRDA:273,88,0,0
BRDA:273,89,0,0
BRDA:275,90,0,0
BRDA:281,91,0,8035
BRDA:287,92,0,7949
BRDA:288,93,0,5905
BRDA:289,94,0,346
BRDA:290,95,0,2
BRDA:291,96,0,7906
BRDA:292,97,0,7772
BRDA:292,98,0,86
BRDA:292,99,0,77
BRDA:293,100,0,9
BRDA:294,101,0,9
BRDA:296,102,0,1
BRDA:298,103,0,0
BRF:104
BRH:75
end_of_record
TN:
SF:hack/js/mklev.js
FN:20,initLevl
FN:31,somex
FN:34,somey
FN:39,g_at_lev
FN:50,MklevRetry
FN:56,lev_panic
FN:63,makemon_lev
FN:75,mktrap
FN:85,mkmim
FN:130,mkgold
FN:142,mkobj_lev
FN:213,comp
FN:221,dodoor
FN:237,newloc
FN:265,mkpos
FN:298,makecor
FN:333,maker
FN:384,MAZX_fn
FN:385,MAZY_fn
FN:388,mazMove
FN:398,okay
FN:408,makemaz
FN:463,generatelevel
FN:479,_generatelevel_attempt
FN:504,tryMaker
FN:635,packageLevel
FNF:26
FNH:19
FNDA:322,initLevl
FNDA:4436,somex
FNDA:4438,somey
FNDA:804,g_at_lev
FNDA:0,MklevRetry
FNDA:0,lev_panic
FNDA:900,makemon_lev
FNDA:472,mktrap
FNDA:13,mkmim
FNDA:998,mkgold
FNDA:1372,mkobj_lev
FNDA:6540,comp
FNDA:7104,dodoor
FNDA:5011,newloc
FNDA:5011,mkpos
FNDA:52239,makecor
FNDA:6065,maker
FNDA:0,MAZX_fn
FNDA:0,MAZY_fn
FNDA:0,mazMove
FNDA:0,okay
FNDA:0,makemaz
FNDA:322,generatelevel
FNDA:322,_generatelevel_attempt
FNDA:1288,tryMaker
FNDA:322,packageLevel
DA:1,1
DA:2,1
DA:3,1
DA:4,1
DA:5,1
DA:6,1
DA:7,1
DA:8,1
DA:9,1
DA:10,1
DA:11,1
DA:12,1
DA:13,1
DA:14,1
DA:15,1
DA:16,1
DA:17,1
DA:18,1
DA:19,1
DA:20,322
DA:21,322
DA:22,322
DA:23,25760
DA:24,25760
DA:25,566720
DA:26,566720
DA:27,25760
DA:28,322
DA:29,1
DA:30,1
DA:31,4436
DA:32,4436
DA:33,4436
DA:34,4438
DA:35,4438
DA:36,4438
DA:37,1
DA:38,1
DA:39,1
DA:40,804
DA:41,343
DA:42,333
DA:43,333
DA:44,794
DA:45,804
DA:46,1
DA:47,1
DA:48,1
DA:49,1
DA:50,1
DA:51,0
DA:52,0
DA:53,0
DA:54,1
DA:55,1
DA:56,0
DA:57,0
DA:58,0
DA:59,0
DA:60,0
DA:61,1
DA:62,1
DA:63,900
DA:64,900
DA:65,900
DA:66,900
DA:67,900
DA:68,900
DA:69,900
DA:70,900
DA:71,900
DA:72,900
DA:73,1
DA:74,1
DA:75,472
DA:76,472
DA:77,459
DA:78,459
DA:79,459
DA:80,459
DA:81,459
DA:82,472
DA:83,1
DA:84,1
DA:85,13
DA:86,13
DA:87,13
DA:88,13
DA:89,13
DA:90,5
DA:91,5
DA:92,5
DA:93,5
DA:94,5
DA:95,5
DA:96,0
DA:97,0
DA:98,0
DA:99,5
DA:100,13
DA:101,2
DA:102,2
DA:103,2
DA:104,2
DA:105,2
DA:106,2
DA:107,0
DA:108,0
DA:109,0
DA:110,2
DA:111,2
DA:112,8
DA:113,6
DA:114,4
DA:115,4
DA:116,4
DA:117,6
DA:118,2
DA:119,1
DA:120,2
DA:121,2
DA:122,6
DA:123,6
DA:124,6
DA:125,6
DA:126,11
DA:127,13
DA:128,1
DA:129,1
DA:130,998
DA:131,998
DA:132,998
DA:133,998
DA:134,998
DA:135,998
DA:136,998
DA:137,998
DA:138,998
DA:139,998
DA:140,1
DA:141,1
DA:142,1372
DA:143,1372
DA:144,1372
DA:145,1372
DA:146,1372
DA:147,1372
DA:148,165
DA:149,165
DA:150,165
DA:151,81
DA:152,165
DA:153,159
DA:154,165
DA:155,1372
DA:156,147
DA:157,147
DA:158,147
DA:159,147
DA:160,1372
DA:161,129
DA:162,129
DA:163,129
DA:164,129
DA:165,11
DA:166,11
DA:167,11
DA:168,129
DA:169,129
DA:170,1372
DA:171,313
DA:172,313
DA:173,313
DA:174,313
DA:175,313
DA:176,1372
DA:177,271
DA:178,271
DA:179,271
DA:180,38
DA:181,26
DA:182,38
DA:183,271
DA:184,271
DA:185,1372
DA:186,223
DA:187,223
DA:188,223
DA:189,223
DA:190,1372
DA:191,56
DA:192,56
DA:193,56
DA:194,54
DA:195,45
DA:196,56
DA:197,56
DA:198,1372
DA:199,68
DA:200,68
DA:201,68
DA:202,68
DA:203,68
DA:204,21
DA:205,21
DA:206,68
DA:207,47
DA:208,1372
DA:209,1372
DA:210,1372
DA:211,1
DA:212,1
DA:213,6540
DA:214,6540
DA:215,6540
DA:216,6540
DA:217,6540
DA:218,6540
DA:219,1
DA:220,1
DA:221,7104
DA:222,7104
DA:223,7104
DA:224,7104
DA:225,7104
DA:226,7104
DA:227,7104
DA:228,7104
DA:229,820
DA:230,7104
DA:231,5640
DA:232,5640
DA:233,5640
DA:234,7104
DA:235,1
DA:236,1
DA:237,5011
DA:238,5011
DA:239,5011
DA:240,5011
DA:241,5011
DA:242,5011
DA:243,2692
DA:244,2692
DA:245,2692
DA:246,322
DA:247,322
DA:248,322
DA:249,322
DA:250,2370
DA:251,2692
DA:252,2754
DA:253,2754
DA:254,2754
DA:255,2754
DA:256,2692
DA:257,2692
DA:258,5011
DA:259,2319
DA:260,2319
DA:261,4689
DA:262,5011
DA:263,1
DA:264,1
DA:265,5011
DA:266,5011
DA:267,5011
DA:268,2600
DA:269,2600
DA:270,2600
DA:271,2600
DA:272,5011
DA:273,726
DA:274,726
DA:275,726
DA:276,726
DA:277,2411
DA:278,811
DA:279,811
DA:280,811
DA:281,811
DA:282,1685
DA:283,874
DA:284,874
DA:285,874
DA:286,874
DA:287,874
DA:288,5011
DA:289,5011
DA:290,1124
DA:291,37
DA:292,1124
DA:293,1124
DA:294,3887
DA:295,5011
DA:296,1
DA:297,1
DA:298,52239
DA:299,52239
DA:300,51498
DA:301,51498
DA:302,52239
DA:303,3
DA:304,0
DA:305,3
DA:306,52239
DA:307,8828
DA:308,52239
DA:309,5170
DA:310,5170
DA:311,51495
DA:312,52239
DA:313,35245
DA:314,35245
DA:315,35245
DA:316,35245
DA:317,52239
DA:318,52239
DA:319,52239
DA:320,52239
DA:321,4367
DA:322,2576
DA:323,4367
DA:324,52239
DA:325,621
DA:326,380
DA:327,621
DA:328,621
DA:329,4988
DA:330,52239
DA:331,1
DA:332,1
DA:333,6065
DA:334,6065
DA:335,6065
DA:336,6065
DA:337,6065
DA:338,40560
DA:339,328453
DA:340,328453
DA:341,328453
DA:342,37458
DA:343,2963
DA:344,6065
DA:345,2222
DA:346,19294
DA:347,128807
DA:348,128807
DA:349,128807
DA:350,19294
DA:351,2222
DA:352,2963
DA:353,2963
DA:354,2963
DA:355,2963
DA:356,2963
DA:357,2963
DA:358,2963
DA:359,6065
DA:360,19663
DA:361,19663
DA:362,19663
DA:363,2963
DA:364,6065
DA:365,19819
DA:366,19819
DA:367,92331
DA:368,92331
DA:369,19819
DA:370,19819
DA:371,2963
DA:372,2963
DA:373,6065
DA:374,19663
DA:375,19663
DA:376,19663
DA:377,2963
DA:378,2963
DA:379,2963
DA:380,2963
DA:381,6065
DA:382,1
DA:383,1
DA:384,0
DA:385,0
DA:386,1
DA:387,1
DA:388,0
DA:389,0
DA:390,0
DA:391,0
DA:392,0
DA:393,0
DA:394,0
DA:395,0
DA:396,1
DA:397,1
DA:398,0
DA:399,0
DA:400,0
DA:401,0
DA:402,0
DA:403,0
DA:404,1
DA:405,1
DA:406,1
DA:407,1
DA:408,0
DA:409,0
DA:410,0
DA:411,0
DA:412,0
DA:413,0
DA:414,0
DA:415,0
DA:416,0
DA:417,0
DA:418,0
DA:419,0
DA:420,0
DA:421,0
DA:422,0
DA:423,0
DA:424,0
DA:425,0
DA:426,0
DA:427,0
DA:428,0
DA:429,0
DA:430,0
DA:431,0
DA:432,0
DA:433,0
DA:434,0
DA:435,0
DA:436,0
DA:437,0
DA:438,0
DA:439,0
DA:440,0
DA:441,0
DA:442,0
DA:443,0
DA:444,0
DA:445,0
DA:446,0
DA:447,0
DA:448,0
DA:449,0
DA:450,0
DA:451,0
DA:452,0
DA:453,0
DA:454,0
DA:455,0
DA:456,0
DA:457,0
DA:458,0
DA:459,0
DA:460,1
DA:461,1
DA:462,1
DA:463,1
DA:464,322
DA:465,322
DA:466,322
DA:467,322
DA:468,322
DA:469,0
DA:470,0
DA:471,0
DA:472,0
DA:473,0
DA:474,0
DA:475,322
DA:476,0
DA:477,322
DA:478,1
DA:479,322
DA:480,322
DA:481,322
DA:482,322
DA:483,322
DA:484,322
DA:485,322
DA:486,322
DA:487,322
DA:488,322
DA:489,322
DA:490,322
DA:491,322
DA:492,322
DA:493,322
DA:494,322
DA:495,322
DA:496,322
DA:497,322
DA:498,0
DA:499,0
DA:500,0
DA:501,322
DA:502,322
DA:503,322
DA:504,322
DA:505,1288
DA:506,322
DA:507,322
DA:508,322
DA:509,322
DA:510,322
DA:511,322
DA:512,322
DA:513,322
DA:514,322
DA:515,322
DA:516,323
DA:517,834
DA:518,7515
DA:519,7515
DA:520,7072
DA:521,7515
DA:522,7515
DA:523,7515
DA:524,834
DA:525,323
DA:526,322
DA:527,322
DA:528,322
DA:529,322
DA:530,322
DA:531,322
DA:532,322
DA:533,322
DA:534,322
DA:535,322
DA:536,0
DA:537,0
DA:538,322
DA:539,322
DA:540,322
DA:541,322
DA:542,322
DA:543,322
DA:544,322
DA:545,322
DA:546,322
DA:547,322
DA:548,322
DA:549,322
DA:550,0
DA:551,0
DA:552,0
DA:553,0
DA:554,322
DA:555,322
DA:556,322
DA:557,322
DA:558,322
DA:559,322
DA:560,322
DA:561,322
DA:562,322
DA:563,322
DA:564,322
DA:565,322
DA:566,322
DA:567,322
DA:568,322
DA:569,342
DA:570,342
DA:571,322
DA:572,322
DA:573,322
DA:574,322
DA:575,322
DA:576,322
DA:577,322
DA:578,322
DA:579,322
DA:580,322
DA:581,2963
DA:582,2963
DA:583,900
DA:584,900
DA:585,900
DA:586,900
DA:587,900
DA:588,2963
DA:589,2963
DA:590,472
DA:591,472
DA:592,472
DA:593,472
DA:594,472
DA:595,2963
DA:596,2963
DA:597,1155
DA:598,1155
DA:599,1155
DA:600,217
DA:601,217
DA:602,217
DA:603,1155
DA:604,2963
DA:605,322
DA:606,322
DA:607,322
DA:608,322
DA:609,322
DA:610,322
DA:611,322
DA:612,322
DA:613,322
DA:614,322
DA:615,322
DA:616,322
DA:617,322
DA:618,322
DA:619,0
DA:620,0
DA:621,0
DA:622,322
DA:623,322
DA:624,322
DA:625,322
DA:626,52239
DA:627,52239
DA:628,52239
DA:629,322
DA:630,322
DA:631,322
DA:632,322
DA:633,322
DA:634,1
DA:635,322
DA:636,322
DA:637,322
DA:638,322
DA:639,322
DA:640,322
DA:641,322
DA:642,322
DA:643,322
DA:644,322
DA:645,322
DA:646,322
DA:647,322
LF:647
LH:545
BRDA:1,0,0,1
BRDA:20,1,0,322
BRDA:22,2,0,25760
BRDA:24,3,0,566720
BRDA:31,4,0,4436
BRDA:34,5,0,4438
BRDA:39,6,0,804
BRDA:40,7,0,343
BRDA:41,8,0,26
BRDA:41,9,0,10
BRDA:42,10,0,333
BRDA:44,11,0,794
BRDA:63,12,0,900
BRDA:69,13,0,0
BRDA:75,14,0,472
BRDA:76,15,0,46
BRDA:76,16,0,13
BRDA:77,17,0,459
BRDA:85,18,0,13
BRDA:89,19,0,5
BRDA:95,20,0,0
BRDA:100,21,0,8
BRDA:100,22,0,2
BRDA:106,23,0,0
BRDA:112,24,0,6
BRDA:113,25,0,4
BRDA:114,26,0,0
BRDA:117,27,0,2
BRDA:118,28,0,1
BRDA:126,29,0,11
BRDA:130,30,0,998
BRDA:134,31,0,0
BRDA:137,32,0,0
BRDA:142,33,0,1372
BRDA:147,34,0,54
BRDA:147,35,0,165
BRDA:150,36,0,84
BRDA:151,37,0,81
BRDA:152,38,0,6
BRDA:153,39,0,159
BRDA:153,40,0,6
BRDA:155,41,0,100
BRDA:155,42,0,147
BRDA:157,43,0,105
BRDA:157,44,0,42
BRDA:160,45,0,60
BRDA:160,46,0,129
BRDA:163,47,0,91
BRDA:163,48,0,58
BRDA:164,49,0,11
BRDA:166,50,0,3
BRDA:170,51,0,74
BRDA:170,52,0,209
BRDA:170,53,0,259
BRDA:170,54,0,313
BRDA:173,55,0,101
BRDA:173,56,0,46
BRDA:176,57,0,38
BRDA:176,58,0,116
BRDA:176,59,0,203
BRDA:176,60,0,271
BRDA:179,61,0,151
BRDA:179,62,0,38
BRDA:180,63,0,12
BRDA:181,64,0,26
BRDA:181,65,0,15
BRDA:185,66,0,31
BRDA:185,67,0,120
BRDA:185,68,0,178
BRDA:185,69,0,223
BRDA:185,70,0,223
BRDA:187,71,0,188
BRDA:187,72,0,35
BRDA:188,73,0,182
BRDA:188,74,0,41
BRDA:190,75,0,56
BRDA:193,76,0,2
BRDA:194,77,0,54
BRDA:194,78,0,9
BRDA:195,79,0,45
BRDA:198,80,0,68
BRDA:200,81,0,3
BRDA:201,82,0,65
BRDA:203,83,0,21
BRDA:204,84,0,10
BRDA:205,85,0,7
BRDA:205,86,0,14
BRDA:206,87,0,47
BRDA:206,88,0,46
BRDA:206,89,0,41
BRDA:207,90,0,13
BRDA:213,91,0,6540
BRDA:214,92,0,3174
BRDA:215,93,0,3366
BRDA:215,94,0,3051
BRDA:216,95,0,315
BRDA:216,96,0,0
BRDA:217,97,0,315
BRDA:217,98,0,0
BRDA:221,99,0,7104
BRDA:223,100,0,7023
BRDA:223,101,0,88
BRDA:224,102,0,7016
BRDA:224,103,0,7016
BRDA:224,104,0,6973
BRDA:224,105,0,48
BRDA:225,106,0,6968
BRDA:225,107,0,6804
BRDA:225,108,0,182
BRDA:226,109,0,6786
BRDA:226,110,0,6618
BRDA:226,111,0,213
BRDA:227,112,0,6573
BRDA:227,113,0,6573
BRDA:227,114,0,113
BRDA:228,115,0,6460
BRDA:228,116,0,820
BRDA:230,117,0,5640
BRDA:237,118,0,5011
BRDA:242,119,0,2641
BRDA:242,120,0,2641
BRDA:242,121,0,2641
BRDA:242,122,0,2641
BRDA:242,123,0,2692
BRDA:245,124,0,322
BRDA:250,125,0,2370
BRDA:251,126,0,2754
BRDA:256,127,0,2370
BRDA:256,128,0,2440
BRDA:256,129,0,314
BRDA:258,130,0,2319
BRDA:261,131,0,4689
BRDA:265,132,0,5011
BRDA:266,133,0,0
BRDA:267,134,0,2600
BRDA:272,135,0,2411
BRDA:272,136,0,726
BRDA:277,137,0,1685
BRDA:277,138,0,811
BRDA:282,139,0,874
BRDA:289,140,0,1124
BRDA:290,141,0,1087
BRDA:291,142,0,37
BRDA:294,143,0,3887
BRDA:298,144,0,52239
BRDA:299,145,0,28998
BRDA:299,146,0,741
BRDA:300,147,0,51498
BRDA:302,148,0,51498
BRDA:302,149,0,51495
BRDA:302,150,0,3
BRDA:304,151,0,0
BRDA:306,152,0,51495
BRDA:306,153,0,18413
BRDA:306,154,0,8828
BRDA:307,155,0,3038
BRDA:307,156,0,5790
BRDA:308,157,0,42667
BRDA:308,158,0,33082
BRDA:308,159,0,5170
BRDA:309,160,0,2598
BRDA:309,161,0,2572
BRDA:311,162,0,51495
BRDA:312,163,0,35245
BRDA:317,164,0,16250
BRDA:317,165,0,6649
BRDA:318,166,0,9601
BRDA:318,167,0,4190
BRDA:318,168,0,3180
BRDA:319,169,0,6421
BRDA:319,170,0,4988
BRDA:319,171,0,1433
BRDA:320,172,0,4988
BRDA:320,173,0,4367
BRDA:321,174,0,1791
BRDA:322,175,0,2576
BRDA:322,176,0,2124
BRDA:322,177,0,452
BRDA:324,178,0,621
BRDA:325,179,0,241
BRDA:326,180,0,380
BRDA:326,181,0,201
BRDA:326,182,0,179
BRDA:329,183,0,4988
BRDA:333,184,0,6065
BRDA:334,185,0,5
BRDA:335,186,0,306
BRDA:337,187,0,40560
BRDA:338,188,0,328453
BRDA:340,189,0,3102
BRDA:342,190,0,37458
BRDA:343,191,0,2963
BRDA:344,192,0,2222
BRDA:345,193,0,19294
BRDA:346,194,0,128807
BRDA:352,195,0,2963
BRDA:359,196,0,19663
BRDA:360,197,0,16700
BRDA:360,198,0,5926
BRDA:360,199,0,13737
BRDA:363,200,0,2963
BRDA:364,201,0,19819
BRDA:366,202,0,92331
BRDA:371,203,0,2963
BRDA:373,204,0,19663
BRDA:374,205,0,16700
BRDA:374,206,0,5926
BRDA:374,207,0,13737
BRDA:377,208,0,2963
BRDA:463,209,0,322
BRDA:468,210,0,0
BRDA:476,211,0,0
BRDA:479,212,0,322
BRDA:495,213,0,0
BRDA:495,214,0,0
BRDA:497,215,0,0
BRDA:515,216,0,323
BRDA:516,217,0,834
BRDA:517,218,0,7515
BRDA:519,219,0,443
BRDA:520,220,0,7072
BRDA:520,221,0,118
BRDA:521,222,0,3265
BRDA:522,223,0,4250
BRDA:522,224,0,1914
BRDA:522,225,0,0
BRDA:535,226,0,0
BRDA:549,227,0,0
BRDA:568,228,0,342
BRDA:580,229,0,3285
BRDA:580,230,0,2963
BRDA:582,231,0,900
BRDA:584,232,0,908
BRDA:585,233,0,38
BRDA:589,234,0,472
BRDA:591,235,0,485
BRDA:592,236,0,12
BRDA:592,237,0,482
BRDA:595,238,0,2961
BRDA:595,239,0,998
BRDA:596,240,0,1155
BRDA:599,241,0,217
BRDA:612,242,0,2963
BRDA:618,243,0,0
BRDA:623,244,0,0
BRDA:625,245,0,52561
BRDA:625,246,0,52239
BRDA:625,247,0,52239
BRDA:625,248,0,52239
BRDA:627,249,0,0
BRDA:630,250,0,0
BRDA:504,251,0,1288
BRDA:505,252,0,527
BRDA:614,253,0,2963
BRDA:635,254,0,322
BRF:255
BRH:233
end_of_record
TN:
SF:hack/js/mon.js
FN:13,_setMonDeps
FN:22,g_at
FN:34,g_at_gen
FN:38,g_at_obj
FN:42,g_at_mon
FN:48,movemon
FN:58,justswld
FN:71,youswld
FN:86,k1
FN:97,dochug
FN:320,mhit
FN:333,hitu
FN:346,r_free
FN:356,m_move
FN:431,makemon
FN:466,rloc
FN:481,mnexto
FN:521,newcham
FN:535,killed
FN:627,delmon
FN:639,steal
FN:698,poisoned
FN:724,losexp
FN:745,minusone
FN:749,doname
FN:787,pmon
FN:794,attmon
FN:800,amon
FNF:28
FNH:22
FNDA:1,_setMonDeps
FNDA:0,g_at
FNDA:28699,g_at_gen
FNDA:12269,g_at_obj
FNDA:71317,g_at_mon
FNDA:6614,movemon
FNDA:0,justswld
FNDA:0,youswld
FNDA:287,k1
FNDA:19383,dochug
FNDA:87,mhit
FNDA:271,hitu
FNDA:5600,r_free
FNDA:1790,m_move
FNDA:89,makemon
FNDA:94,rloc
FNDA:5,mnexto
FNDA:0,newcham
FNDA:44,killed
FNDA:50,delmon
FNDA:2,steal
FNDA:3,poisoned
FNDA:1,losexp
FNDA:3,minusone
FNDA:2,doname
FNDA:5,pmon
FNDA:0,attmon
FNDA:0,amon
DA:1,1
DA:2,1
DA:3,1
DA:4,1
DA:5,1
DA:6,1
DA:7,1
DA:8,1
DA:9,1
DA:10,1
DA:11,1
DA:12,1
DA:13,1
DA:14,1
DA:15,1
DA:16,1
DA:17,1
DA:18,1
DA:19,1
DA:20,1
DA:21,1
DA:22,1
DA:23,0
DA:24,0
DA:25,0
DA:26,0
DA:27,0
DA:28,0
DA:29,0
DA:30,0
DA:31,0
DA:32,1
DA:33,1
DA:34,1
DA:35,28699
DA:36,28508
DA:37,28699
DA:38,1
DA:39,12269
DA:40,12107
DA:41,12269
DA:42,1
DA:43,71317
DA:44,70730
DA:45,71317
DA:46,1
DA:47,1
DA:48,1
DA:49,6614
DA:50,6614
DA:51,6614
DA:52,19384
DA:53,19384
DA:54,19384
DA:55,6614
DA:56,1
DA:57,1
DA:58,1
DA:59,0
DA:60,0
DA:61,0
DA:62,0
DA:63,0
DA:64,0
DA:65,0
DA:66,0
DA:67,0
DA:68,0
DA:69,1
DA:70,1
DA:71,1
DA:72,0
DA:73,0
DA:74,0
DA:75,0
DA:76,0
DA:77,0
DA:78,1
DA:79,1
DA:80,1
DA:81,1
DA:82,1
DA:83,1
DA:84,1
DA:85,1
DA:86,287
DA:87,287
DA:88,11
DA:89,11
DA:90,287
DA:91,276
DA:92,276
DA:93,266
DA:94,287
DA:95,1
DA:96,1
DA:97,1
DA:98,19383
DA:99,19383
DA:100,19383
DA:101,19383
DA:102,19383
DA:103,19383
DA:104,19383
DA:105,19383
DA:106,15945
DA:107,15945
DA:108,15884
DA:109,15945
DA:110,19383
DA:111,19383
DA:112,19383
DA:113,2017
DA:114,19383
DA:115,0
DA:116,0
DA:117,0
DA:118,0
DA:119,0
DA:120,0
DA:121,0
DA:122,0
DA:123,0
DA:124,2017
DA:125,2017
DA:126,2017
DA:127,2017
DA:128,19383
DA:129,243
DA:130,243
DA:131,243
DA:132,243
DA:133,243
DA:134,243
DA:135,243
DA:136,0
DA:137,0
DA:138,0
DA:139,0
DA:140,0
DA:141,0
DA:142,0
DA:143,0
DA:144,0
DA:145,243
DA:146,0
DA:147,0
DA:148,243
DA:149,7
DA:150,2
DA:151,2
DA:152,7
DA:153,243
DA:154,243
DA:155,1
DA:156,1
DA:157,1
DA:158,0
DA:159,0
DA:160,0
DA:161,0
DA:162,0
DA:163,0
DA:164,1
DA:165,1
DA:166,0
DA:167,0
DA:168,1
DA:169,0
DA:170,243
DA:171,0
DA:172,0
DA:173,0
DA:174,0
DA:175,0
DA:176,0
DA:177,243
DA:178,243
DA:179,0
DA:180,0
DA:181,0
DA:182,0
DA:183,0
DA:184,243
DA:185,243
DA:186,1
DA:187,1
DA:188,1
DA:189,1
DA:190,1
DA:191,1
DA:192,0
DA:193,0
DA:194,0
DA:195,0
DA:196,0
DA:197,0
DA:198,243
DA:199,3
DA:200,1
DA:201,1
DA:202,1
DA:203,1
DA:204,2
DA:205,243
DA:206,2
DA:207,1
DA:208,1
DA:209,1
DA:210,2
DA:211,243
DA:212,3
DA:213,3
DA:214,3
DA:215,3
DA:216,3
DA:217,243
DA:218,3
DA:219,1
DA:220,0
DA:221,0
DA:222,2
DA:223,243
DA:224,28
DA:225,2
DA:226,2
DA:227,2
DA:228,2
DA:229,2
DA:230,2
DA:231,2
DA:232,2
DA:233,2
DA:234,2
DA:235,2
DA:236,2
DA:237,2
DA:238,2
DA:239,2
DA:240,28
DA:241,243
DA:242,8
DA:243,2
DA:244,2
DA:245,2
DA:246,8
DA:247,243
DA:248,0
DA:249,243
DA:250,2
DA:251,2
DA:252,1
DA:253,1
DA:254,1
DA:255,0
DA:256,0
DA:257,0
DA:258,1
DA:259,1
DA:260,243
DA:261,0
DA:262,0
DA:263,0
DA:264,243
DA:265,243
DA:266,5
DA:267,5
DA:268,5
DA:269,4
DA:270,3
DA:271,3
DA:272,4
DA:273,243
DA:274,4
DA:275,1
DA:276,1
DA:277,4
DA:278,243
DA:279,0
DA:280,0
DA:281,243
DA:282,243
DA:283,243
DA:284,243
DA:285,0
DA:286,0
DA:287,0
DA:288,0
DA:289,0
DA:290,243
DA:291,2
DA:292,2
DA:293,243
DA:294,0
DA:295,243
DA:296,3
DA:297,3
DA:298,3
DA:299,3
DA:300,3
DA:301,3
DA:302,3
DA:303,3
DA:304,3
DA:305,243
DA:306,243
DA:307,237
DA:308,237
DA:309,243
DA:310,243
DA:311,243
DA:312,67
DA:313,229
DA:314,243
DA:315,229
DA:316,19383
DA:317,1
DA:318,1
DA:319,1
DA:320,87
DA:321,87
DA:322,87
DA:323,87
DA:324,3
DA:325,3
DA:326,3
DA:327,3
DA:328,84
DA:329,87
DA:330,1
DA:331,1
DA:332,1
DA:333,1
DA:334,271
DA:335,271
DA:336,271
DA:337,271
DA:338,271
DA:339,271
DA:340,271
DA:341,105
DA:342,105
DA:343,271
DA:344,1
DA:345,1
DA:346,5600
DA:347,5600
DA:348,5600
DA:349,5600
DA:350,5600
DA:351,5600
DA:352,1848
DA:353,5600
DA:354,1
DA:355,1
DA:356,1
DA:357,1790
DA:358,1790
DA:359,1790
DA:360,1790
DA:361,1790
DA:362,1790
DA:363,0
DA:364,0
DA:365,0
DA:366,0
DA:367,0
DA:368,0
DA:369,0
DA:370,1790
DA:371,1790
DA:372,1790
DA:373,1790
DA:374,1790
DA:375,1790
DA:376,1790
DA:377,1790
DA:378,1790
DA:379,148
DA:380,148
DA:381,148
DA:382,1790
DA:383,1790
DA:384,1790
DA:385,1790
DA:386,1790
DA:387,1790
DA:388,1790
DA:389,0
DA:390,0
DA:391,0
DA:392,1790
DA:393,1790
DA:394,1790
DA:395,1790
DA:396,1790
DA:397,1790
DA:398,1790
DA:399,1790
DA:400,1790
DA:401,1790
DA:402,1790
DA:403,1790
DA:404,1141
DA:405,1101
DA:406,1141
DA:407,1790
DA:408,1790
DA:409,1790
DA:410,1790
DA:411,1790
DA:412,1790
DA:413,580
DA:414,1790
DA:415,306
DA:416,1210
DA:417,213
DA:418,904
DA:419,691
DA:420,691
DA:421,691
DA:422,1099
DA:423,1099
DA:424,1790
DA:425,1790
DA:426,1790
DA:427,1099
DA:428,1790
DA:429,1
DA:430,1
DA:431,1
DA:432,89
DA:433,89
DA:434,89
DA:435,89
DA:436,89
DA:437,89
DA:438,89
DA:439,89
DA:440,0
DA:441,89
DA:442,89
DA:443,89
DA:444,89
DA:445,89
DA:446,89
DA:447,89
DA:448,89
DA:449,89
DA:450,89
DA:451,89
DA:452,89
DA:453,89
DA:454,89
DA:455,89
DA:456,12
DA:457,89
DA:458,89
DA:459,89
DA:460,89
DA:461,89
DA:462,89
DA:463,1
DA:464,1
DA:465,1
DA:466,1
DA:467,94
DA:468,94
DA:469,94
DA:470,461
DA:471,94
DA:472,94
DA:473,94
DA:474,94
DA:475,94
DA:476,94
DA:477,1
DA:478,1
DA:479,1
DA:480,1
DA:481,1
DA:482,5
DA:483,5
DA:484,5
DA:485,5
DA:486,5
DA:487,5
DA:488,5
DA:489,15
DA:490,15
DA:491,15
DA:492,15
DA:493,5
DA:494,5
DA:495,15
DA:496,15
DA:497,15
DA:498,15
DA:499,5
DA:500,5
DA:501,5
DA:502,5
DA:503,5
DA:504,5
DA:505,5
DA:506,5
DA:507,5
DA:508,5
DA:509,5
DA:510,5
DA:511,5
DA:512,5
DA:513,5
DA:514,5
DA:515,5
DA:516,5
DA:517,5
DA:518,5
DA:519,1
DA:520,1
DA:521,1
DA:522,0
DA:523,0
DA:524,0
DA:525,0
DA:526,0
DA:527,1
DA:528,1
DA:529,1
DA:530,1
DA:531,1
DA:532,1
DA:533,1
DA:534,1
DA:535,1
DA:536,44
DA:537,44
DA:538,44
DA:539,44
DA:540,0
DA:541,0
DA:542,0
DA:543,44
DA:544,44
DA:545,44
DA:546,44
DA:547,44
DA:548,44
DA:549,44
DA:550,44
DA:551,44
DA:552,44
DA:553,44
DA:554,44
DA:555,44
DA:556,44
DA:557,44
DA:558,44
DA:559,44
DA:560,0
DA:561,0
DA:562,0
DA:563,0
DA:564,0
DA:565,0
DA:566,0
DA:567,0
DA:568,0
DA:569,0
DA:570,0
DA:571,0
DA:572,0
DA:573,0
DA:574,0
DA:575,0
DA:576,0
DA:577,0
DA:578,0
DA:579,0
DA:580,0
DA:581,0
DA:582,0
DA:583,0
DA:584,0
DA:585,0
DA:586,44
DA:587,44
DA:588,44
DA:589,5
DA:590,5
DA:591,0
DA:592,5
DA:593,5
DA:594,5
DA:595,5
DA:596,5
DA:597,5
DA:598,44
DA:599,44
DA:600,44
DA:601,44
DA:602,8
DA:603,8
DA:604,8
DA:605,8
DA:606,44
DA:607,44
DA:608,44
DA:609,44
DA:610,0
DA:611,0
DA:612,0
DA:613,44
DA:614,44
DA:615,44
DA:616,44
DA:617,0
DA:618,0
DA:619,0
DA:620,0
DA:621,0
DA:622,0
DA:623,0
DA:624,44
DA:625,1
DA:626,1
DA:627,1
DA:628,50
DA:629,31
DA:630,31
DA:631,31
DA:632,31
DA:633,31
DA:634,50
DA:635,1
DA:636,1
DA:637,1
DA:638,1
DA:639,1
DA:640,2
DA:641,2
DA:642,2
DA:643,2
DA:644,2
DA:645,2
DA:646,2
DA:647,2
DA:648,2
DA:649,2
DA:650,2
DA:651,2
DA:652,2
DA:653,1
DA:654,1
DA:655,1
DA:656,1
DA:657,1
DA:658,1
DA:659,1
DA:660,1
DA:661,1
DA:662,1
DA:663,1
DA:664,1
DA:665,2
DA:666,2
DA:667,2
DA:668,0
DA:669,0
DA:670,0
DA:671,0
DA:672,0
DA:673,2
DA:674,1
DA:675,1
DA:676,0
DA:677,0
DA:678,1
DA:679,0
DA:680,0
DA:681,2
DA:682,2
DA:683,2
DA:684,2
DA:685,2
DA:686,1
DA:687,1
DA:688,1
DA:689,2
DA:690,2
DA:691,2
DA:692,2
DA:693,2
DA:694,1
DA:695,1
DA:696,1
DA:697,1
DA:698,1
DA:699,3
DA:700,3
DA:701,3
DA:702,0
DA:703,0
DA:704,0
DA:705,2
DA:706,2
DA:707,3
DA:708,0
DA:709,0
DA:710,0
DA:711,3
DA:712,0
DA:713,0
DA:714,3
DA:715,2
DA:716,2
DA:717,2
DA:718,3
DA:719,3
DA:720,1
DA:721,1
DA:722,1
DA:723,1
DA:724,1
DA:725,1
DA:726,1
DA:727,1
DA:728,1
DA:729,1
DA:730,1
DA:731,1
DA:732,1
DA:733,1
DA:734,1
DA:735,1
DA:736,0
DA:737,0
DA:738,1
DA:739,1
DA:740,1
DA:741,1
DA:742,1
DA:743,1
DA:744,1
DA:745,3
DA:746,1
DA:747,1
DA:748,1
DA:749,2
DA:750,2
DA:751,2
DA:752,2
DA:753,1
DA:754,1
DA:755,1
DA:756,2
DA:757,1
DA:758,1
DA:759,1
DA:760,1
DA:761,1
DA:762,1
DA:763,1
DA:764,0
DA:765,0
DA:766,0
DA:767,0
DA:768,1
DA:769,2
DA:770,0
DA:771,0
DA:772,0
DA:773,0
DA:774,0
DA:775,0
DA:776,0
DA:777,0
DA:778,2
DA:779,2
DA:780,2
DA:781,2
DA:782,2
DA:783,2
DA:784,2
DA:785,2
DA:786,1
DA:787,5
DA:788,5
DA:789,5
DA:790,5
DA:791,1
DA:792,1
DA:793,1
DA:794,1
DA:795,0
DA:796,0
DA:797,1
DA:798,1
DA:799,1
DA:800,1
DA:801,0
DA:802,0
LF:802
LH:623
BRDA:1,0,0,1
BRDA:13,1,0,1
BRDA:34,2,0,28699
BRDA:35,3,0,64531
BRDA:35,4,0,1328
BRDA:35,5,0,191
BRDA:35,6,0,64340
BRDA:36,7,0,28508
BRDA:38,8,0,12269
BRDA:39,9,0,44505
BRDA:39,10,0,836
BRDA:39,11,0,162
BRDA:39,12,0,44343
BRDA:40,13,0,12107
BRDA:42,14,0,71317
BRDA:43,15,0,194447
BRDA:43,16,0,4179
BRDA:43,17,0,587
BRDA:43,18,0,193860
BRDA:44,19,0,70730
BRDA:48,20,0,6614
BRDA:49,21,0,19415
BRDA:51,22,0,19384
BRDA:52,23,0,4
BRDA:52,24,0,19382
BRDA:53,25,0,19370
BRDA:53,26,0,1
BRDA:55,27,0,6600
BRDA:86,28,0,287
BRDA:87,29,0,11
BRDA:88,30,0,8
BRDA:88,31,0,3
BRDA:90,32,0,276
BRDA:91,33,0,234
BRDA:91,34,0,42
BRDA:93,35,0,266
BRDA:97,36,0,19383
BRDA:99,37,0,0
BRDA:99,38,0,0
BRDA:99,39,0,0
BRDA:102,40,0,18802
BRDA:102,41,0,1311
BRDA:103,42,0,0
BRDA:104,43,0,660
BRDA:105,44,0,18723
BRDA:105,45,0,15945
BRDA:106,46,0,545
BRDA:106,47,0,542
BRDA:107,48,0,481
BRDA:107,49,0,61
BRDA:108,50,0,15884
BRDA:110,51,0,2839
BRDA:110,52,0,1947
BRDA:111,53,0,1854
BRDA:111,54,0,298
BRDA:111,55,0,1768
BRDA:112,56,0,1768
BRDA:112,57,0,1088
BRDA:112,58,0,822
BRDA:113,59,0,2017
BRDA:114,60,0,0
BRDA:124,61,0,2017
BRDA:128,62,0,1990
BRDA:128,63,0,345
BRDA:128,64,0,243
BRDA:132,65,0,239
BRDA:135,66,0,0
BRDA:145,67,0,0
BRDA:145,68,0,0
BRDA:148,69,0,7
BRDA:149,70,0,4
BRDA:149,71,0,2
BRDA:153,72,0,0
BRDA:154,73,0,1
BRDA:157,74,0,0
BRDA:165,75,0,0
BRDA:169,76,0,0
BRDA:170,77,0,0
BRDA:177,78,0,0
BRDA:178,79,0,0
BRDA:184,80,0,0
BRDA:185,81,0,1
BRDA:186,82,0,0
BRDA:188,83,0,0
BRDA:191,84,0,0
BRDA:198,85,0,3
BRDA:199,86,0,2
BRDA:199,87,0,2
BRDA:199,88,0,1
BRDA:202,89,0,0
BRDA:204,90,0,2
BRDA:205,91,0,2
BRDA:206,92,0,1
BRDA:211,93,0,3
BRDA:214,94,0,0
BRDA:217,95,0,3
BRDA:218,96,0,2
BRDA:218,97,0,2
BRDA:218,98,0,1
BRDA:220,99,0,0
BRDA:222,100,0,2
BRDA:223,101,0,28
BRDA:224,102,0,8
BRDA:224,103,0,6
BRDA:224,104,0,2
BRDA:233,105,0,0
BRDA:233,106,0,0
BRDA:234,107,0,0
BRDA:241,108,0,8
BRDA:242,109,0,2
BRDA:242,110,0,2
BRDA:242,111,0,2
BRDA:247,112,0,0
BRDA:249,113,0,2
BRDA:251,114,0,1
BRDA:251,115,0,1
BRDA:251,116,0,1
BRDA:253,117,0,0
BRDA:254,118,0,0
BRDA:260,119,0,0
BRDA:264,120,0,0
BRDA:265,121,0,5
BRDA:267,122,0,4
BRDA:267,123,0,4
BRDA:267,124,0,4
BRDA:268,125,0,0
BRDA:268,126,0,4
BRDA:270,127,0,3
BRDA:273,128,0,4
BRDA:274,129,0,2
BRDA:274,130,0,1
BRDA:278,131,0,0
BRDA:281,132,0,0
BRDA:282,133,0,0
BRDA:283,134,0,8
BRDA:283,135,0,6
BRDA:283,136,0,2
BRDA:284,137,0,0
BRDA:290,138,0,2
BRDA:291,139,0,1
BRDA:293,140,0,0
BRDA:295,141,0,3
BRDA:296,142,0,0
BRDA:305,143,0,0
BRDA:307,144,0,237
BRDA:309,145,0,152
BRDA:309,146,0,147
BRDA:310,147,0,15
BRDA:311,148,0,70
BRDA:312,149,0,67
BRDA:313,150,0,229
BRDA:314,151,0,22
BRDA:315,152,0,229
BRDA:320,153,0,87
BRDA:322,154,0,0
BRDA:323,155,0,84
BRDA:324,156,0,3
BRDA:325,157,0,0
BRDA:328,158,0,84
BRDA:333,159,0,271
BRDA:335,160,0,0
BRDA:336,161,0,0
BRDA:337,162,0,0
BRDA:338,163,0,8
BRDA:339,164,0,166
BRDA:339,165,0,105
BRDA:340,166,0,101
BRDA:341,167,0,105
BRDA:346,168,0,5600
BRDA:347,169,0,0
BRDA:349,170,0,3523
BRDA:350,171,0,2077
BRDA:350,172,0,171
BRDA:351,173,0,1906
BRDA:351,174,0,238
BRDA:351,175,0,58
BRDA:352,176,0,1848
BRDA:356,177,0,1790
BRDA:359,178,0,0
BRDA:362,179,0,0
BRDA:362,180,0,0
BRDA:373,181,0,616
BRDA:373,182,0,1174
BRDA:373,183,0,1119
BRDA:373,184,0,55
BRDA:374,185,0,448
BRDA:374,186,0,1342
BRDA:374,187,0,983
BRDA:374,188,0,359
BRDA:378,189,0,1696
BRDA:378,190,0,1696
BRDA:378,191,0,152
BRDA:378,192,0,148
BRDA:387,193,0,0
BRDA:387,194,0,0
BRDA:388,195,0,0
BRDA:388,196,0,0
BRDA:398,197,0,0
BRDA:400,198,0,0
BRDA:400,199,0,20
BRDA:400,200,0,1770
BRDA:403,201,0,1141
BRDA:404,202,0,40
BRDA:405,203,0,1101
BRDA:405,204,0,140
BRDA:411,205,0,680
BRDA:411,206,0,640
BRDA:411,207,0,395
BRDA:412,208,0,362
BRDA:412,209,0,580
BRDA:414,210,0,1210
BRDA:414,211,0,1191
BRDA:414,212,0,306
BRDA:416,213,0,904
BRDA:416,214,0,829
BRDA:416,215,0,213
BRDA:418,216,0,691
BRDA:419,217,0,75
BRDA:419,218,0,6
BRDA:422,219,0,1099
BRDA:424,220,0,204
BRDA:425,221,0,1099
BRDA:425,222,0,1099
BRDA:426,223,0,254
BRDA:427,224,0,1099
BRDA:431,225,0,89
BRDA:439,226,0,0
BRDA:447,227,0,0
BRDA:452,228,0,0
BRDA:454,229,0,0
BRDA:455,230,0,77
BRDA:456,231,0,12
BRDA:458,232,0,0
BRDA:458,233,0,0
BRDA:459,234,0,0
BRDA:460,235,0,1
BRDA:466,236,0,94
BRDA:467,237,0,0
BRDA:469,238,0,461
BRDA:471,239,0,95
BRDA:472,240,0,2
BRDA:473,241,0,5
BRDA:475,242,0,5
BRDA:481,243,0,5
BRDA:488,244,0,15
BRDA:490,245,0,8
BRDA:491,246,0,8
BRDA:494,247,0,15
BRDA:496,248,0,10
BRDA:497,249,0,10
BRDA:502,250,0,2
BRDA:503,251,0,2
BRDA:509,252,0,4
BRDA:516,253,0,0
BRDA:535,254,0,44
BRDA:539,255,0,0
BRDA:543,256,0,0
BRDA:547,257,0,0
BRDA:548,258,0,0
BRDA:549,259,0,0
BRDA:550,260,0,0
BRDA:559,261,0,0
BRDA:588,262,0,5
BRDA:590,263,0,0
BRDA:601,264,0,8
BRDA:604,265,0,7
BRDA:608,266,0,29
BRDA:609,267,0,0
BRDA:617,268,0,0
BRDA:627,269,0,50
BRDA:628,270,0,19
BRDA:629,271,0,31
BRDA:631,272,0,59
BRDA:631,273,0,28
BRDA:639,274,0,2
BRDA:640,275,0,0
BRDA:645,276,0,5
BRDA:652,277,0,1
BRDA:660,278,0,0
BRDA:661,279,0,0
BRDA:667,280,0,0
BRDA:673,281,0,1
BRDA:675,282,0,0
BRDA:678,283,0,0
BRDA:684,284,0,1
BRDA:684,285,0,0
BRDA:685,286,0,1
BRDA:698,287,0,3
BRDA:701,288,0,2
BRDA:701,289,0,0
BRDA:705,290,0,2
BRDA:707,291,0,0
BRDA:711,292,0,0
BRDA:711,293,0,0
BRDA:711,294,0,0
BRDA:714,295,0,1
BRDA:714,296,0,2
BRDA:724,297,0,1
BRDA:735,298,0,0
BRDA:745,299,0,3
BRDA:749,300,0,2
BRDA:751,301,0,0
BRDA:752,302,0,1
BRDA:753,303,0,0
BRDA:754,304,0,0
BRDA:756,305,0,1
BRDA:757,306,0,0
BRDA:759,307,0,0
BRDA:761,308,0,0
BRDA:763,309,0,0
BRDA:769,310,0,0
BRDA:778,311,0,0
BRDA:779,312,0,0
BRDA:780,313,0,0
BRDA:781,314,0,0
BRDA:782,315,0,0
BRDA:783,316,0,0
BRDA:787,317,0,5
BRDA:788,318,0,0
BRF:319
BRH:219
end_of_record
TN:
SF:hack/js/pri.js
FN:8,_setPriDeps
FN:13,curs
FN:22,cls
FN:29,home
FN:34,on
FN:48,atl
FN:56,at
FN:65,swallowed
FN:76,docrt
FN:100,pru
FN:108,prl
FN:122,newsym
FN:161,nosee
FN:175,prl1
FN:186,nose1
FN:197,nscr
FN:216,pmon
FN:222,prustr
FN:233,bot
FN:303,pline
FN:336,sprintfSimple
FN:352,panic
FN:362,losehp
FNF:23
FNH:20
FNDA:1,_setPriDeps
FNDA:49678,curs
FNDA:337,cls
FNDA:577,home
FNDA:47789,on
FNDA:13046,atl
FNDA:48329,at
FNDA:0,swallowed
FNDA:129,docrt
FNDA:6451,pru
FNDA:41734,prl
FNDA:6352,newsym
FNDA:11426,nosee
FNDA:3549,prl1
FNDA:3512,nose1
FNDA:6228,nscr
FNDA:0,pmon
FNDA:334,prustr
FNDA:585,bot
FNDA:1189,pline
FNDA:1163,sprintfSimple
FNDA:0,panic
FNDA:1,losehp
DA:1,1
DA:2,1
DA:3,1
DA:4,1
DA:5,1
DA:6,1
DA:7,1
DA:8,1
DA:9,1
DA:10,1
DA:11,1
DA:12,1
DA:13,1
DA:14,49678
DA:15,49678
DA:16,16056
DA:17,16056
DA:18,16056
DA:19,49678
DA:20,1
DA:21,1
DA:22,1
DA:23,337
DA:24,337
DA:25,337
DA:26,337
DA:27,1
DA:28,1
DA:29,1
DA:30,577
DA:31,577
DA:32,1
DA:33,1
DA:34,1
DA:35,47789
DA:36,41434
DA:37,37978
DA:38,41434
DA:39,39224
DA:40,47789
DA:41,6355
DA:42,6355
DA:43,6355
DA:44,6355
DA:45,47789
DA:46,1
DA:47,1
DA:48,1
DA:49,13046
DA:50,13046
DA:51,13046
DA:52,13046
DA:53,13046
DA:54,1
DA:55,1
DA:56,1
DA:57,48329
DA:58,48329
DA:59,48329
DA:60,48329
DA:61,48329
DA:62,48329
DA:63,1
DA:64,1
DA:65,1
DA:66,0
DA:67,0
DA:68,0
DA:69,0
DA:70,0
DA:71,0
DA:72,0
DA:73,0
DA:74,1
DA:75,1
DA:76,1
DA:77,129
DA:78,129
DA:79,129
DA:80,129
DA:81,2838
DA:82,227040
DA:83,227040
DA:84,4977
DA:85,4977
DA:86,4977
DA:87,0
DA:88,4977
DA:89,227040
DA:90,227040
DA:91,2838
DA:92,129
DA:93,129
DA:94,129
DA:95,129
DA:96,129
DA:97,129
DA:98,1
DA:99,1
DA:100,1
DA:101,6451
DA:102,6451
DA:103,6451
DA:104,6451
DA:105,6451
DA:106,1
DA:107,1
DA:108,1
DA:109,41734
DA:110,41734
DA:111,41734
DA:112,41734
DA:113,41734
DA:114,176
DA:115,41734
DA:116,32761
DA:117,32761
DA:118,32761
DA:119,41734
DA:120,1
DA:121,1
DA:122,1
DA:123,6352
DA:124,6352
DA:125,6352
DA:126,6352
DA:127,6330
DA:128,6330
DA:129,6330
DA:130,6323
DA:131,6323
DA:132,6323
DA:133,6294
DA:134,6294
DA:135,6294
DA:136,0
DA:137,0
DA:138,0
DA:139,0
DA:140,0
DA:141,6294
DA:142,6294
DA:143,3010
DA:144,2690
DA:145,2574
DA:146,0
DA:147,3010
DA:148,6294
DA:149,2683
DA:150,2683
DA:151,2683
DA:152,6294
DA:153,6294
DA:154,6294
DA:155,6323
DA:156,6330
DA:157,6352
DA:158,6352
DA:159,1
DA:160,1
DA:161,1
DA:162,11426
DA:163,11426
DA:164,11426
DA:165,11426
DA:166,39
DA:167,39
DA:168,11426
DA:169,1529
DA:170,1529
DA:171,1529
DA:172,11426
DA:173,1
DA:174,1
DA:175,1
DA:176,3549
DA:177,3549
DA:178,2910
DA:179,445
DA:180,445
DA:181,2910
DA:182,3549
DA:183,3549
DA:184,1
DA:185,1
DA:186,1
DA:187,3512
DA:188,3512
DA:189,2892
DA:190,445
DA:191,445
DA:192,2892
DA:193,3512
DA:194,3512
DA:195,1
DA:196,1
DA:197,1
DA:198,6228
DA:199,6228
DA:200,13345
DA:201,54253
DA:202,54253
DA:203,42511
DA:204,42511
DA:205,42511
DA:206,40982
DA:207,42511
DA:208,54253
DA:209,13345
DA:210,6228
DA:211,6228
DA:212,6228
DA:213,6228
DA:214,1
DA:215,1
DA:216,1
DA:217,0
DA:218,0
DA:219,0
DA:220,1
DA:221,1
DA:222,1
DA:223,334
DA:224,334
DA:225,334
DA:226,334
DA:227,329
DA:228,334
DA:229,334
DA:230,334
DA:231,1
DA:232,1
DA:233,1
DA:234,585
DA:235,585
DA:236,585
DA:237,585
DA:238,585
DA:239,327
DA:240,327
DA:241,327
DA:242,327
DA:243,327
DA:244,327
DA:245,327
DA:246,327
DA:247,327
DA:248,327
DA:249,327
DA:250,327
DA:251,327
DA:252,0
DA:253,0
DA:254,0
DA:255,0
DA:256,327
DA:257,327
DA:258,327
DA:259,327
DA:260,327
DA:261,585
DA:262,42
DA:263,42
DA:264,42
DA:265,585
DA:266,158
DA:267,158
DA:268,158
DA:269,585
DA:270,7
DA:271,7
DA:272,7
DA:273,7
DA:274,7
DA:275,585
DA:276,10
DA:277,10
DA:278,10
DA:279,585
DA:280,7
DA:281,7
DA:282,585
DA:283,2
DA:284,2
DA:285,2
DA:286,585
DA:287,46
DA:288,46
DA:289,46
DA:290,585
DA:291,0
DA:292,0
DA:293,0
DA:294,0
DA:295,0
DA:296,0
DA:297,258
DA:298,258
DA:299,585
DA:300,1
DA:301,1
DA:302,1
DA:303,1
DA:304,1189
DA:305,173
DA:306,173
DA:307,173
DA:308,173
DA:309,173
DA:310,1189
DA:311,1016
DA:312,1016
DA:313,1189
DA:314,323
DA:315,323
DA:316,323
DA:317,1189
DA:318,1189
DA:319,586
DA:320,1189
DA:321,577
DA:322,577
DA:323,1163
DA:324,1163
DA:325,1163
DA:326,1163
DA:327,1163
DA:328,1163
DA:329,1163
DA:330,1163
DA:331,1163
DA:332,1163
DA:333,1189
DA:334,1
DA:335,1
DA:336,1163
DA:337,1163
DA:338,1163
DA:339,1260
DA:340,1260
DA:341,1260
DA:342,1260
DA:343,1260
DA:344,1260
DA:345,1260
DA:346,1260
DA:347,1260
DA:348,1163
DA:349,1163
DA:350,1
DA:351,1
DA:352,1
DA:353,0
DA:354,0
DA:355,0
DA:356,0
DA:357,0
DA:358,0
DA:359,0
DA:360,1
DA:361,1
DA:362,1
DA:363,1
DA:364,1
DA:365,1
DA:366,1
LF:366
LH:331
BRDA:1,0,0,1
BRDA:8,1,0,1
BRDA:13,2,0,49678
BRDA:15,3,0,36896
BRDA:15,4,0,33622
BRDA:16,5,0,16056
BRDA:22,6,0,337
BRDA:29,7,0,577
BRDA:34,8,0,47789
BRDA:35,9,0,41434
BRDA:36,10,0,3456
BRDA:37,11,0,37978
BRDA:37,12,0,5688
BRDA:38,13,0,2210
BRDA:39,14,0,39224
BRDA:39,15,0,3982
BRDA:40,16,0,6355
BRDA:48,17,0,13046
BRDA:56,18,0,48329
BRDA:57,19,0,0
BRDA:60,20,0,0
BRDA:76,21,0,129
BRDA:77,22,0,0
BRDA:80,23,0,2838
BRDA:81,24,0,227040
BRDA:83,25,0,4977
BRDA:86,26,0,0
BRDA:89,27,0,222063
BRDA:89,28,0,831
BRDA:100,29,0,6451
BRDA:101,30,0,6249
BRDA:102,31,0,0
BRDA:104,32,0,6235
BRDA:108,33,0,41734
BRDA:111,34,0,37883
BRDA:111,35,0,14699
BRDA:111,36,0,5363
BRDA:112,37,0,36371
BRDA:112,38,0,0
BRDA:113,39,0,182
BRDA:113,40,0,6
BRDA:113,41,0,176
BRDA:115,42,0,36195
BRDA:115,43,0,32761
BRDA:122,44,0,6352
BRDA:125,45,0,0
BRDA:126,46,0,22
BRDA:127,47,0,6330
BRDA:128,48,0,0
BRDA:129,49,0,7
BRDA:130,50,0,6323
BRDA:131,51,0,0
BRDA:132,52,0,33
BRDA:132,53,0,29
BRDA:132,54,0,6294
BRDA:135,55,0,0
BRDA:135,56,0,0
BRDA:141,57,0,601
BRDA:142,58,0,3010
BRDA:143,59,0,559
BRDA:143,60,0,320
BRDA:144,61,0,2690
BRDA:144,62,0,162
BRDA:144,63,0,116
BRDA:145,64,0,2574
BRDA:145,65,0,610
BRDA:145,66,0,26
BRDA:146,67,0,0
BRDA:148,68,0,2683
BRDA:149,69,0,63
BRDA:149,70,0,0
BRDA:152,71,0,0
BRDA:161,72,0,11426
BRDA:164,73,0,0
BRDA:165,74,0,47
BRDA:165,75,0,42
BRDA:165,76,0,39
BRDA:168,77,0,11387
BRDA:168,78,0,1529
BRDA:168,79,0,1529
BRDA:168,80,0,1529
BRDA:169,81,0,0
BRDA:169,82,0,0
BRDA:175,83,0,3549
BRDA:177,84,0,2910
BRDA:178,85,0,445
BRDA:181,86,0,2465
BRDA:182,87,0,639
BRDA:186,88,0,3512
BRDA:188,89,0,2892
BRDA:189,90,0,445
BRDA:192,91,0,2447
BRDA:193,92,0,620
BRDA:197,93,0,6228
BRDA:198,94,0,0
BRDA:199,95,0,13345
BRDA:200,96,0,54253
BRDA:202,97,0,42511
BRDA:205,98,0,1529
BRDA:206,99,0,40982
BRDA:222,100,0,334
BRDA:225,101,0,0
BRDA:226,102,0,5
BRDA:227,103,0,329
BRDA:233,104,0,585
BRDA:238,105,0,327
BRDA:243,106,0,0
BRDA:251,107,0,0
BRDA:261,108,0,258
BRDA:261,109,0,42
BRDA:265,110,0,258
BRDA:265,111,0,158
BRDA:269,112,0,258
BRDA:269,113,0,7
BRDA:273,114,0,1
BRDA:273,115,0,6
BRDA:275,116,0,258
BRDA:275,117,0,10
BRDA:279,118,0,258
BRDA:279,119,0,7
BRDA:282,120,0,258
BRDA:282,121,0,2
BRDA:286,122,0,258
BRDA:286,123,0,46
BRDA:290,124,0,258
BRDA:290,125,0,0
BRDA:297,126,0,258
BRDA:303,127,0,1189
BRDA:304,128,0,173
BRDA:309,129,0,9379
BRDA:309,130,0,9353
BRDA:310,131,0,1016
BRDA:313,132,0,1163
BRDA:313,133,0,323
BRDA:314,134,0,1
BRDA:317,135,0,1163
BRDA:317,136,0,110
BRDA:318,137,0,1163
BRDA:318,138,0,586
BRDA:320,139,0,577
BRDA:323,140,0,1163
BRDA:336,141,0,1163
BRDA:338,142,0,1260
BRDA:340,143,0,0
BRDA:342,144,0,3
BRDA:342,145,0,43
BRDA:343,146,0,0
BRDA:344,147,0,7
BRDA:344,148,0,0
BRDA:345,149,0,1210
BRDA:346,150,0,0
BRDA:362,151,0,1
BRF:152
BRH:126
end_of_record
TN:
SF:hack/js/rng.js
FN:6,rand
FN:20,rn1
FN:28,rn2
FN:36,rnd
FN:43,d
FN:51,seedRng
FN:57,logEvent
FNF:7
FNH:7
FNDA:144369,rand
FNDA:36837,rn1
FNDA:93515,rn2
FNDA:12658,rnd
FNDA:1010,d
FNDA:198,seedRng
FNDA:54057,logEvent
DA:1,1
DA:2,1
DA:3,1
DA:4,1
DA:5,1
DA:6,144369
DA:7,144369
DA:8,144369
DA:9,144369
DA:10,144369
DA:11,144369
DA:12,144369
DA:13,144369
DA:14,144369
DA:15,144369
DA:16,144369
DA:17,1
DA:18,1
DA:19,1
DA:20,1
DA:21,36837
DA:22,36837
DA:23,36837
DA:24,36837
DA:25,1
DA:26,1
DA:27,1
DA:28,1
DA:29,93515
DA:30,93515
DA:31,93515
DA:32,93515
DA:33,1
DA:34,1
DA:35,1
DA:36,1
DA:37,12658
DA:38,12658
DA:39,12658
DA:40,12658
DA:41,1
DA:42,1
DA:43,1
DA:44,1010
DA:45,1010
DA:46,1010
DA:47,1010
DA:48,1010
DA:49,1
DA:50,1
DA:51,1
DA:52,198
DA:53,198
DA:54,1
DA:55,1
DA:56,1
DA:57,1
DA:58,54057
DA:59,54057
LF:59
LH:59
BRDA:1,0,0,1
BRDA:6,1,0,144369
BRDA:20,2,0,36837
BRDA:28,3,0,93515
BRDA:36,4,0,12658
BRDA:43,5,0,1010
BRDA:45,6,0,1359
BRDA:51,7,0,198
BRDA:57,8,0,54057
BRF:9
BRH:9
end_of_record
TN:
SF:hack/test/mock_display.mjs
FN:9,MockDisplay
FN:25,moveCursor
FN:31,putCharAtCursor
FN:40,putChar
FN:47,getChar
FN:55,putString
FN:62,clearToEol
FN:69,clearScreen
FN:80,flush
FN:83,scheduleRender
FN:87,getRows
FNF:11
FNH:8
FNDA:198,MockDisplay
FNDA:18857,moveCursor
FNDA:96766,putCharAtCursor
FNDA:0,putChar
FNDA:0,getChar
FNDA:2628,putString
FNDA:1826,clearToEol
FNDA:337,clearScreen
FNDA:9995,flush
FNDA:0,scheduleRender
FNDA:17760,getRows
DA:1,1
DA:2,1
DA:3,1
DA:4,1
DA:5,1
DA:6,1
DA:7,1
DA:8,1
DA:9,1
DA:10,198
DA:11,198
DA:12,198
DA:13,198
DA:14,198
DA:15,198
DA:16,4950
DA:17,4950
DA:18,198
DA:19,198
DA:20,198
DA:21,198
DA:22,198
DA:23,1
DA:24,1
DA:25,1
DA:26,18857
DA:27,18857
DA:28,18857
DA:29,1
DA:30,1
DA:31,1
DA:32,96766
DA:33,96766
DA:34,96766
DA:35,96766
DA:36,96766
DA:37,96766
DA:38,1
DA:39,1
DA:40,1
DA:41,0
DA:42,0
DA:43,0
DA:44,0
DA:45,1
DA:46,1
DA:47,1
DA:48,0
DA:49,0
DA:50,0
DA:51,0
DA:52,0
DA:53,1
DA:54,1
DA:55,1
DA:56,2628
DA:57,48407
DA:58,48407
DA:59,2628
DA:60,1
DA:61,1
DA:62,1
DA:63,1826
DA:64,146080
DA:65,146080
DA:66,1826
DA:67,1
DA:68,1
DA:69,1
DA:70,337
DA:71,8088
DA:72,647040
DA:73,647040
DA:74,8088
DA:75,337
DA:76,337
DA:77,337
DA:78,1
DA:79,1
DA:80,1
DA:81,1
DA:82,1
DA:83,1
DA:84,1
DA:85,1
DA:86,1
DA:87,1
DA:88,17760
DA:89,17760
DA:90,426240
DA:91,426240
DA:92,426240
DA:93,426240
DA:94,426240
DA:95,426240
DA:96,17760
DA:97,17760
DA:98,1
LF:98
LH:89
BRDA:1,0,0,1
BRDA:9,1,0,198
BRDA:15,2,0,4950
BRDA:25,3,0,18857
BRDA:31,4,0,96766
BRDA:34,5,0,0
BRDA:55,6,0,2628
BRDA:56,7,0,48407
BRDA:62,8,0,1826
BRDA:63,9,0,146080
BRDA:69,10,0,337
BRDA:70,11,0,8088
BRDA:71,12,0,647040
BRDA:80,13,0,9995
BRDA:87,14,0,17760
BRDA:89,15,0,426240
BRDA:93,16,0,25889505
BRDA:93,17,0,25710521
BRF:18
BRH:17
end_of_record
TN:
SF:hack/test/mock_input.mjs
FN:9,MockInput
FN:15,inject
FN:26,injectAll
FN:31,getKey
FN:41,destroy
FNF:5
FNH:1
FNDA:198,MockInput
FNDA:0,inject
FNDA:0,injectAll
FNDA:0,getKey
FNDA:0,destroy
DA:1,1
DA:2,1
DA:3,1
DA:4,1
DA:5,1
DA:6,1
DA:7,1
DA:8,1
DA:9,1
DA:10,198
DA:11,198
DA:12,198
DA:13,1
DA:14,1
DA:15,1
DA:16,0
DA:17,0
DA:18,0
DA:19,0
DA:20,0
DA:21,0
DA:22,0
DA:23,0
DA:24,1
DA:25,1
DA:26,1
DA:27,0
DA:28,0
DA:29,1
DA:30,1
DA:31,1
DA:32,0
DA:33,0
DA:34,0
DA:35,0
DA:36,0
DA:37,0
DA:38,0
DA:39,1
DA:40,1
DA:41,1
DA:42,1
LF:42
LH:25
BRDA:1,0,0,1
BRDA:9,1,0,198
BRF:2
BRH:2
end_of_record
TN:
SF:hack/test/node_runner.mjs
FN:38,SessionDone
FN:43,wireDeps
FN:78,runSession
FN:101,input.getKey
FNF:4
FNH:4
FNDA:79,SessionDone
FNDA:198,wireDeps
FNDA:198,runSession
FNDA:17760,input.getKey
DA:1,1
DA:2,1
DA:3,1
DA:4,1
DA:5,1
DA:6,1
DA:7,1
DA:8,1
DA:9,1
DA:10,1
DA:11,1
DA:12,1
DA:13,1
DA:14,1
DA:15,1
DA:16,1
DA:17,1
DA:18,1
DA:19,1
DA:20,1
DA:21,1
DA:22,1
DA:23,1
DA:24,1
DA:25,1
DA:26,1
DA:27,1
DA:28,1
DA:29,1
DA:30,1
DA:31,1
DA:32,1
DA:33,1
DA:34,1
DA:35,1
DA:36,1
DA:37,1
DA:38,1
DA:39,1
DA:40,1
DA:41,1
DA:42,1
DA:43,198
DA:44,198
DA:45,1
DA:46,1
DA:47,1
DA:48,1
DA:49,66802
DA:50,66802
DA:51,66802
DA:52,45511
DA:53,0
DA:54,1
DA:55,1
DA:56,1
DA:57,1
DA:58,1
DA:59,1
DA:60,1
DA:61,1
DA:62,1
DA:63,1
DA:64,1
DA:65,1
DA:66,1
DA:67,198
DA:68,1
DA:69,1
DA:70,1
DA:71,1
DA:72,1
DA:73,1
DA:74,1
DA:75,1
DA:76,1
DA:77,1
DA:78,1
DA:79,198
DA:80,198
DA:81,198
DA:82,198
DA:83,198
DA:84,198
DA:85,198
DA:86,198
DA:87,198
DA:88,198
DA:89,198
DA:90,198
DA:91,198
DA:92,198
DA:93,198
DA:94,198
DA:95,198
DA:96,198
DA:97,198
DA:98,198
DA:99,198
DA:100,198
DA:101,198
DA:102,17760
DA:103,17760
DA:104,17760
DA:105,17760
DA:106,17760
DA:107,17760
DA:108,79
DA:109,79
DA:110,79
DA:111,17681
DA:112,17681
DA:113,17681
DA:114,17681
DA:115,17681
DA:116,198
DA:117,198
DA:118,198
DA:119,198
DA:120,198
DA:121,198
DA:122,198
DA:123,198
DA:124,0
DA:125,0
DA:126,198
DA:127,198
DA:128,198
DA:129,1584
DA:130,11088
DA:131,11088
DA:132,1584
DA:133,198
DA:134,198
DA:135,198
DA:136,198
LF:136
LH:133
BRDA:1,0,0,1
BRDA:38,1,0,79
BRDA:43,2,0,198
BRDA:44,3,0,197
BRDA:45,4,0,1
BRDA:48,5,0,66802
BRDA:49,6,0,4607
BRDA:50,7,0,62195
BRDA:50,8,0,10339
BRDA:51,9,0,51856
BRDA:51,10,0,6345
BRDA:52,11,0,45511
BRDA:53,12,0,0
BRDA:78,13,0,198
BRDA:120,14,0,0
BRDA:121,15,0,119
BRDA:123,16,0,0
BRDA:128,17,0,1584
BRDA:129,18,0,11088
BRDA:83,19,0,1584
BRDA:83,20,0,11088
BRDA:83,21,0,0
BRDA:101,22,0,17760
BRDA:107,23,0,79
BRDA:111,24,0,17681
BRF:25
BRH:21
end_of_record
TN:
SF:hack/test/replay_test.mjs
FN:28,normalizeC
FN:42,compareScreens
FN:63,rngNums
FN:68,compareRng
FN:87,rngEvents
FN:97,replaySession
FN:185,nearEvts
FN:209,main
FNF:8
FNH:6
FNDA:424344,normalizeC
FNDA:17681,compareScreens
FNDA:35362,rngNums
FNDA:17681,compareRng
FNDA:0,rngEvents
FNDA:198,replaySession
FNDA:0,nearEvts
FNDA:1,main
DA:1,1
DA:2,1
DA:3,1
DA:4,1
DA:5,1
DA:6,1
DA:7,1
DA:8,1
DA:9,1
DA:10,1
DA:11,1
DA:12,1
DA:13,1
DA:14,1
DA:15,1
DA:16,1
DA:17,1
DA:18,1
DA:19,1
DA:20,1
DA:21,1
DA:22,1
DA:23,1
DA:24,1
DA:25,1
DA:26,1
DA:27,1
DA:28,424344
DA:29,424344
DA:30,424344
DA:31,8356413
DA:32,8356413
DA:33,8356413
DA:34,8356413
DA:35,8356413
DA:36,8356413
DA:37,424344
DA:38,424344
DA:39,1
DA:40,1
DA:41,1
DA:42,17681
DA:43,17681
DA:44,17681
DA:45,17681
DA:46,17681
DA:47,17681
DA:48,17681
DA:49,424344
DA:50,424344
DA:51,424344
DA:52,424344
DA:53,33947520
DA:54,33947520
DA:55,424344
DA:56,3
DA:57,3
DA:58,424344
DA:59,17681
DA:60,17681
DA:61,1
DA:62,1
DA:63,35362
DA:64,35362
DA:65,35362
DA:66,1
DA:67,1
DA:68,17681
DA:69,17681
DA:70,17681
DA:71,17681
DA:72,17681
DA:73,17681
DA:74,143311
DA:75,143311
DA:76,17681
DA:77,17681
DA:78,17681
DA:79,17681
DA:80,17681
DA:81,17681
DA:82,17681
DA:83,17681
DA:84,1
DA:85,1
DA:86,1
DA:87,0
DA:88,0
DA:89,0
DA:90,0
DA:91,0
DA:92,0
DA:93,0
DA:94,0
DA:95,0
DA:96,1
DA:97,198
DA:98,198
DA:99,198
DA:100,198
DA:101,198
DA:102,198
DA:103,198
DA:104,0
DA:105,0
DA:106,198
DA:107,198
DA:108,198
DA:109,198
DA:110,198
DA:111,198
DA:112,198
DA:113,0
DA:114,0
DA:115,198
DA:116,198
DA:117,198
DA:118,198
DA:119,198
DA:120,198
DA:121,198
DA:122,198
DA:123,198
DA:124,198
DA:125,198
DA:126,17681
DA:127,17681
DA:128,17681
DA:129,17681
DA:130,17681
DA:131,17681
DA:132,17681
DA:133,2
DA:134,2
DA:135,17681
DA:136,17681
DA:137,17681
DA:138,17681
DA:139,17681
DA:140,17681
DA:141,17681
DA:142,17681
DA:143,17681
DA:144,17681
DA:145,5
DA:146,5
DA:147,17681
DA:148,17681
DA:149,0
DA:150,0
DA:151,17681
DA:152,198
DA:153,198
DA:154,198
DA:155,198
DA:156,198
DA:157,198
DA:158,198
DA:159,198
DA:160,198
DA:161,198
DA:162,198
DA:163,198
DA:164,198
DA:165,198
DA:166,198
DA:167,198
DA:168,198
DA:169,198
DA:170,198
DA:171,198
DA:172,0
DA:173,0
DA:174,0
DA:175,0
DA:176,0
DA:177,0
DA:178,0
DA:179,0
DA:180,0
DA:181,0
DA:182,0
DA:183,0
DA:184,0
DA:185,0
DA:186,0
DA:187,0
DA:188,0
DA:189,0
DA:190,0
DA:191,0
DA:192,0
DA:193,0
DA:194,0
DA:195,0
DA:196,0
DA:197,0
DA:198,0
DA:199,0
DA:200,0
DA:201,0
DA:202,0
DA:203,0
DA:204,0
DA:205,198
DA:206,198
DA:207,198
DA:208,1
DA:209,1
DA:210,1
DA:211,1
DA:212,1
DA:213,1
DA:214,1
DA:215,1
DA:216,0
DA:217,0
DA:218,0
DA:219,0
DA:220,1
DA:221,1
DA:222,1
DA:223,1
DA:224,1
DA:225,198
DA:226,198
DA:227,1
DA:228,0
DA:229,0
DA:230,1
DA:231,1
DA:232,198
DA:233,198
DA:234,198
DA:235,1
DA:236,1
DA:237,1
LF:237
LH:183
BRDA:1,0,0,1
BRDA:28,1,0,424344
BRDA:30,2,0,8356413
BRDA:32,3,0,0
BRDA:33,4,0,0
BRDA:34,5,0,0
BRDA:42,6,0,17681
BRDA:48,7,0,424344
BRDA:49,8,0,246171
BRDA:50,9,0,246171
BRDA:52,10,0,33947520
BRDA:53,11,0,33947517
BRDA:55,12,0,3
BRDA:63,13,0,35362
BRDA:64,14,0,396484
BRDA:68,15,0,17681
BRDA:73,16,0,143311
BRDA:74,17,0,14
BRDA:76,18,0,17667
BRDA:76,19,0,5
BRDA:97,20,0,198
BRDA:99,21,0,0
BRDA:103,22,0,0
BRDA:112,23,0,0
BRDA:125,24,0,17681
BRDA:132,25,0,3
BRDA:132,26,0,2
BRDA:136,27,0,0
BRDA:137,28,0,0
BRDA:140,29,0,17662
BRDA:140,30,0,19
BRDA:141,31,0,0
BRDA:144,32,0,19
BRDA:144,33,0,5
BRDA:148,34,0,0
BRDA:153,35,0,0
BRDA:154,36,0,0
BRDA:155,37,0,196
BRDA:171,38,0,0
BRDA:107,39,0,17681
BRDA:209,40,0,1
BRDA:215,41,0,0
BRDA:215,42,0,0
BRDA:223,43,0,0
BRDA:224,44,0,198
BRDA:227,45,0,0
BRDA:231,46,0,198
BRDA:213,47,0,2
BRF:48
BRH:31
end_of_record
